[0.090s] Invoking command in '/home/vishu/ros_hw_ws/build/diffdrive_pi_arduino': CMAKE_PREFIX_PATH=/home/vishu/ros_hw_ws/install/serial:/home/vishu/ros_hw_ws/install/diffdrive_arduino:/home/vishu/ros_hw_ws/install/fl_robot_py:/home/vishu/ros_hw_ws/install/convert_cmd_vel:/opt/ros/humble /usr/bin/cmake /home/vishu/ros_hw_ws/src/diffdrive_pi_arduino -DAMENT_CMAKE_SYMLINK_INSTALL=1 -DCMAKE_INSTALL_PREFIX=/home/vishu/ros_hw_ws/install/diffdrive_pi_arduino
[0.193s] -- The C compiler identification is GNU 11.4.0
[0.263s] -- The CXX compiler identification is GNU 11.4.0
[0.270s] -- Detecting C compiler ABI info
[0.340s] -- Detecting C compiler ABI info - done
[0.349s] -- Check for working C compiler: /usr/bin/cc - skipped
[0.349s] -- Detecting C compile features
[0.350s] -- Detecting C compile features - done
[0.353s] -- Detecting CXX compiler ABI info
[0.409s] -- Detecting CXX compiler ABI info - done
[0.414s] -- Check for working CXX compiler: /usr/bin/c++ - skipped
[0.414s] -- Detecting CXX compile features
[0.414s] -- Detecting CXX compile features - done
[0.418s] -- Found ament_cmake: 1.3.5 (/opt/ros/humble/share/ament_cmake/cmake)
[0.526s] -- Found Python3: /usr/bin/python3.10 (found version "3.10.12") found components: Interpreter 
[0.568s] -- Override CMake install command with custom implementation using symlinks instead of copying resources
[0.596s] -- Found serial: 1.2.1 (/home/vishu/ros_hw_ws/install/serial/share/serial/cmake)
[0.598s] -- Found hardware_interface: 2.32.0 (/opt/ros/humble/share/hardware_interface/cmake)
[0.635s] -- Found rosidl_generator_c: 3.1.5 (/opt/ros/humble/share/rosidl_generator_c/cmake)
[0.639s] -- Found rosidl_adapter: 3.1.5 (/opt/ros/humble/share/rosidl_adapter/cmake)
[0.647s] -- Found rosidl_generator_cpp: 3.1.5 (/opt/ros/humble/share/rosidl_generator_cpp/cmake)
[0.657s] -- Using all available rosidl_typesupport_c: rosidl_typesupport_fastrtps_c;rosidl_typesupport_introspection_c
[0.671s] -- Using all available rosidl_typesupport_cpp: rosidl_typesupport_fastrtps_cpp;rosidl_typesupport_introspection_cpp
[1.132s] -- Found rmw_implementation_cmake: 6.1.1 (/opt/ros/humble/share/rmw_implementation_cmake/cmake)
[1.135s] -- Found rmw_fastrtps_cpp: 6.2.4 (/opt/ros/humble/share/rmw_fastrtps_cpp/cmake)
[1.208s] -- Found OpenSSL: /usr/lib/x86_64-linux-gnu/libcrypto.so (found version "3.0.2")  
[1.228s] -- Found FastRTPS: /opt/ros/humble/include  
[1.261s] -- Using RMW implementation 'rmw_fastrtps_cpp' as default
[1.270s] -- Looking for pthread.h
[1.330s] -- Looking for pthread.h - found
[1.330s] -- Performing Test CMAKE_HAVE_LIBC_PTHREAD
[1.382s] -- Performing Test CMAKE_HAVE_LIBC_PTHREAD - Success
[1.383s] -- Found Threads: TRUE  
[1.486s] -- Found controller_manager: 2.32.0 (/opt/ros/humble/share/controller_manager/cmake)
[2.224s] [31mCMake Error at /opt/ros/humble/share/ament_cmake_core/cmake/symlink_install/ament_cmake_symlink_install_targets.cmake:67 (message):
[2.225s]   ament_cmake_symlink_install_targets() 'diffdrive_arduino' is not a target
[2.225s] Call Stack (most recent call first):
[2.225s]   /opt/ros/humble/share/ament_cmake_core/cmake/symlink_install/install.cmake:37 (ament_cmake_symlink_install_targets)
[2.225s]   CMakeLists.txt:67 (install)
[2.225s] 
[2.225s] [0m
[2.225s] -- Configuring incomplete, errors occurred!
[2.225s] See also "/home/vishu/ros_hw_ws/build/diffdrive_pi_arduino/CMakeFiles/CMakeOutput.log".
[2.232s] Invoked command in '/home/vishu/ros_hw_ws/build/diffdrive_pi_arduino' returned '1': CMAKE_PREFIX_PATH=/home/vishu/ros_hw_ws/install/serial:/home/vishu/ros_hw_ws/install/diffdrive_arduino:/home/vishu/ros_hw_ws/install/fl_robot_py:/home/vishu/ros_hw_ws/install/convert_cmd_vel:/opt/ros/humble /usr/bin/cmake /home/vishu/ros_hw_ws/src/diffdrive_pi_arduino -DAMENT_CMAKE_SYMLINK_INSTALL=1 -DCMAKE_INSTALL_PREFIX=/home/vishu/ros_hw_ws/install/diffdrive_pi_arduino
