[0.044s] Invoking command in '/home/vishu/ros_hw_ws/build/diffdrive_pi_arduino': CMAKE_PREFIX_PATH=/home/vishu/ros_hw_ws/install/serial:/home/vishu/ros_hw_ws/install/diffdrive_pi_arduino:/home/vishu/ros_hw_ws/install/diffdrive_arduino:/home/vishu/ros_hw_ws/install/fl_robot_py:/home/vishu/ros_hw_ws/install/convert_cmd_vel:/opt/ros/humble /usr/bin/cmake --build /home/vishu/ros_hw_ws/build/diffdrive_pi_arduino -- -j8 -l8
[0.074s] [35m[1mConsolidate compiler generated dependencies of target diffdrive_pi_arduino[0m
[0.084s] [ 42%] Built target fake_robot
[0.088s] [ 57%] [32mBuilding CXX object CMakeFiles/diffdrive_pi_arduino.dir/src/arduino_pi_comms.cpp.o[0m
[0.224s] [01m[K/home/vishu/ros_hw_ws/src/diffdrive_pi_arduino/src/arduino_pi_comms.cpp:49:34:[m[K [01;35m[Kwarning: [m[Kmissing terminating " character
[0.224s]    49 |             RCLCPP_INFO(logger_, [01;35m[K"[m[Kserver_reply);
[0.224s]       |                                  [01;35m[K^[m[K
[0.224s] [01m[K/home/vishu/ros_hw_ws/src/diffdrive_pi_arduino/src/arduino_pi_comms.cpp:117:2:[m[K [01;31m[Kerror: [m[Kunterminated argument list invoking macro "RCLCPP_INFO"
[0.224s]   117 | }
[0.224s]       |  [01;31m[K^[m[K
[1.564s] [01m[K/home/vishu/ros_hw_ws/src/diffdrive_pi_arduino/src/arduino_pi_comms.cpp:[m[K In member function ‘[01m[Kbool ArduinoComms::waitForPi()[m[K’:
[1.564s] [01m[K/home/vishu/ros_hw_ws/src/diffdrive_pi_arduino/src/arduino_pi_comms.cpp:49:13:[m[K [01;31m[Kerror: [m[K‘[01m[KRCLCPP_INFO[m[K’ was not declared in this scope
[1.564s]    49 |             [01;31m[KRCLCPP_INFO[m[K(logger_, "server_reply);
[1.564s]       |             [01;31m[K^~~~~~~~~~~[m[K
[1.564s] [01m[K/home/vishu/ros_hw_ws/src/diffdrive_pi_arduino/src/arduino_pi_comms.cpp:49:24:[m[K [01;31m[Kerror: [m[Kexpected ‘[01m[K}[m[K’ at end of input
[1.564s]    49 |             RCLCPP_INFO[01;31m[K([m[Klogger_, "server_reply);
[1.564s]       |                        [01;31m[K^[m[K
[1.564s] [01m[K/home/vishu/ros_hw_ws/src/diffdrive_pi_arduino/src/arduino_pi_comms.cpp:46:28:[m[K [01;36m[Knote: [m[Kto match this ‘[01m[K{[m[K’
[1.564s]    46 |                 if (n > 0) [01;36m[K{[m[K
[1.564s]       |                            [01;36m[K^[m[K
[1.564s] [01m[K/home/vishu/ros_hw_ws/src/diffdrive_pi_arduino/src/arduino_pi_comms.cpp:49:24:[m[K [01;31m[Kerror: [m[Kexpected ‘[01m[K}[m[K’ at end of input
[1.564s]    49 |             RCLCPP_INFO[01;31m[K([m[Klogger_, "server_reply);
[1.564s]       |                        [01;31m[K^[m[K
[1.564s] [01m[K/home/vishu/ros_hw_ws/src/diffdrive_pi_arduino/src/arduino_pi_comms.cpp:44:24:[m[K [01;36m[Knote: [m[Kto match this ‘[01m[K{[m[K’
[1.564s]    44 |         while (!ready) [01;36m[K{[m[K
[1.564s]       |                        [01;36m[K^[m[K
[1.564s] [01m[K/home/vishu/ros_hw_ws/src/diffdrive_pi_arduino/src/arduino_pi_comms.cpp:49:24:[m[K [01;31m[Kerror: [m[Kexpected ‘[01m[K}[m[K’ at end of input
[1.564s]    49 |             RCLCPP_INFO[01;31m[K([m[Klogger_, "server_reply);
[1.564s]       |                        [01;31m[K^[m[K
[1.564s] [01m[K/home/vishu/ros_hw_ws/src/diffdrive_pi_arduino/src/arduino_pi_comms.cpp:40:32:[m[K [01;36m[Knote: [m[Kto match this ‘[01m[K{[m[K’
[1.564s]    40 | bool ArduinoComms::waitForPi() [01;36m[K{[m[K
[1.565s]       |                                [01;36m[K^[m[K
[1.565s] [01m[K/home/vishu/ros_hw_ws/src/diffdrive_pi_arduino/src/arduino_pi_comms.cpp:49:24:[m[K [01;35m[Kwarning: [m[Kno return statement in function returning non-void [[01;35m[K]8;;https://gcc.gnu.org/onlinedocs/gcc/Warning-Options.html#index-Wreturn-type-Wreturn-type]8;;[m[K]
[1.565s]    49 |             RCLCPP_INFO[01;35m[K([m[Klogger_, "server_reply);
[1.565s]       |                        [01;35m[K^[m[K
[1.839s] gmake[2]: *** [CMakeFiles/diffdrive_pi_arduino.dir/build.make:104: CMakeFiles/diffdrive_pi_arduino.dir/src/arduino_pi_comms.cpp.o] Error 1
[1.839s] gmake[1]: *** [CMakeFiles/Makefile2:139: CMakeFiles/diffdrive_pi_arduino.dir/all] Error 2
[1.840s] gmake: *** [Makefile:146: all] Error 2
[1.841s] Invoked command in '/home/vishu/ros_hw_ws/build/diffdrive_pi_arduino' returned '2': CMAKE_PREFIX_PATH=/home/vishu/ros_hw_ws/install/serial:/home/vishu/ros_hw_ws/install/diffdrive_pi_arduino:/home/vishu/ros_hw_ws/install/diffdrive_arduino:/home/vishu/ros_hw_ws/install/fl_robot_py:/home/vishu/ros_hw_ws/install/convert_cmd_vel:/opt/ros/humble /usr/bin/cmake --build /home/vishu/ros_hw_ws/build/diffdrive_pi_arduino -- -j8 -l8
