[0.042s] Invoking command in '/home/vishu/ros_hw_ws/build/real_robot01': CMAKE_PREFIX_PATH=${CMAKE_PREFIX_PATH}:/home/vishu/ros_hw_ws/install/convert_cmd_vel:/opt/ros/humble /usr/bin/cmake --build /home/vishu/ros_hw_ws/build/real_robot01 -- -j8 -l8
[0.066s] Invoked command in '/home/vishu/ros_hw_ws/build/real_robot01' returned '0': CMAKE_PREFIX_PATH=${CMAKE_PREFIX_PATH}:/home/vishu/ros_hw_ws/install/convert_cmd_vel:/opt/ros/humble /usr/bin/cmake --build /home/vishu/ros_hw_ws/build/real_robot01 -- -j8 -l8
[0.085s] Invoking command in '/home/vishu/ros_hw_ws/build/real_robot01': CMAKE_PREFIX_PATH=${CMAKE_PREFIX_PATH}:/home/vishu/ros_hw_ws/install/convert_cmd_vel:/opt/ros/humble /usr/bin/cmake --install /home/vishu/ros_hw_ws/build/real_robot01
[0.093s] -- Install configuration: ""
[0.093s] -- Execute custom install script
[0.093s] -- Up-to-date symlink: /home/vishu/ros_hw_ws/install/real_robot01/share/real_robot01//launch/launch_robot01.launch.py
[0.093s] -- Up-to-date symlink: /home/vishu/ros_hw_ws/install/real_robot01/share/real_robot01//launch/rsp_no_pub.launch.py
[0.093s] -- Up-to-date symlink: /home/vishu/ros_hw_ws/install/real_robot01/share/real_robot01//urdf/camera20230324.xacro
[0.094s] -- Up-to-date symlink: /home/vishu/ros_hw_ws/install/real_robot01/share/real_robot01//urdf/robot.urdf.xacro
[0.094s] -- Up-to-date symlink: /home/vishu/ros_hw_ws/install/real_robot01/share/real_robot01//urdf/robot_core.xacro
[0.094s] -- Up-to-date symlink: /home/vishu/ros_hw_ws/install/real_robot01/share/real_robot01//urdf/ros2_control.xacro
[0.094s] -- Symlinking: /home/vishu/ros_hw_ws/install/real_robot01/share/real_robot01//rviz/default.rviz
[0.100s] -- Up-to-date symlink: /home/vishu/ros_hw_ws/install/real_robot01/share/real_robot01//params/nav2_params.yaml
[0.100s] -- Up-to-date symlink: /home/vishu/ros_hw_ws/install/real_robot01/share/real_robot01//config/ekf.yaml
[0.100s] -- Up-to-date symlink: /home/vishu/ros_hw_ws/install/real_robot01/share/real_robot01//config/my_controllers.yaml
[0.100s] -- Up-to-date symlink: /home/vishu/ros_hw_ws/install/real_robot01/share/real_robot01//maps/F19.pgm
[0.101s] -- Up-to-date symlink: /home/vishu/ros_hw_ws/install/real_robot01/share/real_robot01//maps/f19.yaml
[0.101s] -- Up-to-date symlink: /home/vishu/ros_hw_ws/install/real_robot01/share/ament_index/resource_index/package_run_dependencies/real_robot01
[0.101s] -- Up-to-date symlink: /home/vishu/ros_hw_ws/install/real_robot01/share/ament_index/resource_index/parent_prefix_path/real_robot01
[0.101s] -- Up-to-date symlink: /home/vishu/ros_hw_ws/install/real_robot01/share/real_robot01/environment/ament_prefix_path.sh
[0.101s] -- Up-to-date symlink: /home/vishu/ros_hw_ws/install/real_robot01/share/real_robot01/environment/ament_prefix_path.dsv
[0.101s] -- Up-to-date symlink: /home/vishu/ros_hw_ws/install/real_robot01/share/real_robot01/environment/path.sh
[0.101s] -- Up-to-date symlink: /home/vishu/ros_hw_ws/install/real_robot01/share/real_robot01/environment/path.dsv
[0.101s] -- Up-to-date symlink: /home/vishu/ros_hw_ws/install/real_robot01/share/real_robot01/local_setup.bash
[0.101s] -- Up-to-date symlink: /home/vishu/ros_hw_ws/install/real_robot01/share/real_robot01/local_setup.sh
[0.101s] -- Up-to-date symlink: /home/vishu/ros_hw_ws/install/real_robot01/share/real_robot01/local_setup.zsh
[0.102s] -- Up-to-date symlink: /home/vishu/ros_hw_ws/install/real_robot01/share/real_robot01/local_setup.dsv
[0.102s] -- Symlinking: /home/vishu/ros_hw_ws/install/real_robot01/share/real_robot01/package.dsv
[0.109s] -- Up-to-date symlink: /home/vishu/ros_hw_ws/install/real_robot01/share/ament_index/resource_index/packages/real_robot01
[0.109s] -- Up-to-date symlink: /home/vishu/ros_hw_ws/install/real_robot01/share/real_robot01/cmake/real_robot01Config.cmake
[0.109s] -- Up-to-date symlink: /home/vishu/ros_hw_ws/install/real_robot01/share/real_robot01/cmake/real_robot01Config-version.cmake
[0.109s] -- Up-to-date symlink: /home/vishu/ros_hw_ws/install/real_robot01/share/real_robot01/package.xml
[0.111s] Invoked command in '/home/vishu/ros_hw_ws/build/real_robot01' returned '0': CMAKE_PREFIX_PATH=${CMAKE_PREFIX_PATH}:/home/vishu/ros_hw_ws/install/convert_cmd_vel:/opt/ros/humble /usr/bin/cmake --install /home/vishu/ros_hw_ws/build/real_robot01
