[0.060s] Invoking command in '/home/vishu/ros_hw_ws/build/diffdrive_pi_arduino': CMAKE_PREFIX_PATH=/home/vishu/ros_hw_ws/install/serial:/home/vishu/ros_hw_ws/install/diffdrive_pi_arduino:/home/vishu/ros_hw_ws/install/diffdrive_arduino:/home/vishu/ros_hw_ws/install/fl_robot_py:/home/vishu/ros_hw_ws/install/convert_cmd_vel:/opt/ros/humble /usr/bin/cmake --build /home/vishu/ros_hw_ws/build/diffdrive_pi_arduino -- -j8 -l8
[0.105s] [35m[1mConsolidate compiler generated dependencies of target diffdrive_pi_arduino[0m
[0.115s] [ 42%] Built target fake_robot
[0.121s] [100%] Built target diffdrive_pi_arduino
[0.129s] Invoked command in '/home/vishu/ros_hw_ws/build/diffdrive_pi_arduino' returned '0': CMAKE_PREFIX_PATH=/home/vishu/ros_hw_ws/install/serial:/home/vishu/ros_hw_ws/install/diffdrive_pi_arduino:/home/vishu/ros_hw_ws/install/diffdrive_arduino:/home/vishu/ros_hw_ws/install/fl_robot_py:/home/vishu/ros_hw_ws/install/convert_cmd_vel:/opt/ros/humble /usr/bin/cmake --build /home/vishu/ros_hw_ws/build/diffdrive_pi_arduino -- -j8 -l8
[0.157s] Invoking command in '/home/vishu/ros_hw_ws/build/diffdrive_pi_arduino': CMAKE_PREFIX_PATH=/home/vishu/ros_hw_ws/install/serial:/home/vishu/ros_hw_ws/install/diffdrive_pi_arduino:/home/vishu/ros_hw_ws/install/diffdrive_arduino:/home/vishu/ros_hw_ws/install/fl_robot_py:/home/vishu/ros_hw_ws/install/convert_cmd_vel:/opt/ros/humble /usr/bin/cmake --install /home/vishu/ros_hw_ws/build/diffdrive_pi_arduino
[0.163s] -- Install configuration: ""
[0.164s] -- Execute custom install script
[0.164s] -- Up-to-date symlink: /home/vishu/ros_hw_ws/install/diffdrive_pi_arduino/share/diffdrive_pi_arduino//robot_hardware.xml
[0.164s] -- Up-to-date symlink: /home/vishu/ros_hw_ws/install/diffdrive_pi_arduino/share/diffdrive_pi_arduino//fake_robot_hardware.xml
[0.164s] -- Up-to-date symlink: /home/vishu/ros_hw_ws/install/diffdrive_pi_arduino/lib/libdiffdrive_pi_arduino.so
[0.164s] -- Up-to-date symlink: /home/vishu/ros_hw_ws/install/diffdrive_pi_arduino/lib/libfake_robot.so
[0.165s] -- Up-to-date symlink: /home/vishu/ros_hw_ws/install/diffdrive_pi_arduino/share/diffdrive_pi_arduino/controllers/robot_controller_example.yaml
[0.165s] -- Up-to-date symlink: /home/vishu/ros_hw_ws/install/diffdrive_pi_arduino/share/diffdrive_pi_arduino/fake_robot.launch.py
[0.165s] -- Up-to-date symlink: /home/vishu/ros_hw_ws/install/diffdrive_pi_arduino/share/diffdrive_pi_arduino/test_robot.launch.py
[0.165s] -- Up-to-date symlink: /home/vishu/ros_hw_ws/install/diffdrive_pi_arduino/share/diffdrive_pi_arduino/environment/library_path.sh
[0.165s] -- Up-to-date symlink: /home/vishu/ros_hw_ws/install/diffdrive_pi_arduino/share/diffdrive_pi_arduino/environment/library_path.dsv
[0.165s] -- Up-to-date symlink: /home/vishu/ros_hw_ws/install/diffdrive_pi_arduino/share/ament_index/resource_index/package_run_dependencies/diffdrive_pi_arduino
[0.165s] -- Up-to-date symlink: /home/vishu/ros_hw_ws/install/diffdrive_pi_arduino/share/ament_index/resource_index/parent_prefix_path/diffdrive_pi_arduino
[0.166s] -- Up-to-date symlink: /home/vishu/ros_hw_ws/install/diffdrive_pi_arduino/share/diffdrive_pi_arduino/environment/ament_prefix_path.sh
[0.166s] -- Up-to-date symlink: /home/vishu/ros_hw_ws/install/diffdrive_pi_arduino/share/diffdrive_pi_arduino/environment/ament_prefix_path.dsv
[0.166s] -- Up-to-date symlink: /home/vishu/ros_hw_ws/install/diffdrive_pi_arduino/share/diffdrive_pi_arduino/environment/path.sh
[0.166s] -- Up-to-date symlink: /home/vishu/ros_hw_ws/install/diffdrive_pi_arduino/share/diffdrive_pi_arduino/environment/path.dsv
[0.166s] -- Up-to-date symlink: /home/vishu/ros_hw_ws/install/diffdrive_pi_arduino/share/diffdrive_pi_arduino/local_setup.bash
[0.166s] -- Up-to-date symlink: /home/vishu/ros_hw_ws/install/diffdrive_pi_arduino/share/diffdrive_pi_arduino/local_setup.sh
[0.166s] -- Up-to-date symlink: /home/vishu/ros_hw_ws/install/diffdrive_pi_arduino/share/diffdrive_pi_arduino/local_setup.zsh
[0.166s] -- Up-to-date symlink: /home/vishu/ros_hw_ws/install/diffdrive_pi_arduino/share/diffdrive_pi_arduino/local_setup.dsv
[0.166s] -- Symlinking: /home/vishu/ros_hw_ws/install/diffdrive_pi_arduino/share/diffdrive_pi_arduino/package.dsv
[0.173s] -- Up-to-date symlink: /home/vishu/ros_hw_ws/install/diffdrive_pi_arduino/share/ament_index/resource_index/packages/diffdrive_pi_arduino
[0.173s] -- Up-to-date symlink: /home/vishu/ros_hw_ws/install/diffdrive_pi_arduino/share/ament_index/resource_index/hardware_interface__pluginlib__plugin/diffdrive_pi_arduino
[0.173s] -- Up-to-date symlink: /home/vishu/ros_hw_ws/install/diffdrive_pi_arduino/share/diffdrive_pi_arduino/cmake/ament_cmake_export_libraries-extras.cmake
[0.173s] -- Up-to-date symlink: /home/vishu/ros_hw_ws/install/diffdrive_pi_arduino/share/diffdrive_pi_arduino/cmake/ament_cmake_export_dependencies-extras.cmake
[0.173s] -- Up-to-date symlink: /home/vishu/ros_hw_ws/install/diffdrive_pi_arduino/share/diffdrive_pi_arduino/cmake/diffdrive_pi_arduinoConfig.cmake
[0.173s] -- Up-to-date symlink: /home/vishu/ros_hw_ws/install/diffdrive_pi_arduino/share/diffdrive_pi_arduino/cmake/diffdrive_pi_arduinoConfig-version.cmake
[0.173s] -- Up-to-date symlink: /home/vishu/ros_hw_ws/install/diffdrive_pi_arduino/share/diffdrive_pi_arduino/package.xml
[0.175s] Invoked command in '/home/vishu/ros_hw_ws/build/diffdrive_pi_arduino' returned '0': CMAKE_PREFIX_PATH=/home/vishu/ros_hw_ws/install/serial:/home/vishu/ros_hw_ws/install/diffdrive_pi_arduino:/home/vishu/ros_hw_ws/install/diffdrive_arduino:/home/vishu/ros_hw_ws/install/fl_robot_py:/home/vishu/ros_hw_ws/install/convert_cmd_vel:/opt/ros/humble /usr/bin/cmake --install /home/vishu/ros_hw_ws/build/diffdrive_pi_arduino
