-- Found ament_cmake: 1.3.6 (/opt/ros/humble/share/ament_cmake/cmake)
-- Override CMake install command with custom implementation using symlinks instead of copying resources
-- Found rclcpp: 16.0.7 (/opt/ros/humble/share/rclcpp/cmake)
-- Found rosidl_generator_c: 3.1.5 (/opt/ros/humble/share/rosidl_generator_c/cmake)
-- Found rosidl_adapter: 3.1.5 (/opt/ros/humble/share/rosidl_adapter/cmake)
-- Found rosidl_generator_cpp: 3.1.5 (/opt/ros/humble/share/rosidl_generator_cpp/cmake)
-- Using all available rosidl_typesupport_c: rosidl_typesupport_fastrtps_c;rosidl_typesupport_introspection_c
-- Using all available rosidl_typesupport_cpp: rosidl_typesupport_fastrtps_cpp;rosidl_typesupport_introspection_cpp
-- Found rmw_implementation_cmake: 6.1.1 (/opt/ros/humble/share/rmw_implementation_cmake/cmake)
-- Found rmw_fastrtps_cpp: 6.2.5 (/opt/ros/humble/share/rmw_fastrtps_cpp/cmake)
-- Using RMW implementation 'rmw_fastrtps_cpp' as default
-- Found rclpy: 3.3.11 (/opt/ros/humble/share/rclpy/cmake)
-- Found ament_lint_auto: 0.12.9 (/opt/ros/humble/share/ament_lint_auto/cmake)
-- Added test 'flake8' to check Python code syntax and style conventions
-- Added test 'lint_cmake' to check CMake code style
-- Added test 'pep257' to check Python code against some of the docstring style conventions in PEP 257
-- Added test 'xmllint' to check XML markup files
-- Configuring done
-- Generating done
-- Build files have been written to: /home/vishu/ros_hw_ws/build/real_robot01
-- Install configuration: ""
-- Execute custom install script
-- Up-to-date symlink: /home/vishu/ros_hw_ws/install/real_robot01/share/real_robot01//launch/launch_robot01.launch.py
-- Symlinking: /home/vishu/ros_hw_ws/install/real_robot01/share/ament_index/resource_index/package_run_dependencies/real_robot01
-- Symlinking: /home/vishu/ros_hw_ws/install/real_robot01/share/ament_index/resource_index/parent_prefix_path/real_robot01
-- Symlinking: /home/vishu/ros_hw_ws/install/real_robot01/share/real_robot01/environment/ament_prefix_path.sh
-- Symlinking: /home/vishu/ros_hw_ws/install/real_robot01/share/real_robot01/environment/ament_prefix_path.dsv
-- Symlinking: /home/vishu/ros_hw_ws/install/real_robot01/share/real_robot01/environment/path.sh
-- Symlinking: /home/vishu/ros_hw_ws/install/real_robot01/share/real_robot01/environment/path.dsv
-- Symlinking: /home/vishu/ros_hw_ws/install/real_robot01/share/real_robot01/local_setup.bash
-- Symlinking: /home/vishu/ros_hw_ws/install/real_robot01/share/real_robot01/local_setup.sh
-- Symlinking: /home/vishu/ros_hw_ws/install/real_robot01/share/real_robot01/local_setup.zsh
-- Symlinking: /home/vishu/ros_hw_ws/install/real_robot01/share/real_robot01/local_setup.dsv
-- Symlinking: /home/vishu/ros_hw_ws/install/real_robot01/share/real_robot01/package.dsv
-- Symlinking: /home/vishu/ros_hw_ws/install/real_robot01/share/ament_index/resource_index/packages/real_robot01
-- Symlinking: /home/vishu/ros_hw_ws/install/real_robot01/share/real_robot01/cmake/real_robot01Config.cmake
-- Symlinking: /home/vishu/ros_hw_ws/install/real_robot01/share/real_robot01/cmake/real_robot01Config-version.cmake
-- Symlinking: /home/vishu/ros_hw_ws/install/real_robot01/share/real_robot01/package.xml
