[0.042s] Invoking command in '/home/vishu/ros_hw_ws/build/real_robot01': CMAKE_PREFIX_PATH=${CMAKE_PREFIX_PATH}:/home/vishu/ros_hw_ws/install/convert_cmd_vel:/opt/ros/humble /usr/bin/cmake --build /home/vishu/ros_hw_ws/build/real_robot01 -- -j8 -l8
[0.057s] -- Found ament_cmake: 1.3.6 (/opt/ros/humble/share/ament_cmake/cmake)
[0.141s] -- Override CMake install command with custom implementation using symlinks instead of copying resources
[0.145s] -- Found rclcpp: 16.0.7 (/opt/ros/humble/share/rclcpp/cmake)
[0.162s] -- Found rosidl_generator_c: 3.1.5 (/opt/ros/humble/share/rosidl_generator_c/cmake)
[0.163s] -- Found rosidl_adapter: 3.1.5 (/opt/ros/humble/share/rosidl_adapter/cmake)
[0.167s] -- Found rosidl_generator_cpp: 3.1.5 (/opt/ros/humble/share/rosidl_generator_cpp/cmake)
[0.173s] -- Using all available rosidl_typesupport_c: rosidl_typesupport_fastrtps_c;rosidl_typesupport_introspection_c
[0.182s] -- Using all available rosidl_typesupport_cpp: rosidl_typesupport_fastrtps_cpp;rosidl_typesupport_introspection_cpp
[0.215s] -- Found rmw_implementation_cmake: 6.1.1 (/opt/ros/humble/share/rmw_implementation_cmake/cmake)
[0.216s] -- Found rmw_fastrtps_cpp: 6.2.5 (/opt/ros/humble/share/rmw_fastrtps_cpp/cmake)
[0.291s] -- Using RMW implementation 'rmw_fastrtps_cpp' as default
[0.386s] -- Found rclpy: 3.3.11 (/opt/ros/humble/share/rclpy/cmake)
[0.386s] -- Found ament_lint_auto: 0.12.9 (/opt/ros/humble/share/ament_lint_auto/cmake)
[0.430s] -- Added test 'flake8' to check Python code syntax and style conventions
[0.430s] -- Added test 'lint_cmake' to check CMake code style
[0.430s] -- Added test 'pep257' to check Python code against some of the docstring style conventions in PEP 257
[0.430s] -- Added test 'xmllint' to check XML markup files
[0.431s] -- Configuring done
[0.434s] -- Generating done
[0.435s] -- Build files have been written to: /home/vishu/ros_hw_ws/build/real_robot01
[0.451s] Invoked command in '/home/vishu/ros_hw_ws/build/real_robot01' returned '0': CMAKE_PREFIX_PATH=${CMAKE_PREFIX_PATH}:/home/vishu/ros_hw_ws/install/convert_cmd_vel:/opt/ros/humble /usr/bin/cmake --build /home/vishu/ros_hw_ws/build/real_robot01 -- -j8 -l8
[0.472s] Invoking command in '/home/vishu/ros_hw_ws/build/real_robot01': CMAKE_PREFIX_PATH=${CMAKE_PREFIX_PATH}:/home/vishu/ros_hw_ws/install/convert_cmd_vel:/opt/ros/humble /usr/bin/cmake --install /home/vishu/ros_hw_ws/build/real_robot01
[0.480s] -- Install configuration: ""
[0.480s] -- Execute custom install script
[0.481s] -- Up-to-date symlink: /home/vishu/ros_hw_ws/install/real_robot01/share/real_robot01//launch/launch_robot01.launch.py
[0.482s] -- Symlinking: /home/vishu/ros_hw_ws/install/real_robot01/share/ament_index/resource_index/package_run_dependencies/real_robot01
[0.491s] -- Symlinking: /home/vishu/ros_hw_ws/install/real_robot01/share/ament_index/resource_index/parent_prefix_path/real_robot01
[0.501s] -- Symlinking: /home/vishu/ros_hw_ws/install/real_robot01/share/real_robot01/environment/ament_prefix_path.sh
[0.509s] -- Symlinking: /home/vishu/ros_hw_ws/install/real_robot01/share/real_robot01/environment/ament_prefix_path.dsv
[0.515s] -- Symlinking: /home/vishu/ros_hw_ws/install/real_robot01/share/real_robot01/environment/path.sh
[0.520s] -- Symlinking: /home/vishu/ros_hw_ws/install/real_robot01/share/real_robot01/environment/path.dsv
[0.524s] -- Symlinking: /home/vishu/ros_hw_ws/install/real_robot01/share/real_robot01/local_setup.bash
[0.530s] -- Symlinking: /home/vishu/ros_hw_ws/install/real_robot01/share/real_robot01/local_setup.sh
[0.535s] -- Symlinking: /home/vishu/ros_hw_ws/install/real_robot01/share/real_robot01/local_setup.zsh
[0.541s] -- Symlinking: /home/vishu/ros_hw_ws/install/real_robot01/share/real_robot01/local_setup.dsv
[0.546s] -- Symlinking: /home/vishu/ros_hw_ws/install/real_robot01/share/real_robot01/package.dsv
[0.551s] -- Symlinking: /home/vishu/ros_hw_ws/install/real_robot01/share/ament_index/resource_index/packages/real_robot01
[0.556s] -- Symlinking: /home/vishu/ros_hw_ws/install/real_robot01/share/real_robot01/cmake/real_robot01Config.cmake
[0.561s] -- Symlinking: /home/vishu/ros_hw_ws/install/real_robot01/share/real_robot01/cmake/real_robot01Config-version.cmake
[0.567s] -- Symlinking: /home/vishu/ros_hw_ws/install/real_robot01/share/real_robot01/package.xml
[0.575s] Invoked command in '/home/vishu/ros_hw_ws/build/real_robot01' returned '0': CMAKE_PREFIX_PATH=${CMAKE_PREFIX_PATH}:/home/vishu/ros_hw_ws/install/convert_cmd_vel:/opt/ros/humble /usr/bin/cmake --install /home/vishu/ros_hw_ws/build/real_robot01
