[0.080s] Invoking command in '/home/vishu/ros_hw_ws/build/serial': CMAKE_PREFIX_PATH=${CMAKE_PREFIX_PATH}:/opt/ros/humble /usr/bin/cmake --build /home/vishu/ros_hw_ws/build/serial -- -j8 -l8
[0.113s] [ 42%] Built target gtest
[0.113s] [ 50%] Built target gtest_main
[0.113s] [ 57%] Built target serial
[0.127s] [ 85%] Built target serial-test
[0.127s] [ 85%] Built target serial_example
[0.127s] [100%] Built target serial-test-timer
[0.135s] Invoked command in '/home/vishu/ros_hw_ws/build/serial' returned '0': CMAKE_PREFIX_PATH=${CMAKE_PREFIX_PATH}:/opt/ros/humble /usr/bin/cmake --build /home/vishu/ros_hw_ws/build/serial -- -j8 -l8
[0.157s] Invoking command in '/home/vishu/ros_hw_ws/build/serial': CMAKE_PREFIX_PATH=${CMAKE_PREFIX_PATH}:/opt/ros/humble /usr/bin/cmake --install /home/vishu/ros_hw_ws/build/serial
[0.162s] -- Install configuration: ""
[0.163s] -- Execute custom install script
[0.163s] -- Up-to-date symlink: /home/vishu/ros_hw_ws/install/serial/lib/libserial.a
[0.163s] -- Up-to-date symlink: /home/vishu/ros_hw_ws/install/serial/include/serial/serial.h
[0.163s] -- Up-to-date symlink: /home/vishu/ros_hw_ws/install/serial/include/serial/v8stdint.h
[0.163s] -- Up-to-date symlink: /home/vishu/ros_hw_ws/install/serial/share/serial/environment/library_path.sh
[0.163s] -- Up-to-date symlink: /home/vishu/ros_hw_ws/install/serial/share/serial/environment/library_path.dsv
[0.163s] -- Up-to-date symlink: /home/vishu/ros_hw_ws/install/serial/share/ament_index/resource_index/package_run_dependencies/serial
[0.163s] -- Up-to-date symlink: /home/vishu/ros_hw_ws/install/serial/share/ament_index/resource_index/parent_prefix_path/serial
[0.163s] -- Up-to-date symlink: /home/vishu/ros_hw_ws/install/serial/share/serial/environment/ament_prefix_path.sh
[0.163s] -- Up-to-date symlink: /home/vishu/ros_hw_ws/install/serial/share/serial/environment/ament_prefix_path.dsv
[0.164s] -- Up-to-date symlink: /home/vishu/ros_hw_ws/install/serial/share/serial/environment/path.sh
[0.164s] -- Up-to-date symlink: /home/vishu/ros_hw_ws/install/serial/share/serial/environment/path.dsv
[0.164s] -- Up-to-date symlink: /home/vishu/ros_hw_ws/install/serial/share/serial/local_setup.bash
[0.164s] -- Up-to-date symlink: /home/vishu/ros_hw_ws/install/serial/share/serial/local_setup.sh
[0.164s] -- Up-to-date symlink: /home/vishu/ros_hw_ws/install/serial/share/serial/local_setup.zsh
[0.164s] -- Up-to-date symlink: /home/vishu/ros_hw_ws/install/serial/share/serial/local_setup.dsv
[0.165s] -- Symlinking: /home/vishu/ros_hw_ws/install/serial/share/serial/package.dsv
[0.169s] -- Up-to-date symlink: /home/vishu/ros_hw_ws/install/serial/share/ament_index/resource_index/packages/serial
[0.169s] -- Up-to-date symlink: /home/vishu/ros_hw_ws/install/serial/share/serial/cmake/ament_cmake_export_include_directories-extras.cmake
[0.170s] -- Up-to-date symlink: /home/vishu/ros_hw_ws/install/serial/share/serial/cmake/ament_cmake_export_libraries-extras.cmake
[0.170s] -- Up-to-date symlink: /home/vishu/ros_hw_ws/install/serial/share/serial/cmake/serialConfig.cmake
[0.170s] -- Up-to-date symlink: /home/vishu/ros_hw_ws/install/serial/share/serial/cmake/serialConfig-version.cmake
[0.170s] -- Up-to-date symlink: /home/vishu/ros_hw_ws/install/serial/share/serial/package.xml
[0.175s] Invoked command in '/home/vishu/ros_hw_ws/build/serial' returned '0': CMAKE_PREFIX_PATH=${CMAKE_PREFIX_PATH}:/opt/ros/humble /usr/bin/cmake --install /home/vishu/ros_hw_ws/build/serial
