[0.018s] Invoking command in '/home/vishu/ros_hw_ws/build/diffdrive_arduino': CMAKE_PREFIX_PATH=/home/vishu/ros_hw_ws/install/serial:/home/vishu/ros_hw_ws/install/diffdrive_arduino:/home/vishu/ros_hw_ws/install/fl_robot_py:/opt/ros/humble /usr/bin/cmake --build /home/vishu/ros_hw_ws/build/diffdrive_arduino -- -j8 -l8
[0.084s] [35m[1mConsolidate compiler generated dependencies of target diffdrive_arduino[0m
[0.096s] [ 42%] Built target fake_robot
[0.104s] [ 57%] [32mBuilding CXX object CMakeFiles/diffdrive_arduino.dir/src/diffdrive_arduino.cpp.o[0m
[2.362s] In file included from [01m[K/opt/ros/humble/include/rclcpp/rclcpp/logging.hpp:24[m[K,
[2.363s]                  from [01m[K/opt/ros/humble/include/rclcpp/rclcpp/client.hpp:40[m[K,
[2.363s]                  from [01m[K/opt/ros/humble/include/rclcpp/rclcpp/callback_group.hpp:24[m[K,
[2.363s]                  from [01m[K/opt/ros/humble/include/rclcpp/rclcpp/any_executable.hpp:20[m[K,
[2.363s]                  from [01m[K/opt/ros/humble/include/rclcpp/rclcpp/memory_strategy.hpp:25[m[K,
[2.363s]                  from [01m[K/opt/ros/humble/include/rclcpp/rclcpp/memory_strategies.hpp:18[m[K,
[2.363s]                  from [01m[K/opt/ros/humble/include/rclcpp/rclcpp/executor_options.hpp:20[m[K,
[2.363s]                  from [01m[K/opt/ros/humble/include/rclcpp/rclcpp/executor.hpp:37[m[K,
[2.363s]                  from [01m[K/opt/ros/humble/include/rclcpp/rclcpp/executors/multi_threaded_executor.hpp:25[m[K,
[2.363s]                  from [01m[K/opt/ros/humble/include/rclcpp/rclcpp/executors.hpp:21[m[K,
[2.363s]                  from [01m[K/opt/ros/humble/include/rclcpp/rclcpp/rclcpp.hpp:155[m[K,
[2.363s]                  from [01m[K/home/vishu/ros_hw_ws/src/diffdrive_arduino/include/diffdrive_arduino/diffdrive_arduino.h:5[m[K,
[2.363s]                  from [01m[K/home/vishu/ros_hw_ws/src/diffdrive_arduino/src/diffdrive_arduino.cpp:1[m[K:
[2.364s] [01m[K/home/vishu/ros_hw_ws/src/diffdrive_arduino/src/diffdrive_arduino.cpp:[m[K In member function ‘[01m[Kvirtual hardware_interface::return_type DiffDriveArduino::read(const rclcpp::Time&, const rclcpp::Duration&)[m[K’:
[2.364s] [01m[K/home/vishu/ros_hw_ws/src/diffdrive_arduino/src/diffdrive_arduino.cpp:122:8:[m[K [01;35m[Kwarning: [m[Kformat ‘[01m[K%d[m[K’ expects argument of type ‘[01m[Kint[m[K’, but argument 6 has type ‘[01m[Kdouble[m[K’ [[01;35m[K]8;;https://gcc.gnu.org/onlinedocs/gcc/Warning-Options.html#index-Wformat=-Wformat=]8;;[m[K]
[2.364s]   122 |        [01;35m[K"READING l_wheel_.enc '%7d', l_wheel_.pos '%7d'."[m[K,
[2.364s]       |        [01;35m[K^~~~~~~~~~~~~~~~~~~~~~~~~~~~~~~~~~~~~~~~~~~~~~~~~[m[K
[2.364s]   123 |         l_wheel_.enc, [32m[Kl_wheel_.pos[m[K);
[2.364s]       |                       [32m[K~~~~~~~~~~~~[m[K
[2.364s]       |                                [32m[K|[m[K
[2.364s]       |                                [32m[Kdouble[m[K
[2.364s] [01m[K/home/vishu/ros_hw_ws/src/diffdrive_arduino/src/diffdrive_arduino.cpp:122:53:[m[K [01;36m[Knote: [m[Kformat string is defined here
[2.364s]   122 |        "READING l_wheel_.enc '%7d', l_wheel_.pos '[01;36m[K%7d[m[K'.",
[2.364s]       |                                                   [01;36m[K~~^[m[K
[2.364s]       |                                                     [01;36m[K|[m[K
[2.364s]       |                                                     [01;36m[Kint[m[K
[2.364s]       |                                                   [32m[K%7f[m[K
[3.398s] [ 71%] [32m[1mLinking CXX shared library libdiffdrive_arduino.so[0m
[3.577s] [100%] Built target diffdrive_arduino
[3.588s] Invoked command in '/home/vishu/ros_hw_ws/build/diffdrive_arduino' returned '0': CMAKE_PREFIX_PATH=/home/vishu/ros_hw_ws/install/serial:/home/vishu/ros_hw_ws/install/diffdrive_arduino:/home/vishu/ros_hw_ws/install/fl_robot_py:/opt/ros/humble /usr/bin/cmake --build /home/vishu/ros_hw_ws/build/diffdrive_arduino -- -j8 -l8
[3.625s] Invoking command in '/home/vishu/ros_hw_ws/build/diffdrive_arduino': CMAKE_PREFIX_PATH=/home/vishu/ros_hw_ws/install/serial:/home/vishu/ros_hw_ws/install/diffdrive_arduino:/home/vishu/ros_hw_ws/install/fl_robot_py:/opt/ros/humble /usr/bin/cmake --install /home/vishu/ros_hw_ws/build/diffdrive_arduino
[3.632s] -- Install configuration: ""
[3.633s] -- Execute custom install script
[3.633s] -- Up-to-date symlink: /home/vishu/ros_hw_ws/install/diffdrive_arduino/share/diffdrive_arduino//robot_hardware.xml
[3.633s] -- Up-to-date symlink: /home/vishu/ros_hw_ws/install/diffdrive_arduino/share/diffdrive_arduino//fake_robot_hardware.xml
[3.633s] -- Up-to-date symlink: /home/vishu/ros_hw_ws/install/diffdrive_arduino/lib/libdiffdrive_arduino.so
[3.634s] -- Up-to-date symlink: /home/vishu/ros_hw_ws/install/diffdrive_arduino/lib/libfake_robot.so
[3.634s] -- Up-to-date symlink: /home/vishu/ros_hw_ws/install/diffdrive_arduino/share/diffdrive_arduino/controllers/robot_controller_example.yaml
[3.634s] -- Up-to-date symlink: /home/vishu/ros_hw_ws/install/diffdrive_arduino/share/diffdrive_arduino/fake_robot.launch.py
[3.634s] -- Up-to-date symlink: /home/vishu/ros_hw_ws/install/diffdrive_arduino/share/diffdrive_arduino/test_robot.launch.py
[3.634s] -- Up-to-date symlink: /home/vishu/ros_hw_ws/install/diffdrive_arduino/share/diffdrive_arduino/environment/library_path.sh
[3.635s] -- Up-to-date symlink: /home/vishu/ros_hw_ws/install/diffdrive_arduino/share/diffdrive_arduino/environment/library_path.dsv
[3.635s] -- Up-to-date symlink: /home/vishu/ros_hw_ws/install/diffdrive_arduino/share/ament_index/resource_index/package_run_dependencies/diffdrive_arduino
[3.635s] -- Up-to-date symlink: /home/vishu/ros_hw_ws/install/diffdrive_arduino/share/ament_index/resource_index/parent_prefix_path/diffdrive_arduino
[3.635s] -- Up-to-date symlink: /home/vishu/ros_hw_ws/install/diffdrive_arduino/share/diffdrive_arduino/environment/ament_prefix_path.sh
[3.635s] -- Up-to-date symlink: /home/vishu/ros_hw_ws/install/diffdrive_arduino/share/diffdrive_arduino/environment/ament_prefix_path.dsv
[3.635s] -- Up-to-date symlink: /home/vishu/ros_hw_ws/install/diffdrive_arduino/share/diffdrive_arduino/environment/path.sh
[3.636s] -- Up-to-date symlink: /home/vishu/ros_hw_ws/install/diffdrive_arduino/share/diffdrive_arduino/environment/path.dsv
[3.636s] -- Up-to-date symlink: /home/vishu/ros_hw_ws/install/diffdrive_arduino/share/diffdrive_arduino/local_setup.bash
[3.636s] -- Up-to-date symlink: /home/vishu/ros_hw_ws/install/diffdrive_arduino/share/diffdrive_arduino/local_setup.sh
[3.636s] -- Up-to-date symlink: /home/vishu/ros_hw_ws/install/diffdrive_arduino/share/diffdrive_arduino/local_setup.zsh
[3.636s] -- Up-to-date symlink: /home/vishu/ros_hw_ws/install/diffdrive_arduino/share/diffdrive_arduino/local_setup.dsv
[3.636s] -- Symlinking: /home/vishu/ros_hw_ws/install/diffdrive_arduino/share/diffdrive_arduino/package.dsv
[3.645s] -- Up-to-date symlink: /home/vishu/ros_hw_ws/install/diffdrive_arduino/share/ament_index/resource_index/packages/diffdrive_arduino
[3.645s] -- Up-to-date symlink: /home/vishu/ros_hw_ws/install/diffdrive_arduino/share/ament_index/resource_index/hardware_interface__pluginlib__plugin/diffdrive_arduino
[3.645s] -- Up-to-date symlink: /home/vishu/ros_hw_ws/install/diffdrive_arduino/share/diffdrive_arduino/cmake/ament_cmake_export_libraries-extras.cmake
[3.645s] -- Up-to-date symlink: /home/vishu/ros_hw_ws/install/diffdrive_arduino/share/diffdrive_arduino/cmake/ament_cmake_export_dependencies-extras.cmake
[3.646s] -- Up-to-date symlink: /home/vishu/ros_hw_ws/install/diffdrive_arduino/share/diffdrive_arduino/cmake/diffdrive_arduinoConfig.cmake
[3.646s] -- Up-to-date symlink: /home/vishu/ros_hw_ws/install/diffdrive_arduino/share/diffdrive_arduino/cmake/diffdrive_arduinoConfig-version.cmake
[3.646s] -- Up-to-date symlink: /home/vishu/ros_hw_ws/install/diffdrive_arduino/share/diffdrive_arduino/package.xml
[3.648s] Invoked command in '/home/vishu/ros_hw_ws/build/diffdrive_arduino' returned '0': CMAKE_PREFIX_PATH=/home/vishu/ros_hw_ws/install/serial:/home/vishu/ros_hw_ws/install/diffdrive_arduino:/home/vishu/ros_hw_ws/install/fl_robot_py:/opt/ros/humble /usr/bin/cmake --install /home/vishu/ros_hw_ws/build/diffdrive_arduino
