[0.614s] DEBUG:colcon:Command line arguments: ['/usr/bin/colcon', 'build', '--symlink-install', '--packages-select', 'diffdrive_pi_arduino']
[0.614s] DEBUG:colcon:Parsed command line arguments: Namespace(log_base=None, log_level=None, verb_name='build', build_base='build', install_base='install', merge_install=False, symlink_install=True, test_result_base=None, continue_on_error=False, executor='parallel', parallel_workers=8, event_handlers=None, ignore_user_meta=False, metas=['./colcon.meta'], base_paths=['.'], packages_ignore=None, packages_ignore_regex=None, paths=None, packages_up_to=None, packages_up_to_regex=None, packages_above=None, packages_above_and_dependencies=None, packages_above_depth=None, packages_select_by_dep=None, packages_skip_by_dep=None, packages_skip_up_to=None, packages_select_build_failed=False, packages_skip_build_finished=False, packages_select_test_failures=False, packages_skip_test_passed=False, packages_select=['diffdrive_pi_arduino'], packages_skip=None, packages_select_regex=None, packages_skip_regex=None, packages_start=None, packages_end=None, allow_overriding=[], cmake_args=None, cmake_target=None, cmake_target_skip_unavailable=False, cmake_clean_cache=False, cmake_clean_first=False, cmake_force_configure=False, ament_cmake_args=None, catkin_cmake_args=None, catkin_skip_building_tests=False, verb_parser=<colcon_defaults.argument_parser.defaults.DefaultArgumentsDecorator object at 0x7fdd91900d30>, verb_extension=<colcon_core.verb.build.BuildVerb object at 0x7fdd91ecb3d0>, main=<bound method BuildVerb.main of <colcon_core.verb.build.BuildVerb object at 0x7fdd91ecb3d0>>)
[0.652s] Level 1:colcon.colcon_core.package_discovery:discover_packages(colcon_meta) check parameters
[0.652s] Level 1:colcon.colcon_core.package_discovery:discover_packages(recursive) check parameters
[0.652s] Level 1:colcon.colcon_core.package_discovery:discover_packages(ignore) check parameters
[0.652s] Level 1:colcon.colcon_core.package_discovery:discover_packages(path) check parameters
[0.652s] Level 1:colcon.colcon_core.package_discovery:discover_packages(colcon_meta) discover
[0.652s] Level 1:colcon.colcon_core.package_discovery:discover_packages(recursive) discover
[0.652s] INFO:colcon.colcon_core.package_discovery:Crawling recursively for packages in '/home/vishu/ros_hw_ws'
[0.653s] Level 1:colcon.colcon_core.package_identification:_identify(.) by extensions ['ignore', 'ignore_ament_install']
[0.653s] Level 1:colcon.colcon_core.package_identification:_identify(.) by extension 'ignore'
[0.653s] Level 1:colcon.colcon_core.package_identification:_identify(.) by extension 'ignore_ament_install'
[0.653s] Level 1:colcon.colcon_core.package_identification:_identify(.) by extensions ['colcon_pkg']
[0.653s] Level 1:colcon.colcon_core.package_identification:_identify(.) by extension 'colcon_pkg'
[0.653s] Level 1:colcon.colcon_core.package_identification:_identify(.) by extensions ['colcon_meta']
[0.653s] Level 1:colcon.colcon_core.package_identification:_identify(.) by extension 'colcon_meta'
[0.653s] Level 1:colcon.colcon_core.package_identification:_identify(.) by extensions ['ros']
[0.653s] Level 1:colcon.colcon_core.package_identification:_identify(.) by extension 'ros'
[0.659s] Level 1:colcon.colcon_core.package_identification:_identify(.) by extensions ['cmake', 'python']
[0.659s] Level 1:colcon.colcon_core.package_identification:_identify(.) by extension 'cmake'
[0.659s] Level 1:colcon.colcon_core.package_identification:_identify(.) by extension 'python'
[0.659s] Level 1:colcon.colcon_core.package_identification:_identify(.) by extensions ['python_setup_py']
[0.660s] Level 1:colcon.colcon_core.package_identification:_identify(.) by extension 'python_setup_py'
[0.660s] Level 1:colcon.colcon_core.package_identification:_identify(build) by extensions ['ignore', 'ignore_ament_install']
[0.660s] Level 1:colcon.colcon_core.package_identification:_identify(build) by extension 'ignore'
[0.660s] Level 1:colcon.colcon_core.package_identification:_identify(build) ignored
[0.660s] Level 1:colcon.colcon_core.package_identification:_identify(install) by extensions ['ignore', 'ignore_ament_install']
[0.660s] Level 1:colcon.colcon_core.package_identification:_identify(install) by extension 'ignore'
[0.660s] Level 1:colcon.colcon_core.package_identification:_identify(install) ignored
[0.660s] Level 1:colcon.colcon_core.package_identification:_identify(log) by extensions ['ignore', 'ignore_ament_install']
[0.660s] Level 1:colcon.colcon_core.package_identification:_identify(log) by extension 'ignore'
[0.660s] Level 1:colcon.colcon_core.package_identification:_identify(log) ignored
[0.660s] Level 1:colcon.colcon_core.package_identification:_identify(nodesAndTopics) by extensions ['ignore', 'ignore_ament_install']
[0.660s] Level 1:colcon.colcon_core.package_identification:_identify(nodesAndTopics) by extension 'ignore'
[0.660s] Level 1:colcon.colcon_core.package_identification:_identify(nodesAndTopics) by extension 'ignore_ament_install'
[0.660s] Level 1:colcon.colcon_core.package_identification:_identify(nodesAndTopics) by extensions ['colcon_pkg']
[0.660s] Level 1:colcon.colcon_core.package_identification:_identify(nodesAndTopics) by extension 'colcon_pkg'
[0.660s] Level 1:colcon.colcon_core.package_identification:_identify(nodesAndTopics) by extensions ['colcon_meta']
[0.660s] Level 1:colcon.colcon_core.package_identification:_identify(nodesAndTopics) by extension 'colcon_meta'
[0.660s] Level 1:colcon.colcon_core.package_identification:_identify(nodesAndTopics) by extensions ['ros']
[0.660s] Level 1:colcon.colcon_core.package_identification:_identify(nodesAndTopics) by extension 'ros'
[0.660s] Level 1:colcon.colcon_core.package_identification:_identify(nodesAndTopics) by extensions ['cmake', 'python']
[0.660s] Level 1:colcon.colcon_core.package_identification:_identify(nodesAndTopics) by extension 'cmake'
[0.660s] Level 1:colcon.colcon_core.package_identification:_identify(nodesAndTopics) by extension 'python'
[0.660s] Level 1:colcon.colcon_core.package_identification:_identify(nodesAndTopics) by extensions ['python_setup_py']
[0.660s] Level 1:colcon.colcon_core.package_identification:_identify(nodesAndTopics) by extension 'python_setup_py'
[0.660s] Level 1:colcon.colcon_core.package_identification:_identify(notes) by extensions ['ignore', 'ignore_ament_install']
[0.660s] Level 1:colcon.colcon_core.package_identification:_identify(notes) by extension 'ignore'
[0.661s] Level 1:colcon.colcon_core.package_identification:_identify(notes) by extension 'ignore_ament_install'
[0.661s] Level 1:colcon.colcon_core.package_identification:_identify(notes) by extensions ['colcon_pkg']
[0.661s] Level 1:colcon.colcon_core.package_identification:_identify(notes) by extension 'colcon_pkg'
[0.661s] Level 1:colcon.colcon_core.package_identification:_identify(notes) by extensions ['colcon_meta']
[0.661s] Level 1:colcon.colcon_core.package_identification:_identify(notes) by extension 'colcon_meta'
[0.661s] Level 1:colcon.colcon_core.package_identification:_identify(notes) by extensions ['ros']
[0.661s] Level 1:colcon.colcon_core.package_identification:_identify(notes) by extension 'ros'
[0.661s] Level 1:colcon.colcon_core.package_identification:_identify(notes) by extensions ['cmake', 'python']
[0.661s] Level 1:colcon.colcon_core.package_identification:_identify(notes) by extension 'cmake'
[0.661s] Level 1:colcon.colcon_core.package_identification:_identify(notes) by extension 'python'
[0.661s] Level 1:colcon.colcon_core.package_identification:_identify(notes) by extensions ['python_setup_py']
[0.661s] Level 1:colcon.colcon_core.package_identification:_identify(notes) by extension 'python_setup_py'
[0.661s] Level 1:colcon.colcon_core.package_identification:_identify(rqt) by extensions ['ignore', 'ignore_ament_install']
[0.661s] Level 1:colcon.colcon_core.package_identification:_identify(rqt) by extension 'ignore'
[0.661s] Level 1:colcon.colcon_core.package_identification:_identify(rqt) by extension 'ignore_ament_install'
[0.661s] Level 1:colcon.colcon_core.package_identification:_identify(rqt) by extensions ['colcon_pkg']
[0.661s] Level 1:colcon.colcon_core.package_identification:_identify(rqt) by extension 'colcon_pkg'
[0.661s] Level 1:colcon.colcon_core.package_identification:_identify(rqt) by extensions ['colcon_meta']
[0.661s] Level 1:colcon.colcon_core.package_identification:_identify(rqt) by extension 'colcon_meta'
[0.661s] Level 1:colcon.colcon_core.package_identification:_identify(rqt) by extensions ['ros']
[0.661s] Level 1:colcon.colcon_core.package_identification:_identify(rqt) by extension 'ros'
[0.661s] Level 1:colcon.colcon_core.package_identification:_identify(rqt) by extensions ['cmake', 'python']
[0.661s] Level 1:colcon.colcon_core.package_identification:_identify(rqt) by extension 'cmake'
[0.661s] Level 1:colcon.colcon_core.package_identification:_identify(rqt) by extension 'python'
[0.661s] Level 1:colcon.colcon_core.package_identification:_identify(rqt) by extensions ['python_setup_py']
[0.661s] Level 1:colcon.colcon_core.package_identification:_identify(rqt) by extension 'python_setup_py'
[0.661s] Level 1:colcon.colcon_core.package_identification:_identify(rqt/20231013) by extensions ['ignore', 'ignore_ament_install']
[0.661s] Level 1:colcon.colcon_core.package_identification:_identify(rqt/20231013) by extension 'ignore'
[0.661s] Level 1:colcon.colcon_core.package_identification:_identify(rqt/20231013) by extension 'ignore_ament_install'
[0.661s] Level 1:colcon.colcon_core.package_identification:_identify(rqt/20231013) by extensions ['colcon_pkg']
[0.661s] Level 1:colcon.colcon_core.package_identification:_identify(rqt/20231013) by extension 'colcon_pkg'
[0.661s] Level 1:colcon.colcon_core.package_identification:_identify(rqt/20231013) by extensions ['colcon_meta']
[0.661s] Level 1:colcon.colcon_core.package_identification:_identify(rqt/20231013) by extension 'colcon_meta'
[0.661s] Level 1:colcon.colcon_core.package_identification:_identify(rqt/20231013) by extensions ['ros']
[0.661s] Level 1:colcon.colcon_core.package_identification:_identify(rqt/20231013) by extension 'ros'
[0.661s] Level 1:colcon.colcon_core.package_identification:_identify(rqt/20231013) by extensions ['cmake', 'python']
[0.661s] Level 1:colcon.colcon_core.package_identification:_identify(rqt/20231013) by extension 'cmake'
[0.661s] Level 1:colcon.colcon_core.package_identification:_identify(rqt/20231013) by extension 'python'
[0.661s] Level 1:colcon.colcon_core.package_identification:_identify(rqt/20231013) by extensions ['python_setup_py']
[0.661s] Level 1:colcon.colcon_core.package_identification:_identify(rqt/20231013) by extension 'python_setup_py'
[0.662s] Level 1:colcon.colcon_core.package_identification:_identify(src) by extensions ['ignore', 'ignore_ament_install']
[0.662s] Level 1:colcon.colcon_core.package_identification:_identify(src) by extension 'ignore'
[0.662s] Level 1:colcon.colcon_core.package_identification:_identify(src) by extension 'ignore_ament_install'
[0.662s] Level 1:colcon.colcon_core.package_identification:_identify(src) by extensions ['colcon_pkg']
[0.662s] Level 1:colcon.colcon_core.package_identification:_identify(src) by extension 'colcon_pkg'
[0.662s] Level 1:colcon.colcon_core.package_identification:_identify(src) by extensions ['colcon_meta']
[0.662s] Level 1:colcon.colcon_core.package_identification:_identify(src) by extension 'colcon_meta'
[0.662s] Level 1:colcon.colcon_core.package_identification:_identify(src) by extensions ['ros']
[0.662s] Level 1:colcon.colcon_core.package_identification:_identify(src) by extension 'ros'
[0.662s] Level 1:colcon.colcon_core.package_identification:_identify(src) by extensions ['cmake', 'python']
[0.662s] Level 1:colcon.colcon_core.package_identification:_identify(src) by extension 'cmake'
[0.662s] Level 1:colcon.colcon_core.package_identification:_identify(src) by extension 'python'
[0.662s] Level 1:colcon.colcon_core.package_identification:_identify(src) by extensions ['python_setup_py']
[0.662s] Level 1:colcon.colcon_core.package_identification:_identify(src) by extension 'python_setup_py'
[0.662s] Level 1:colcon.colcon_core.package_identification:_identify(src/convert_cmd_vel) by extensions ['ignore', 'ignore_ament_install']
[0.662s] Level 1:colcon.colcon_core.package_identification:_identify(src/convert_cmd_vel) by extension 'ignore'
[0.662s] Level 1:colcon.colcon_core.package_identification:_identify(src/convert_cmd_vel) by extension 'ignore_ament_install'
[0.662s] Level 1:colcon.colcon_core.package_identification:_identify(src/convert_cmd_vel) by extensions ['colcon_pkg']
[0.662s] Level 1:colcon.colcon_core.package_identification:_identify(src/convert_cmd_vel) by extension 'colcon_pkg'
[0.662s] Level 1:colcon.colcon_core.package_identification:_identify(src/convert_cmd_vel) by extensions ['colcon_meta']
[0.662s] Level 1:colcon.colcon_core.package_identification:_identify(src/convert_cmd_vel) by extension 'colcon_meta'
[0.662s] Level 1:colcon.colcon_core.package_identification:_identify(src/convert_cmd_vel) by extensions ['ros']
[0.662s] Level 1:colcon.colcon_core.package_identification:_identify(src/convert_cmd_vel) by extension 'ros'
[0.663s] DEBUG:colcon.colcon_core.package_identification:Package 'src/convert_cmd_vel' with type 'ros.ament_python' and name 'convert_cmd_vel'
[0.663s] Level 1:colcon.colcon_core.package_identification:_identify(src/diffdrive_arduino) by extensions ['ignore', 'ignore_ament_install']
[0.664s] Level 1:colcon.colcon_core.package_identification:_identify(src/diffdrive_arduino) by extension 'ignore'
[0.664s] Level 1:colcon.colcon_core.package_identification:_identify(src/diffdrive_arduino) by extension 'ignore_ament_install'
[0.664s] Level 1:colcon.colcon_core.package_identification:_identify(src/diffdrive_arduino) by extensions ['colcon_pkg']
[0.664s] Level 1:colcon.colcon_core.package_identification:_identify(src/diffdrive_arduino) by extension 'colcon_pkg'
[0.664s] Level 1:colcon.colcon_core.package_identification:_identify(src/diffdrive_arduino) by extensions ['colcon_meta']
[0.664s] Level 1:colcon.colcon_core.package_identification:_identify(src/diffdrive_arduino) by extension 'colcon_meta'
[0.664s] Level 1:colcon.colcon_core.package_identification:_identify(src/diffdrive_arduino) by extensions ['ros']
[0.664s] Level 1:colcon.colcon_core.package_identification:_identify(src/diffdrive_arduino) by extension 'ros'
[0.664s] DEBUG:colcon.colcon_core.package_identification:Package 'src/diffdrive_arduino' with type 'ros.ament_cmake' and name 'diffdrive_arduino'
[0.664s] Level 1:colcon.colcon_core.package_identification:_identify(src/diffdrive_pi_arduino) by extensions ['ignore', 'ignore_ament_install']
[0.664s] Level 1:colcon.colcon_core.package_identification:_identify(src/diffdrive_pi_arduino) by extension 'ignore'
[0.664s] Level 1:colcon.colcon_core.package_identification:_identify(src/diffdrive_pi_arduino) by extension 'ignore_ament_install'
[0.664s] Level 1:colcon.colcon_core.package_identification:_identify(src/diffdrive_pi_arduino) by extensions ['colcon_pkg']
[0.664s] Level 1:colcon.colcon_core.package_identification:_identify(src/diffdrive_pi_arduino) by extension 'colcon_pkg'
[0.664s] Level 1:colcon.colcon_core.package_identification:_identify(src/diffdrive_pi_arduino) by extensions ['colcon_meta']
[0.664s] Level 1:colcon.colcon_core.package_identification:_identify(src/diffdrive_pi_arduino) by extension 'colcon_meta'
[0.665s] Level 1:colcon.colcon_core.package_identification:_identify(src/diffdrive_pi_arduino) by extensions ['ros']
[0.665s] Level 1:colcon.colcon_core.package_identification:_identify(src/diffdrive_pi_arduino) by extension 'ros'
[0.665s] DEBUG:colcon.colcon_core.package_identification:Package 'src/diffdrive_pi_arduino' with type 'ros.ament_cmake' and name 'diffdrive_pi_arduino'
[0.665s] Level 1:colcon.colcon_core.package_identification:_identify(src/fl_robot_py) by extensions ['ignore', 'ignore_ament_install']
[0.665s] Level 1:colcon.colcon_core.package_identification:_identify(src/fl_robot_py) by extension 'ignore'
[0.665s] Level 1:colcon.colcon_core.package_identification:_identify(src/fl_robot_py) by extension 'ignore_ament_install'
[0.665s] Level 1:colcon.colcon_core.package_identification:_identify(src/fl_robot_py) by extensions ['colcon_pkg']
[0.665s] Level 1:colcon.colcon_core.package_identification:_identify(src/fl_robot_py) by extension 'colcon_pkg'
[0.665s] Level 1:colcon.colcon_core.package_identification:_identify(src/fl_robot_py) by extensions ['colcon_meta']
[0.665s] Level 1:colcon.colcon_core.package_identification:_identify(src/fl_robot_py) by extension 'colcon_meta'
[0.665s] Level 1:colcon.colcon_core.package_identification:_identify(src/fl_robot_py) by extensions ['ros']
[0.665s] Level 1:colcon.colcon_core.package_identification:_identify(src/fl_robot_py) by extension 'ros'
[0.666s] DEBUG:colcon.colcon_core.package_identification:Package 'src/fl_robot_py' with type 'ros.ament_cmake' and name 'fl_robot_py'
[0.666s] Level 1:colcon.colcon_core.package_identification:_identify(src/serial) by extensions ['ignore', 'ignore_ament_install']
[0.666s] Level 1:colcon.colcon_core.package_identification:_identify(src/serial) by extension 'ignore'
[0.666s] Level 1:colcon.colcon_core.package_identification:_identify(src/serial) by extension 'ignore_ament_install'
[0.666s] Level 1:colcon.colcon_core.package_identification:_identify(src/serial) by extensions ['colcon_pkg']
[0.666s] Level 1:colcon.colcon_core.package_identification:_identify(src/serial) by extension 'colcon_pkg'
[0.666s] Level 1:colcon.colcon_core.package_identification:_identify(src/serial) by extensions ['colcon_meta']
[0.666s] Level 1:colcon.colcon_core.package_identification:_identify(src/serial) by extension 'colcon_meta'
[0.666s] Level 1:colcon.colcon_core.package_identification:_identify(src/serial) by extensions ['ros']
[0.666s] Level 1:colcon.colcon_core.package_identification:_identify(src/serial) by extension 'ros'
[0.666s] DEBUG:colcon.colcon_core.package_identification:Package 'src/serial' with type 'ros.ament_cmake' and name 'serial'
[0.666s] Level 1:colcon.colcon_core.package_discovery:discover_packages(recursive) using defaults
[0.666s] Level 1:colcon.colcon_core.package_discovery:discover_packages(ignore) discover
[0.666s] Level 1:colcon.colcon_core.package_discovery:discover_packages(ignore) using defaults
[0.666s] Level 1:colcon.colcon_core.package_discovery:discover_packages(path) discover
[0.666s] Level 1:colcon.colcon_core.package_discovery:discover_packages(path) using defaults
[0.704s] INFO:colcon.colcon_core.package_selection:Skipping not selected package 'convert_cmd_vel' in 'src/convert_cmd_vel'
[0.704s] INFO:colcon.colcon_core.package_selection:Skipping not selected package 'fl_robot_py' in 'src/fl_robot_py'
[0.704s] INFO:colcon.colcon_core.package_selection:Skipping not selected package 'serial' in 'src/serial'
[0.704s] INFO:colcon.colcon_core.package_selection:Skipping not selected package 'diffdrive_arduino' in 'src/diffdrive_arduino'
[0.722s] Level 1:colcon.colcon_core.package_discovery:discover_packages(prefix_path) check parameters
[0.722s] Level 1:colcon.colcon_core.package_discovery:discover_packages(prefix_path) discover
[0.739s] DEBUG:colcon.colcon_installed_package_information.package_discovery:Found 5 installed packages in /home/vishu/ros_hw_ws/install
[0.756s] DEBUG:colcon.colcon_installed_package_information.package_discovery:Found 406 installed packages in /opt/ros/humble
[0.757s] Level 1:colcon.colcon_core.package_discovery:discover_packages(prefix_path) using defaults
[0.818s] Level 5:colcon.colcon_core.verb:set package 'diffdrive_pi_arduino' build argument 'cmake_args' from command line to 'None'
[0.819s] Level 5:colcon.colcon_core.verb:set package 'diffdrive_pi_arduino' build argument 'cmake_target' from command line to 'None'
[0.819s] Level 5:colcon.colcon_core.verb:set package 'diffdrive_pi_arduino' build argument 'cmake_target_skip_unavailable' from command line to 'False'
[0.819s] Level 5:colcon.colcon_core.verb:set package 'diffdrive_pi_arduino' build argument 'cmake_clean_cache' from command line to 'False'
[0.819s] Level 5:colcon.colcon_core.verb:set package 'diffdrive_pi_arduino' build argument 'cmake_clean_first' from command line to 'False'
[0.819s] Level 5:colcon.colcon_core.verb:set package 'diffdrive_pi_arduino' build argument 'cmake_force_configure' from command line to 'False'
[0.819s] Level 5:colcon.colcon_core.verb:set package 'diffdrive_pi_arduino' build argument 'ament_cmake_args' from command line to 'None'
[0.819s] Level 5:colcon.colcon_core.verb:set package 'diffdrive_pi_arduino' build argument 'catkin_cmake_args' from command line to 'None'
[0.819s] Level 5:colcon.colcon_core.verb:set package 'diffdrive_pi_arduino' build argument 'catkin_skip_building_tests' from command line to 'False'
[0.819s] DEBUG:colcon.colcon_core.verb:Building package 'diffdrive_pi_arduino' with the following arguments: {'ament_cmake_args': None, 'build_base': '/home/vishu/ros_hw_ws/build/diffdrive_pi_arduino', 'catkin_cmake_args': None, 'catkin_skip_building_tests': False, 'cmake_args': None, 'cmake_clean_cache': False, 'cmake_clean_first': False, 'cmake_force_configure': False, 'cmake_target': None, 'cmake_target_skip_unavailable': False, 'install_base': '/home/vishu/ros_hw_ws/install/diffdrive_pi_arduino', 'merge_install': False, 'path': '/home/vishu/ros_hw_ws/src/diffdrive_pi_arduino', 'symlink_install': True, 'test_result_base': None}
[0.827s] INFO:colcon.colcon_core.executor:Executing jobs using 'parallel' executor
[0.836s] DEBUG:colcon.colcon_parallel_executor.executor.parallel:run_until_complete
[0.836s] INFO:colcon.colcon_ros.task.ament_cmake.build:Building ROS package in '/home/vishu/ros_hw_ws/src/diffdrive_pi_arduino' with build type 'ament_cmake'
[0.836s] INFO:colcon.colcon_cmake.task.cmake.build:Building CMake package in '/home/vishu/ros_hw_ws/src/diffdrive_pi_arduino'
[0.846s] INFO:colcon.colcon_core.plugin_system:Skipping extension 'colcon_core.shell.bat': Not used on non-Windows systems
[0.846s] INFO:colcon.colcon_core.shell:Skip shell extension 'powershell' for command environment: Not usable outside of PowerShell
[0.846s] DEBUG:colcon.colcon_core.shell:Skip shell extension 'dsv' for command environment
[0.880s] DEBUG:colcon.colcon_core.event_handler.log_command:Invoking command in '/home/vishu/ros_hw_ws/build/diffdrive_pi_arduino': CMAKE_PREFIX_PATH=/home/vishu/ros_hw_ws/install/serial:/home/vishu/ros_hw_ws/install/diffdrive_pi_arduino:/home/vishu/ros_hw_ws/install/diffdrive_arduino:/home/vishu/ros_hw_ws/install/fl_robot_py:/home/vishu/ros_hw_ws/install/convert_cmd_vel:/opt/ros/humble /usr/bin/cmake --build /home/vishu/ros_hw_ws/build/diffdrive_pi_arduino -- -j8 -l8
[2.815s] DEBUG:colcon.colcon_core.event_handler.log_command:Invoked command in '/home/vishu/ros_hw_ws/build/diffdrive_pi_arduino' returned '0': CMAKE_PREFIX_PATH=/home/vishu/ros_hw_ws/install/serial:/home/vishu/ros_hw_ws/install/diffdrive_pi_arduino:/home/vishu/ros_hw_ws/install/diffdrive_arduino:/home/vishu/ros_hw_ws/install/fl_robot_py:/home/vishu/ros_hw_ws/install/convert_cmd_vel:/opt/ros/humble /usr/bin/cmake --build /home/vishu/ros_hw_ws/build/diffdrive_pi_arduino -- -j8 -l8
[2.846s] DEBUG:colcon.colcon_core.event_handler.log_command:Invoking command in '/home/vishu/ros_hw_ws/build/diffdrive_pi_arduino': CMAKE_PREFIX_PATH=/home/vishu/ros_hw_ws/install/serial:/home/vishu/ros_hw_ws/install/diffdrive_pi_arduino:/home/vishu/ros_hw_ws/install/diffdrive_arduino:/home/vishu/ros_hw_ws/install/fl_robot_py:/home/vishu/ros_hw_ws/install/convert_cmd_vel:/opt/ros/humble /usr/bin/cmake --install /home/vishu/ros_hw_ws/build/diffdrive_pi_arduino
[2.863s] Level 1:colcon.colcon_core.environment:create_environment_scripts_only(diffdrive_pi_arduino)
[2.863s] DEBUG:colcon.colcon_core.event_handler.log_command:Invoked command in '/home/vishu/ros_hw_ws/build/diffdrive_pi_arduino' returned '0': CMAKE_PREFIX_PATH=/home/vishu/ros_hw_ws/install/serial:/home/vishu/ros_hw_ws/install/diffdrive_pi_arduino:/home/vishu/ros_hw_ws/install/diffdrive_arduino:/home/vishu/ros_hw_ws/install/fl_robot_py:/home/vishu/ros_hw_ws/install/convert_cmd_vel:/opt/ros/humble /usr/bin/cmake --install /home/vishu/ros_hw_ws/build/diffdrive_pi_arduino
[2.875s] Level 1:colcon.colcon_core.environment:checking '/home/vishu/ros_hw_ws/install/diffdrive_pi_arduino' for CMake module files
[2.876s] Level 1:colcon.colcon_core.environment:checking '/home/vishu/ros_hw_ws/install/diffdrive_pi_arduino' for CMake config files
[2.876s] Level 1:colcon.colcon_core.shell:create_environment_hook('diffdrive_pi_arduino', 'cmake_prefix_path')
[2.885s] INFO:colcon.colcon_core.shell:Creating environment hook '/home/vishu/ros_hw_ws/install/diffdrive_pi_arduino/share/diffdrive_pi_arduino/hook/cmake_prefix_path.ps1'
[2.886s] INFO:colcon.colcon_core.shell:Creating environment descriptor '/home/vishu/ros_hw_ws/install/diffdrive_pi_arduino/share/diffdrive_pi_arduino/hook/cmake_prefix_path.dsv'
[2.886s] INFO:colcon.colcon_core.shell:Creating environment hook '/home/vishu/ros_hw_ws/install/diffdrive_pi_arduino/share/diffdrive_pi_arduino/hook/cmake_prefix_path.sh'
[2.886s] Level 1:colcon.colcon_core.environment:checking '/home/vishu/ros_hw_ws/install/diffdrive_pi_arduino/lib'
[2.887s] Level 1:colcon.colcon_core.shell:create_environment_hook('diffdrive_pi_arduino', 'ld_library_path_lib')
[2.895s] INFO:colcon.colcon_core.shell:Creating environment hook '/home/vishu/ros_hw_ws/install/diffdrive_pi_arduino/share/diffdrive_pi_arduino/hook/ld_library_path_lib.ps1'
[2.896s] INFO:colcon.colcon_core.shell:Creating environment descriptor '/home/vishu/ros_hw_ws/install/diffdrive_pi_arduino/share/diffdrive_pi_arduino/hook/ld_library_path_lib.dsv'
[2.896s] INFO:colcon.colcon_core.shell:Creating environment hook '/home/vishu/ros_hw_ws/install/diffdrive_pi_arduino/share/diffdrive_pi_arduino/hook/ld_library_path_lib.sh'
[2.896s] Level 1:colcon.colcon_core.environment:checking '/home/vishu/ros_hw_ws/install/diffdrive_pi_arduino/bin'
[2.896s] Level 1:colcon.colcon_core.environment:checking '/home/vishu/ros_hw_ws/install/diffdrive_pi_arduino/lib/pkgconfig/diffdrive_pi_arduino.pc'
[2.896s] Level 1:colcon.colcon_core.environment:checking '/home/vishu/ros_hw_ws/install/diffdrive_pi_arduino/lib/python3.10/site-packages'
[2.896s] Level 1:colcon.colcon_core.environment:checking '/home/vishu/ros_hw_ws/install/diffdrive_pi_arduino/bin'
[2.907s] INFO:colcon.colcon_core.shell:Creating package script '/home/vishu/ros_hw_ws/install/diffdrive_pi_arduino/share/diffdrive_pi_arduino/package.ps1'
[2.907s] INFO:colcon.colcon_core.shell:Creating package descriptor '/home/vishu/ros_hw_ws/install/diffdrive_pi_arduino/share/diffdrive_pi_arduino/package.dsv'
[2.907s] INFO:colcon.colcon_core.shell:Creating package script '/home/vishu/ros_hw_ws/install/diffdrive_pi_arduino/share/diffdrive_pi_arduino/package.sh'
[2.908s] INFO:colcon.colcon_core.shell:Creating package script '/home/vishu/ros_hw_ws/install/diffdrive_pi_arduino/share/diffdrive_pi_arduino/package.bash'
[2.908s] INFO:colcon.colcon_core.shell:Creating package script '/home/vishu/ros_hw_ws/install/diffdrive_pi_arduino/share/diffdrive_pi_arduino/package.zsh'
[2.909s] Level 1:colcon.colcon_core.environment:create_file_with_runtime_dependencies(/home/vishu/ros_hw_ws/install/diffdrive_pi_arduino/share/colcon-core/packages/diffdrive_pi_arduino)
[2.941s] Level 1:colcon.colcon_core.environment:create_environment_scripts_only(diffdrive_pi_arduino)
[2.950s] Level 1:colcon.colcon_core.environment:checking '/home/vishu/ros_hw_ws/install/diffdrive_pi_arduino' for CMake module files
[2.951s] Level 1:colcon.colcon_core.environment:checking '/home/vishu/ros_hw_ws/install/diffdrive_pi_arduino' for CMake config files
[2.951s] Level 1:colcon.colcon_core.shell:create_environment_hook('diffdrive_pi_arduino', 'cmake_prefix_path')
[2.961s] INFO:colcon.colcon_core.shell:Creating environment hook '/home/vishu/ros_hw_ws/install/diffdrive_pi_arduino/share/diffdrive_pi_arduino/hook/cmake_prefix_path.ps1'
[2.961s] INFO:colcon.colcon_core.shell:Creating environment descriptor '/home/vishu/ros_hw_ws/install/diffdrive_pi_arduino/share/diffdrive_pi_arduino/hook/cmake_prefix_path.dsv'
[2.961s] INFO:colcon.colcon_core.shell:Creating environment hook '/home/vishu/ros_hw_ws/install/diffdrive_pi_arduino/share/diffdrive_pi_arduino/hook/cmake_prefix_path.sh'
[2.962s] Level 1:colcon.colcon_core.environment:checking '/home/vishu/ros_hw_ws/install/diffdrive_pi_arduino/lib'
[2.962s] Level 1:colcon.colcon_core.shell:create_environment_hook('diffdrive_pi_arduino', 'ld_library_path_lib')
[2.972s] INFO:colcon.colcon_core.shell:Creating environment hook '/home/vishu/ros_hw_ws/install/diffdrive_pi_arduino/share/diffdrive_pi_arduino/hook/ld_library_path_lib.ps1'
[2.972s] INFO:colcon.colcon_core.shell:Creating environment descriptor '/home/vishu/ros_hw_ws/install/diffdrive_pi_arduino/share/diffdrive_pi_arduino/hook/ld_library_path_lib.dsv'
[2.972s] INFO:colcon.colcon_core.shell:Creating environment hook '/home/vishu/ros_hw_ws/install/diffdrive_pi_arduino/share/diffdrive_pi_arduino/hook/ld_library_path_lib.sh'
[2.973s] Level 1:colcon.colcon_core.environment:checking '/home/vishu/ros_hw_ws/install/diffdrive_pi_arduino/bin'
[2.973s] Level 1:colcon.colcon_core.environment:checking '/home/vishu/ros_hw_ws/install/diffdrive_pi_arduino/lib/pkgconfig/diffdrive_pi_arduino.pc'
[2.973s] Level 1:colcon.colcon_core.environment:checking '/home/vishu/ros_hw_ws/install/diffdrive_pi_arduino/lib/python3.10/site-packages'
[2.973s] Level 1:colcon.colcon_core.environment:checking '/home/vishu/ros_hw_ws/install/diffdrive_pi_arduino/bin'
[2.982s] INFO:colcon.colcon_core.shell:Creating package script '/home/vishu/ros_hw_ws/install/diffdrive_pi_arduino/share/diffdrive_pi_arduino/package.ps1'
[2.983s] INFO:colcon.colcon_core.shell:Creating package descriptor '/home/vishu/ros_hw_ws/install/diffdrive_pi_arduino/share/diffdrive_pi_arduino/package.dsv'
[2.983s] INFO:colcon.colcon_core.shell:Creating package script '/home/vishu/ros_hw_ws/install/diffdrive_pi_arduino/share/diffdrive_pi_arduino/package.sh'
[2.983s] INFO:colcon.colcon_core.shell:Creating package script '/home/vishu/ros_hw_ws/install/diffdrive_pi_arduino/share/diffdrive_pi_arduino/package.bash'
[2.983s] INFO:colcon.colcon_core.shell:Creating package script '/home/vishu/ros_hw_ws/install/diffdrive_pi_arduino/share/diffdrive_pi_arduino/package.zsh'
[2.983s] Level 1:colcon.colcon_core.environment:create_file_with_runtime_dependencies(/home/vishu/ros_hw_ws/install/diffdrive_pi_arduino/share/colcon-core/packages/diffdrive_pi_arduino)
[2.984s] DEBUG:colcon.colcon_parallel_executor.executor.parallel:closing loop
[2.984s] DEBUG:colcon.colcon_parallel_executor.executor.parallel:loop closed
[2.984s] DEBUG:colcon.colcon_parallel_executor.executor.parallel:run_until_complete finished with '0'
[2.984s] DEBUG:colcon.colcon_core.event_reactor:joining thread
[2.999s] INFO:colcon.colcon_core.plugin_system:Skipping extension 'colcon_notification.desktop_notification.terminal_notifier': Not used on non-Darwin systems
[2.999s] INFO:colcon.colcon_core.plugin_system:Skipping extension 'colcon_notification.desktop_notification.win32': Not used on non-Windows systems
[2.999s] INFO:colcon.colcon_notification.desktop_notification:Sending desktop notification using 'notify2'
[3.008s] DEBUG:colcon.colcon_core.event_reactor:joined thread
[3.017s] INFO:colcon.colcon_core.shell:Creating prefix script '/home/vishu/ros_hw_ws/install/local_setup.ps1'
[3.018s] INFO:colcon.colcon_core.shell:Creating prefix util module '/home/vishu/ros_hw_ws/install/_local_setup_util_ps1.py'
[3.019s] INFO:colcon.colcon_core.shell:Creating prefix chain script '/home/vishu/ros_hw_ws/install/setup.ps1'
[3.029s] INFO:colcon.colcon_core.shell:Creating prefix script '/home/vishu/ros_hw_ws/install/local_setup.sh'
[3.030s] INFO:colcon.colcon_core.shell:Creating prefix util module '/home/vishu/ros_hw_ws/install/_local_setup_util_sh.py'
[3.030s] INFO:colcon.colcon_core.shell:Creating prefix chain script '/home/vishu/ros_hw_ws/install/setup.sh'
[3.041s] INFO:colcon.colcon_core.shell:Creating prefix script '/home/vishu/ros_hw_ws/install/local_setup.bash'
[3.041s] INFO:colcon.colcon_core.shell:Creating prefix chain script '/home/vishu/ros_hw_ws/install/setup.bash'
[3.051s] INFO:colcon.colcon_core.shell:Creating prefix script '/home/vishu/ros_hw_ws/install/local_setup.zsh'
[3.051s] INFO:colcon.colcon_core.shell:Creating prefix chain script '/home/vishu/ros_hw_ws/install/setup.zsh'
