[0.080s] Invoking command in '/home/vishu/ros_hw_ws/build/serial': CMAKE_PREFIX_PATH=${CMAKE_PREFIX_PATH}:/opt/ros/humble /usr/bin/cmake --build /home/vishu/ros_hw_ws/build/serial -- -j8 -l8
[0.104s] [35m[1mConsolidate compiler generated dependencies of target gtest_main[0m
[0.104s] [35m[1mConsolidate compiler generated dependencies of target gtest[0m
[0.104s] [35m[1mConsolidate compiler generated dependencies of target serial[0m
[0.114s] [ 14%] Built target gtest
[0.116s] [ 42%] Built target gtest_main
[0.116s] [ 57%] Built target serial
[0.124s] [35m[1mConsolidate compiler generated dependencies of target serial_example[0m
[0.124s] [35m[1mConsolidate compiler generated dependencies of target serial-test[0m
[0.126s] [35m[1mConsolidate compiler generated dependencies of target serial-test-timer[0m
[0.132s] [ 71%] Built target serial_example
[0.135s] [ 85%] Built target serial-test
[0.135s] [100%] Built target serial-test-timer
[0.145s] Invoked command in '/home/vishu/ros_hw_ws/build/serial' returned '0': CMAKE_PREFIX_PATH=${CMAKE_PREFIX_PATH}:/opt/ros/humble /usr/bin/cmake --build /home/vishu/ros_hw_ws/build/serial -- -j8 -l8
[0.166s] Invoking command in '/home/vishu/ros_hw_ws/build/serial': CMAKE_PREFIX_PATH=${CMAKE_PREFIX_PATH}:/opt/ros/humble /usr/bin/cmake --install /home/vishu/ros_hw_ws/build/serial
[0.174s] -- Install configuration: ""
[0.175s] -- Execute custom install script
[0.175s] -- Up-to-date symlink: /home/vishu/ros_hw_ws/install/serial/lib/libserial.a
[0.175s] -- Up-to-date symlink: /home/vishu/ros_hw_ws/install/serial/include/serial/serial.h
[0.176s] -- Up-to-date symlink: /home/vishu/ros_hw_ws/install/serial/include/serial/v8stdint.h
[0.176s] -- Up-to-date symlink: /home/vishu/ros_hw_ws/install/serial/share/serial/environment/library_path.sh
[0.176s] -- Up-to-date symlink: /home/vishu/ros_hw_ws/install/serial/share/serial/environment/library_path.dsv
[0.176s] -- Up-to-date symlink: /home/vishu/ros_hw_ws/install/serial/share/ament_index/resource_index/package_run_dependencies/serial
[0.176s] -- Up-to-date symlink: /home/vishu/ros_hw_ws/install/serial/share/ament_index/resource_index/parent_prefix_path/serial
[0.176s] -- Up-to-date symlink: /home/vishu/ros_hw_ws/install/serial/share/serial/environment/ament_prefix_path.sh
[0.177s] -- Up-to-date symlink: /home/vishu/ros_hw_ws/install/serial/share/serial/environment/ament_prefix_path.dsv
[0.178s] -- Up-to-date symlink: /home/vishu/ros_hw_ws/install/serial/share/serial/environment/path.sh
[0.179s] -- Up-to-date symlink: /home/vishu/ros_hw_ws/install/serial/share/serial/environment/path.dsv
[0.181s] -- Up-to-date symlink: /home/vishu/ros_hw_ws/install/serial/share/serial/local_setup.bash
[0.181s] -- Up-to-date symlink: /home/vishu/ros_hw_ws/install/serial/share/serial/local_setup.sh
[0.182s] -- Up-to-date symlink: /home/vishu/ros_hw_ws/install/serial/share/serial/local_setup.zsh
[0.184s] -- Up-to-date symlink: /home/vishu/ros_hw_ws/install/serial/share/serial/local_setup.dsv
[0.186s] -- Symlinking: /home/vishu/ros_hw_ws/install/serial/share/serial/package.dsv
[0.202s] -- Up-to-date symlink: /home/vishu/ros_hw_ws/install/serial/share/ament_index/resource_index/packages/serial
[0.202s] -- Up-to-date symlink: /home/vishu/ros_hw_ws/install/serial/share/serial/cmake/ament_cmake_export_include_directories-extras.cmake
[0.202s] -- Up-to-date symlink: /home/vishu/ros_hw_ws/install/serial/share/serial/cmake/ament_cmake_export_libraries-extras.cmake
[0.202s] -- Up-to-date symlink: /home/vishu/ros_hw_ws/install/serial/share/serial/cmake/serialConfig.cmake
[0.202s] -- Up-to-date symlink: /home/vishu/ros_hw_ws/install/serial/share/serial/cmake/serialConfig-version.cmake
[0.202s] -- Up-to-date symlink: /home/vishu/ros_hw_ws/install/serial/share/serial/package.xml
[0.204s] Invoked command in '/home/vishu/ros_hw_ws/build/serial' returned '0': CMAKE_PREFIX_PATH=${CMAKE_PREFIX_PATH}:/opt/ros/humble /usr/bin/cmake --install /home/vishu/ros_hw_ws/build/serial
