[0.012s] Invoking command in '/home/vishu/ros_hw_ws/build/diffdrive_arduino': CMAKE_PREFIX_PATH=/home/vishu/ros_hw_ws/install/serial:/home/vishu/ros_hw_ws/install/diffdrive_arduino:/home/vishu/ros_hw_ws/install/fl_robot_py:/opt/ros/humble /usr/bin/cmake --build /home/vishu/ros_hw_ws/build/diffdrive_arduino -- -j8 -l8
[0.039s] [35m[1mConsolidate compiler generated dependencies of target fake_robot[0m
[0.039s] [35m[1mConsolidate compiler generated dependencies of target diffdrive_arduino[0m
[0.052s] [ 14%] [32mBuilding CXX object CMakeFiles/fake_robot.dir/src/fake_robot.cpp.o[0m
[0.054s] [ 28%] [32mBuilding CXX object CMakeFiles/diffdrive_arduino.dir/src/diffdrive_arduino.cpp.o[0m
[1.684s] In file included from [01m[K/home/vishu/ros_hw_ws/src/diffdrive_arduino/src/fake_robot.cpp:1[m[K:
[1.684s] [01m[K/home/vishu/ros_hw_ws/src/diffdrive_arduino/include/diffdrive_arduino/fake_robot.h:35:15:[m[K [01;31m[Kerror: [m[K‘[01m[Khardware_interface::return_type FakeRobot::read()[m[K’ marked ‘[01m[Koverride[m[K’, but does not override
[1.684s]    35 |   return_type [01;31m[Kread[m[K() override;
[1.684s]       |               [01;31m[K^~~~[m[K
[1.684s] [01m[K/home/vishu/ros_hw_ws/src/diffdrive_arduino/include/diffdrive_arduino/fake_robot.h:37:15:[m[K [01;31m[Kerror: [m[K‘[01m[Khardware_interface::return_type FakeRobot::write()[m[K’ marked ‘[01m[Koverride[m[K’, but does not override
[1.684s]    37 |   return_type [01;31m[Kwrite[m[K() override;
[1.684s]       |               [01;31m[K^~~~~[m[K
[1.687s] [01m[K/home/vishu/ros_hw_ws/src/diffdrive_arduino/src/fake_robot.cpp:13:1:[m[K [01;31m[Kerror: [m[K‘[01m[KCallbackReturn[m[K’ does not name a type
[1.687s]    13 | [01;31m[KCallbackReturn[m[K FakeRobot::on_init(const hardware_interface::HardwareInfo & info)
[1.687s]       | [01;31m[K^~~~~~~~~~~~~~[m[K
[1.693s] [01m[K/home/vishu/ros_hw_ws/src/diffdrive_arduino/src/fake_robot.cpp:67:1:[m[K [01;31m[Kerror: [m[K‘[01m[KCallbackReturn[m[K’ does not name a type
[1.693s]    67 | [01;31m[KCallbackReturn[m[K FakeRobot::on_activate(const rclcpp_lifecycle::State & /*previous_state*/)
[1.693s]       | [01;31m[K^~~~~~~~~~~~~~[m[K
[1.694s] [01m[K/home/vishu/ros_hw_ws/src/diffdrive_arduino/src/fake_robot.cpp:74:1:[m[K [01;31m[Kerror: [m[K‘[01m[KCallbackReturn[m[K’ does not name a type
[1.694s]    74 | [01;31m[KCallbackReturn[m[K FakeRobot::on_deactivate(const rclcpp_lifecycle::State & /*previous_state*/)
[1.694s]       | [01;31m[K^~~~~~~~~~~~~~[m[K
[1.713s] In file included from [01m[K/home/vishu/ros_hw_ws/src/diffdrive_arduino/src/diffdrive_arduino.cpp:1[m[K:
[1.713s] [01m[K/home/vishu/ros_hw_ws/src/diffdrive_arduino/include/diffdrive_arduino/diffdrive_arduino.h:36:15:[m[K [01;31m[Kerror: [m[K‘[01m[Khardware_interface::return_type DiffDriveArduino::read()[m[K’ marked ‘[01m[Koverride[m[K’, but does not override
[1.713s]    36 |   return_type [01;31m[Kread[m[K() override;
[1.713s]       |               [01;31m[K^~~~[m[K
[1.713s] [01m[K/home/vishu/ros_hw_ws/src/diffdrive_arduino/include/diffdrive_arduino/diffdrive_arduino.h:38:15:[m[K [01;31m[Kerror: [m[K‘[01m[Khardware_interface::return_type DiffDriveArduino::write()[m[K’ marked ‘[01m[Koverride[m[K’, but does not override
[1.713s]    38 |   return_type [01;31m[Kwrite[m[K() override;
[1.713s]       |               [01;31m[K^~~~~[m[K
[1.720s] [01m[K/home/vishu/ros_hw_ws/src/diffdrive_arduino/src/diffdrive_arduino.cpp:90:33:[m[K [01;31m[Kerror: [m[Kno declaration matches ‘[01m[Khardware_interface::return_type DiffDriveArduino::read(const rclcpp::Time&, const rclcpp::Duration&)[m[K’
[1.720s]    90 | hardware_interface::return_type [01;31m[KDiffDriveArduino[m[K::read(
[1.720s]       |                                 [01;31m[K^~~~~~~~~~~~~~~~[m[K
[1.720s] In file included from [01m[K/home/vishu/ros_hw_ws/src/diffdrive_arduino/src/diffdrive_arduino.cpp:1[m[K:
[1.720s] [01m[K/home/vishu/ros_hw_ws/src/diffdrive_arduino/include/diffdrive_arduino/diffdrive_arduino.h:36:15:[m[K [01;36m[Knote: [m[Kcandidate is: ‘[01m[Khardware_interface::return_type DiffDriveArduino::read()[m[K’
[1.720s]    36 |   return_type [01;36m[Kread[m[K() override;
[1.720s]       |               [01;36m[K^~~~[m[K
[1.720s] [01m[K/home/vishu/ros_hw_ws/src/diffdrive_arduino/include/diffdrive_arduino/diffdrive_arduino.h:19:7:[m[K [01;36m[Knote: [m[K‘[01m[Kclass DiffDriveArduino[m[K’ defined here
[1.720s]    19 | class [01;36m[KDiffDriveArduino[m[K : public hardware_interface::SystemInterface
[1.720s]       |       [01;36m[K^~~~~~~~~~~~~~~~[m[K
[1.720s] [01m[K/home/vishu/ros_hw_ws/src/diffdrive_arduino/src/diffdrive_arduino.cpp:125:33:[m[K [01;31m[Kerror: [m[Kno declaration matches ‘[01m[Khardware_interface::return_type DiffDriveArduino::write(const rclcpp::Time&, const rclcpp::Duration&)[m[K’
[1.720s]   125 | hardware_interface::return_type [01;31m[KDiffDriveArduino[m[K::write(
[1.720s]       |                                 [01;31m[K^~~~~~~~~~~~~~~~[m[K
[1.720s] In file included from [01m[K/home/vishu/ros_hw_ws/src/diffdrive_arduino/src/diffdrive_arduino.cpp:1[m[K:
[1.720s] [01m[K/home/vishu/ros_hw_ws/src/diffdrive_arduino/include/diffdrive_arduino/diffdrive_arduino.h:38:15:[m[K [01;36m[Knote: [m[Kcandidate is: ‘[01m[Khardware_interface::return_type DiffDriveArduino::write()[m[K’
[1.720s]    38 |   return_type [01;36m[Kwrite[m[K() override;
[1.721s]       |               [01;36m[K^~~~~[m[K
[1.721s] [01m[K/home/vishu/ros_hw_ws/src/diffdrive_arduino/include/diffdrive_arduino/diffdrive_arduino.h:19:7:[m[K [01;36m[Knote: [m[K‘[01m[Kclass DiffDriveArduino[m[K’ defined here
[1.721s]    19 | class [01;36m[KDiffDriveArduino[m[K : public hardware_interface::SystemInterface
[1.721s]       |       [01;36m[K^~~~~~~~~~~~~~~~[m[K
[2.024s] In file included from [01m[K/opt/ros/humble/include/class_loader/class_loader/class_loader_core.hpp:57[m[K,
[2.024s]                  from [01m[K/opt/ros/humble/include/class_loader/class_loader/class_loader.hpp:55[m[K,
[2.024s]                  from [01m[K/opt/ros/humble/include/pluginlib/pluginlib/class_list_macros.hpp:40[m[K,
[2.024s]                  from [01m[K/home/vishu/ros_hw_ws/src/diffdrive_arduino/src/fake_robot.cpp:116[m[K:
[2.024s] /opt/ros/humble/include/class_loader/class_loader/meta_object.hpp: In instantiation of ‘[01m[KB* class_loader::impl::MetaObject<C, B>::create() const [with C = FakeRobot; B = hardware_interface::SystemInterface][m[K’:
[2.024s] [01m[K/opt/ros/humble/include/class_loader/class_loader/meta_object.hpp:216:7:[m[K   required from here
[2.024s] [01m[K/opt/ros/humble/include/class_loader/class_loader/meta_object.hpp:218:12:[m[K [01;31m[Kerror: [m[Kinvalid new-expression of abstract class type ‘[01m[KFakeRobot[m[K’
[2.024s]   218 |     return [01;31m[Knew C[m[K;
[2.024s]       |            [01;31m[K^~~~~[m[K
[2.024s] In file included from [01m[K/home/vishu/ros_hw_ws/src/diffdrive_arduino/src/fake_robot.cpp:1[m[K:
[2.024s] [01m[K/home/vishu/ros_hw_ws/src/diffdrive_arduino/include/diffdrive_arduino/fake_robot.h:18:7:[m[K [01;36m[Knote: [m[K  because the following virtual functions are pure within ‘[01m[KFakeRobot[m[K’:
[2.024s]    18 | class [01;36m[KFakeRobot[m[K : public hardware_interface::SystemInterface
[2.024s]       |       [01;36m[K^~~~~~~~~[m[K
[2.024s] In file included from [01m[K/home/vishu/ros_hw_ws/src/diffdrive_arduino/include/diffdrive_arduino/fake_robot.h:7[m[K,
[2.024s]                  from [01m[K/home/vishu/ros_hw_ws/src/diffdrive_arduino/src/fake_robot.cpp:1[m[K:
[2.024s] [01m[K/opt/ros/humble/include/hardware_interface/system_interface.hpp:175:23:[m[K [01;36m[Knote: [m[K    ‘[01m[Kvirtual hardware_interface::return_type hardware_interface::SystemInterface::read(const rclcpp::Time&, const rclcpp::Duration&)[m[K’
[2.024s]   175 |   virtual return_type [01;36m[Kread[m[K(const rclcpp::Time & time, const rclcpp::Duration & period) = 0;
[2.024s]       |                       [01;36m[K^~~~[m[K
[2.024s] [01m[K/opt/ros/humble/include/hardware_interface/system_interface.hpp:186:23:[m[K [01;36m[Knote: [m[K    ‘[01m[Kvirtual hardware_interface::return_type hardware_interface::SystemInterface::write(const rclcpp::Time&, const rclcpp::Duration&)[m[K’
[2.024s]   186 |   virtual return_type [01;36m[Kwrite[m[K(const rclcpp::Time & time, const rclcpp::Duration & period) = 0;
[2.025s]       |                       [01;36m[K^~~~~[m[K
[2.075s] In file included from [01m[K/opt/ros/humble/include/class_loader/class_loader/class_loader_core.hpp:57[m[K,
[2.075s]                  from [01m[K/opt/ros/humble/include/class_loader/class_loader/class_loader.hpp:55[m[K,
[2.075s]                  from [01m[K/opt/ros/humble/include/pluginlib/pluginlib/class_list_macros.hpp:40[m[K,
[2.075s]                  from [01m[K/home/vishu/ros_hw_ws/src/diffdrive_arduino/src/diffdrive_arduino.cpp:148[m[K:
[2.075s] /opt/ros/humble/include/class_loader/class_loader/meta_object.hpp: In instantiation of ‘[01m[KB* class_loader::impl::MetaObject<C, B>::create() const [with C = DiffDriveArduino; B = hardware_interface::SystemInterface][m[K’:
[2.075s] [01m[K/opt/ros/humble/include/class_loader/class_loader/meta_object.hpp:216:7:[m[K   required from here
[2.075s] [01m[K/opt/ros/humble/include/class_loader/class_loader/meta_object.hpp:218:12:[m[K [01;31m[Kerror: [m[Kinvalid new-expression of abstract class type ‘[01m[KDiffDriveArduino[m[K’
[2.075s]   218 |     return [01;31m[Knew C[m[K;
[2.075s]       |            [01;31m[K^~~~~[m[K
[2.075s] In file included from [01m[K/home/vishu/ros_hw_ws/src/diffdrive_arduino/src/diffdrive_arduino.cpp:1[m[K:
[2.075s] [01m[K/home/vishu/ros_hw_ws/src/diffdrive_arduino/include/diffdrive_arduino/diffdrive_arduino.h:19:7:[m[K [01;36m[Knote: [m[K  because the following virtual functions are pure within ‘[01m[KDiffDriveArduino[m[K’:
[2.075s]    19 | class [01;36m[KDiffDriveArduino[m[K : public hardware_interface::SystemInterface
[2.076s]       |       [01;36m[K^~~~~~~~~~~~~~~~[m[K
[2.076s] In file included from [01m[K/home/vishu/ros_hw_ws/src/diffdrive_arduino/include/diffdrive_arduino/diffdrive_arduino.h:7[m[K,
[2.076s]                  from [01m[K/home/vishu/ros_hw_ws/src/diffdrive_arduino/src/diffdrive_arduino.cpp:1[m[K:
[2.076s] [01m[K/opt/ros/humble/include/hardware_interface/system_interface.hpp:175:23:[m[K [01;36m[Knote: [m[K    ‘[01m[Kvirtual hardware_interface::return_type hardware_interface::SystemInterface::read(const rclcpp::Time&, const rclcpp::Duration&)[m[K’
[2.076s]   175 |   virtual return_type [01;36m[Kread[m[K(const rclcpp::Time & time, const rclcpp::Duration & period) = 0;
[2.076s]       |                       [01;36m[K^~~~[m[K
[2.076s] [01m[K/opt/ros/humble/include/hardware_interface/system_interface.hpp:186:23:[m[K [01;36m[Knote: [m[K    ‘[01m[Kvirtual hardware_interface::return_type hardware_interface::SystemInterface::write(const rclcpp::Time&, const rclcpp::Duration&)[m[K’
[2.076s]   186 |   virtual return_type [01;36m[Kwrite[m[K(const rclcpp::Time & time, const rclcpp::Duration & period) = 0;
[2.076s]       |                       [01;36m[K^~~~~[m[K
[2.085s] gmake[2]: *** [CMakeFiles/fake_robot.dir/build.make:76: CMakeFiles/fake_robot.dir/src/fake_robot.cpp.o] Error 1
[2.085s] gmake[1]: *** [CMakeFiles/Makefile2:165: CMakeFiles/fake_robot.dir/all] Error 2
[2.085s] gmake[1]: *** Waiting for unfinished jobs....
[2.139s] gmake[2]: *** [CMakeFiles/diffdrive_arduino.dir/build.make:76: CMakeFiles/diffdrive_arduino.dir/src/diffdrive_arduino.cpp.o] Error 1
[2.139s] gmake[1]: *** [CMakeFiles/Makefile2:139: CMakeFiles/diffdrive_arduino.dir/all] Error 2
[2.139s] gmake: *** [Makefile:146: all] Error 2
[2.140s] Invoked command in '/home/vishu/ros_hw_ws/build/diffdrive_arduino' returned '2': CMAKE_PREFIX_PATH=/home/vishu/ros_hw_ws/install/serial:/home/vishu/ros_hw_ws/install/diffdrive_arduino:/home/vishu/ros_hw_ws/install/fl_robot_py:/opt/ros/humble /usr/bin/cmake --build /home/vishu/ros_hw_ws/build/diffdrive_arduino -- -j8 -l8
