[0.012s] Invoking command in '/home/vishu/ros_hw_ws/build/diffdrive_arduino': CMAKE_PREFIX_PATH=/home/vishu/ros_hw_ws/install/serial:/home/vishu/ros_hw_ws/install/diffdrive_arduino:/home/vishu/ros_hw_ws/install/fl_robot_py:/opt/ros/humble /usr/bin/cmake --build /home/vishu/ros_hw_ws/build/diffdrive_arduino -- -j8 -l8
[0.041s] [35m[1mConsolidate compiler generated dependencies of target fake_robot[0m
[0.050s] [ 57%] Built target diffdrive_arduino
[0.055s] [ 71%] [32mBuilding CXX object CMakeFiles/fake_robot.dir/src/fake_robot.cpp.o[0m
[1.859s] In file included from [01m[K/opt/ros/humble/include/class_loader/class_loader/class_loader_core.hpp:57[m[K,
[1.859s]                  from [01m[K/opt/ros/humble/include/class_loader/class_loader/class_loader.hpp:55[m[K,
[1.859s]                  from [01m[K/opt/ros/humble/include/pluginlib/pluginlib/class_list_macros.hpp:40[m[K,
[1.859s]                  from [01m[K/home/vishu/ros_hw_ws/src/diffdrive_arduino/src/fake_robot.cpp:116[m[K:
[1.859s] /opt/ros/humble/include/class_loader/class_loader/meta_object.hpp: In instantiation of ‘[01m[KB* class_loader::impl::MetaObject<C, B>::create() const [with C = FakeRobot; B = hardware_interface::SystemInterface][m[K’:
[1.859s] [01m[K/opt/ros/humble/include/class_loader/class_loader/meta_object.hpp:216:7:[m[K   required from here
[1.859s] [01m[K/opt/ros/humble/include/class_loader/class_loader/meta_object.hpp:218:12:[m[K [01;31m[Kerror: [m[Kinvalid new-expression of abstract class type ‘[01m[KFakeRobot[m[K’
[1.859s]   218 |     return [01;31m[Knew C[m[K;
[1.860s]       |            [01;31m[K^~~~~[m[K
[1.860s] In file included from [01m[K/home/vishu/ros_hw_ws/src/diffdrive_arduino/src/fake_robot.cpp:1[m[K:
[1.860s] [01m[K/home/vishu/ros_hw_ws/src/diffdrive_arduino/include/diffdrive_arduino/fake_robot.h:18:7:[m[K [01;36m[Knote: [m[K  because the following virtual functions are pure within ‘[01m[KFakeRobot[m[K’:
[1.860s]    18 | class [01;36m[KFakeRobot[m[K : public hardware_interface::SystemInterface
[1.860s]       |       [01;36m[K^~~~~~~~~[m[K
[1.860s] In file included from [01m[K/home/vishu/ros_hw_ws/src/diffdrive_arduino/include/diffdrive_arduino/fake_robot.h:7[m[K,
[1.860s]                  from [01m[K/home/vishu/ros_hw_ws/src/diffdrive_arduino/src/fake_robot.cpp:1[m[K:
[1.860s] [01m[K/opt/ros/humble/include/hardware_interface/system_interface.hpp:175:23:[m[K [01;36m[Knote: [m[K    ‘[01m[Kvirtual hardware_interface::return_type hardware_interface::SystemInterface::read(const rclcpp::Time&, const rclcpp::Duration&)[m[K’
[1.860s]   175 |   virtual return_type [01;36m[Kread[m[K(const rclcpp::Time & time, const rclcpp::Duration & period) = 0;
[1.860s]       |                       [01;36m[K^~~~[m[K
[1.860s] [01m[K/opt/ros/humble/include/hardware_interface/system_interface.hpp:186:23:[m[K [01;36m[Knote: [m[K    ‘[01m[Kvirtual hardware_interface::return_type hardware_interface::SystemInterface::write(const rclcpp::Time&, const rclcpp::Duration&)[m[K’
[1.860s]   186 |   virtual return_type [01;36m[Kwrite[m[K(const rclcpp::Time & time, const rclcpp::Duration & period) = 0;
[1.860s]       |                       [01;36m[K^~~~~[m[K
[1.916s] gmake[2]: *** [CMakeFiles/fake_robot.dir/build.make:76: CMakeFiles/fake_robot.dir/src/fake_robot.cpp.o] Error 1
[1.916s] gmake[1]: *** [CMakeFiles/Makefile2:165: CMakeFiles/fake_robot.dir/all] Error 2
[1.916s] gmake: *** [Makefile:146: all] Error 2
[1.918s] Invoked command in '/home/vishu/ros_hw_ws/build/diffdrive_arduino' returned '2': CMAKE_PREFIX_PATH=/home/vishu/ros_hw_ws/install/serial:/home/vishu/ros_hw_ws/install/diffdrive_arduino:/home/vishu/ros_hw_ws/install/fl_robot_py:/opt/ros/humble /usr/bin/cmake --build /home/vishu/ros_hw_ws/build/diffdrive_arduino -- -j8 -l8
