-- Found ament_cmake: 1.3.5 (/opt/ros/humble/share/ament_cmake/cmake)
-- Override CMake install command with custom implementation using symlinks instead of copying resources
-- Found serial: 1.2.1 (/home/vishu/ros_hw_ws/install/serial/share/serial/cmake)
-- Found hardware_interface: 2.32.0 (/opt/ros/humble/share/hardware_interface/cmake)
-- Found rosidl_generator_c: 3.1.5 (/opt/ros/humble/share/rosidl_generator_c/cmake)
-- Found rosidl_adapter: 3.1.5 (/opt/ros/humble/share/rosidl_adapter/cmake)
-- Found rosidl_generator_cpp: 3.1.5 (/opt/ros/humble/share/rosidl_generator_cpp/cmake)
-- Using all available rosidl_typesupport_c: rosidl_typesupport_fastrtps_c;rosidl_typesupport_introspection_c
-- Using all available rosidl_typesupport_cpp: rosidl_typesupport_fastrtps_cpp;rosidl_typesupport_introspection_cpp
-- Found rmw_implementation_cmake: 6.1.1 (/opt/ros/humble/share/rmw_implementation_cmake/cmake)
-- Found rmw_fastrtps_cpp: 6.2.4 (/opt/ros/humble/share/rmw_fastrtps_cpp/cmake)
-- Using RMW implementation 'rmw_fastrtps_cpp' as default
-- Found controller_manager: 2.32.0 (/opt/ros/humble/share/controller_manager/cmake)
-- Configuring done
-- Generating done
-- Build files have been written to: /home/vishu/ros_hw_ws/build/diffdrive_pi_arduino
[ 42%] [32mBuilding CXX object CMakeFiles/fake_robot.dir/src/fake_robot.cpp.o[0m
[ 42%] [32mBuilding CXX object CMakeFiles/fake_robot.dir/src/wheel.cpp.o[0m
[ 42%] [32mBuilding CXX object CMakeFiles/diffdrive_pi_arduino.dir/src/wheel.cpp.o[0m
[ 57%] [32mBuilding CXX object CMakeFiles/diffdrive_pi_arduino.dir/src/diffdrive_pi_arduino.cpp.o[0m
[ 71%] [32mBuilding CXX object CMakeFiles/diffdrive_pi_arduino.dir/src/arduino_comms.cpp.o[0m
[ 85%] [32m[1mLinking CXX shared library libfake_robot.so[0m
[ 85%] Built target fake_robot
