[0.078s] Invoking command in '/home/vishu/ros_hw_ws/build/serial': CMAKE_PREFIX_PATH=${CMAKE_PREFIX_PATH}:/opt/ros/humble /usr/bin/cmake --build /home/vishu/ros_hw_ws/build/serial -- -j8 -l8
[0.112s] [ 28%] Built target gtest
[0.112s] [ 28%] Built target gtest_main
[0.112s] [ 57%] Built target serial
[0.128s] [ 71%] Built target serial_example
[0.128s] [ 85%] Built target serial-test
[0.128s] [100%] Built target serial-test-timer
[0.137s] Invoked command in '/home/vishu/ros_hw_ws/build/serial' returned '0': CMAKE_PREFIX_PATH=${CMAKE_PREFIX_PATH}:/opt/ros/humble /usr/bin/cmake --build /home/vishu/ros_hw_ws/build/serial -- -j8 -l8
[0.159s] Invoking command in '/home/vishu/ros_hw_ws/build/serial': CMAKE_PREFIX_PATH=${CMAKE_PREFIX_PATH}:/opt/ros/humble /usr/bin/cmake --install /home/vishu/ros_hw_ws/build/serial
[0.165s] -- Install configuration: ""
[0.165s] -- Execute custom install script
[0.165s] -- Up-to-date symlink: /home/vishu/ros_hw_ws/install/serial/lib/libserial.a
[0.166s] -- Up-to-date symlink: /home/vishu/ros_hw_ws/install/serial/include/serial/serial.h
[0.166s] -- Up-to-date symlink: /home/vishu/ros_hw_ws/install/serial/include/serial/v8stdint.h
[0.166s] -- Up-to-date symlink: /home/vishu/ros_hw_ws/install/serial/share/serial/environment/library_path.sh
[0.166s] -- Up-to-date symlink: /home/vishu/ros_hw_ws/install/serial/share/serial/environment/library_path.dsv
[0.167s] -- Up-to-date symlink: /home/vishu/ros_hw_ws/install/serial/share/ament_index/resource_index/package_run_dependencies/serial
[0.167s] -- Up-to-date symlink: /home/vishu/ros_hw_ws/install/serial/share/ament_index/resource_index/parent_prefix_path/serial
[0.167s] -- Up-to-date symlink: /home/vishu/ros_hw_ws/install/serial/share/serial/environment/ament_prefix_path.sh
[0.167s] -- Up-to-date symlink: /home/vishu/ros_hw_ws/install/serial/share/serial/environment/ament_prefix_path.dsv
[0.167s] -- Up-to-date symlink: /home/vishu/ros_hw_ws/install/serial/share/serial/environment/path.sh
[0.167s] -- Up-to-date symlink: /home/vishu/ros_hw_ws/install/serial/share/serial/environment/path.dsv
[0.167s] -- Up-to-date symlink: /home/vishu/ros_hw_ws/install/serial/share/serial/local_setup.bash
[0.167s] -- Up-to-date symlink: /home/vishu/ros_hw_ws/install/serial/share/serial/local_setup.sh
[0.167s] -- Up-to-date symlink: /home/vishu/ros_hw_ws/install/serial/share/serial/local_setup.zsh
[0.168s] -- Up-to-date symlink: /home/vishu/ros_hw_ws/install/serial/share/serial/local_setup.dsv
[0.168s] -- Symlinking: /home/vishu/ros_hw_ws/install/serial/share/serial/package.dsv
[0.174s] -- Up-to-date symlink: /home/vishu/ros_hw_ws/install/serial/share/ament_index/resource_index/packages/serial
[0.174s] -- Up-to-date symlink: /home/vishu/ros_hw_ws/install/serial/share/serial/cmake/ament_cmake_export_include_directories-extras.cmake
[0.174s] -- Up-to-date symlink: /home/vishu/ros_hw_ws/install/serial/share/serial/cmake/ament_cmake_export_libraries-extras.cmake
[0.175s] -- Up-to-date symlink: /home/vishu/ros_hw_ws/install/serial/share/serial/cmake/serialConfig.cmake
[0.175s] -- Up-to-date symlink: /home/vishu/ros_hw_ws/install/serial/share/serial/cmake/serialConfig-version.cmake
[0.175s] -- Up-to-date symlink: /home/vishu/ros_hw_ws/install/serial/share/serial/package.xml
[0.177s] Invoked command in '/home/vishu/ros_hw_ws/build/serial' returned '0': CMAKE_PREFIX_PATH=${CMAKE_PREFIX_PATH}:/opt/ros/humble /usr/bin/cmake --install /home/vishu/ros_hw_ws/build/serial
