In file included from [01m[K/opt/ros/humble/include/rclcpp/rclcpp/logging.hpp:24[m[K,
                 from [01m[K/opt/ros/humble/include/rclcpp/rclcpp/client.hpp:40[m[K,
                 from [01m[K/opt/ros/humble/include/rclcpp/rclcpp/callback_group.hpp:24[m[K,
                 from [01m[K/opt/ros/humble/include/rclcpp/rclcpp/any_executable.hpp:20[m[K,
                 from [01m[K/opt/ros/humble/include/rclcpp/rclcpp/memory_strategy.hpp:25[m[K,
                 from [01m[K/opt/ros/humble/include/rclcpp/rclcpp/memory_strategies.hpp:18[m[K,
                 from [01m[K/opt/ros/humble/include/rclcpp/rclcpp/executor_options.hpp:20[m[K,
                 from [01m[K/opt/ros/humble/include/rclcpp/rclcpp/executor.hpp:37[m[K,
                 from [01m[K/opt/ros/humble/include/rclcpp/rclcpp/executors/multi_threaded_executor.hpp:25[m[K,
                 from [01m[K/opt/ros/humble/include/rclcpp/rclcpp/executors.hpp:21[m[K,
                 from [01m[K/opt/ros/humble/include/rclcpp/rclcpp/rclcpp.hpp:155[m[K,
                 from [01m[K/home/vishu/ros_hw_ws/src/diffdrive_arduino/include/diffdrive_arduino/diffdrive_arduino.h:5[m[K,
                 from [01m[K/home/vishu/ros_hw_ws/src/diffdrive_arduino/src/diffdrive_arduino.cpp:1[m[K:
[01m[K/home/vishu/ros_hw_ws/src/diffdrive_arduino/src/diffdrive_arduino.cpp:[m[K In member function ‘[01m[Kvirtual hardware_interface::return_type DiffDriveArduino::write(const rclcpp::Time&, const rclcpp::Duration&)[m[K’:
[01m[K/home/vishu/ros_hw_ws/src/diffdrive_arduino/src/diffdrive_arduino.cpp:140:8:[m[K [01;35m[Kwarning: [m[Kformat ‘[01m[K%d[m[K’ expects argument of type ‘[01m[Kint[m[K’, but argument 6 has type ‘[01m[Kdouble[m[K’ [[01;35m[K]8;;https://gcc.gnu.org/onlinedocs/gcc/Warning-Options.html#index-Wformat=-Wformat=]8;;[m[K]
  140 |        [01;35m[K"WRITING l_wheel_.cmd '%7.3f', l_wheel_.cmd '%7d'."[m[K,
      |        [01;35m[K^~~~~~~~~~~~~~~~~~~~~~~~~~~~~~~~~~~~~~~~~~~~~~~~~~~[m[K
  141 |         l_wheel_.cmd, [32m[Kl_wheel_.cmd[m[K);
      |                       [32m[K~~~~~~~~~~~~[m[K
      |                                [32m[K|[m[K
      |                                [32m[Kdouble[m[K
[01m[K/home/vishu/ros_hw_ws/src/diffdrive_arduino/src/diffdrive_arduino.cpp:140:55:[m[K [01;36m[Knote: [m[Kformat string is defined here
  140 |        "WRITING l_wheel_.cmd '%7.3f', l_wheel_.cmd '[01;36m[K%7d[m[K'.",
      |                                                     [01;36m[K~~^[m[K
      |                                                       [01;36m[K|[m[K
      |                                                       [01;36m[Kint[m[K
      |                                                     [32m[K%7f[m[K
