[0.052s] Invoking command in '/home/vishu/ros_hw_ws/build/diffdrive_pi_arduino': CMAKE_PREFIX_PATH=/home/vishu/ros_hw_ws/install/serial:/home/vishu/ros_hw_ws/install/diffdrive_arduino:/home/vishu/ros_hw_ws/install/fl_robot_py:/home/vishu/ros_hw_ws/install/convert_cmd_vel:/opt/ros/humble /usr/bin/cmake --build /home/vishu/ros_hw_ws/build/diffdrive_pi_arduino -- -j8 -l8
[0.083s] [35m[1mConsolidate compiler generated dependencies of target fake_robot[0m
[0.083s] [35m[1mConsolidate compiler generated dependencies of target diffdrive_pi_arduino[0m
[0.095s] [ 42%] Built target fake_robot
[0.100s] [ 57%] [32mBuilding CXX object CMakeFiles/diffdrive_pi_arduino.dir/src/diffdrive_pi_arduino.cpp.o[0m
[0.101s] [ 71%] [32mBuilding CXX object CMakeFiles/diffdrive_pi_arduino.dir/src/arduino_comms.cpp.o[0m
[0.104s] [01m[Kcc1plus:[m[K [01;31m[Kfatal error: [m[K/home/vishu/ros_hw_ws/src/diffdrive_pi_arduino/src/arduino_comms.cpp: No such file or directory
[0.104s] compilation terminated.
[0.104s] gmake[2]: *** [CMakeFiles/diffdrive_pi_arduino.dir/build.make:104: CMakeFiles/diffdrive_pi_arduino.dir/src/arduino_comms.cpp.o] Error 1
[0.104s] gmake[2]: *** Waiting for unfinished jobs....
[1.603s] In file included from [01m[K/home/vishu/ros_hw_ws/src/diffdrive_pi_arduino/include/diffdrive_pi_arduino/diffdrive_pi_arduino.h:15[m[K,
[1.603s]                  from [01m[K/home/vishu/ros_hw_ws/src/diffdrive_pi_arduino/src/diffdrive_pi_arduino.cpp:1[m[K:
[1.603s] [01m[K/home/vishu/ros_hw_ws/src/diffdrive_pi_arduino/include/diffdrive_pi_arduino/arduino_pi_comms.h:[m[K In member function ‘[01m[Kbool ArduinoComms::connected() const[m[K’:
[1.603s] [01m[K/home/vishu/ros_hw_ws/src/diffdrive_pi_arduino/include/diffdrive_pi_arduino/arduino_pi_comms.h:28:35:[m[K [01;31m[Kerror: [m[K‘[01m[Kserial_conn_[m[K’ was not declared in this scope
[1.603s]    28 |   bool connected() const { return [01;31m[Kserial_conn_[m[K.isOpen(); }
[1.603s]       |                                   [01;31m[K^~~~~~~~~~~~[m[K
[1.995s] gmake[2]: *** [CMakeFiles/diffdrive_pi_arduino.dir/build.make:76: CMakeFiles/diffdrive_pi_arduino.dir/src/diffdrive_pi_arduino.cpp.o] Error 1
[1.995s] gmake[1]: *** [CMakeFiles/Makefile2:139: CMakeFiles/diffdrive_pi_arduino.dir/all] Error 2
[1.995s] gmake: *** [Makefile:146: all] Error 2
[1.997s] Invoked command in '/home/vishu/ros_hw_ws/build/diffdrive_pi_arduino' returned '2': CMAKE_PREFIX_PATH=/home/vishu/ros_hw_ws/install/serial:/home/vishu/ros_hw_ws/install/diffdrive_arduino:/home/vishu/ros_hw_ws/install/fl_robot_py:/home/vishu/ros_hw_ws/install/convert_cmd_vel:/opt/ros/humble /usr/bin/cmake --build /home/vishu/ros_hw_ws/build/diffdrive_pi_arduino -- -j8 -l8
