[0.604s] DEBUG:colcon:Command line arguments: ['/usr/bin/colcon', 'build', '--symlink-install', '--packages-select', 'fl_robot_py']
[0.604s] DEBUG:colcon:Parsed command line arguments: Namespace(log_base=None, log_level=None, verb_name='build', build_base='build', install_base='install', merge_install=False, symlink_install=True, test_result_base=None, continue_on_error=False, executor='parallel', parallel_workers=8, event_handlers=None, ignore_user_meta=False, metas=['./colcon.meta'], base_paths=['.'], packages_ignore=None, packages_ignore_regex=None, paths=None, packages_up_to=None, packages_up_to_regex=None, packages_above=None, packages_above_and_dependencies=None, packages_above_depth=None, packages_select_by_dep=None, packages_skip_by_dep=None, packages_skip_up_to=None, packages_select_build_failed=False, packages_skip_build_finished=False, packages_select_test_failures=False, packages_skip_test_passed=False, packages_select=['fl_robot_py'], packages_skip=None, packages_select_regex=None, packages_skip_regex=None, packages_start=None, packages_end=None, allow_overriding=[], cmake_args=None, cmake_target=None, cmake_target_skip_unavailable=False, cmake_clean_cache=False, cmake_clean_first=False, cmake_force_configure=False, ament_cmake_args=None, catkin_cmake_args=None, catkin_skip_building_tests=False, verb_parser=<colcon_defaults.argument_parser.defaults.DefaultArgumentsDecorator object at 0x7f21059edc30>, verb_extension=<colcon_core.verb.build.BuildVerb object at 0x7f2105c64040>, main=<bound method BuildVerb.main of <colcon_core.verb.build.BuildVerb object at 0x7f2105c64040>>)
[0.631s] Level 1:colcon.colcon_core.package_discovery:discover_packages(colcon_meta) check parameters
[0.631s] Level 1:colcon.colcon_core.package_discovery:discover_packages(recursive) check parameters
[0.631s] Level 1:colcon.colcon_core.package_discovery:discover_packages(ignore) check parameters
[0.631s] Level 1:colcon.colcon_core.package_discovery:discover_packages(path) check parameters
[0.631s] Level 1:colcon.colcon_core.package_discovery:discover_packages(colcon_meta) discover
[0.631s] Level 1:colcon.colcon_core.package_discovery:discover_packages(recursive) discover
[0.632s] INFO:colcon.colcon_core.package_discovery:Crawling recursively for packages in '/home/vishu/ros_hw_ws'
[0.632s] Level 1:colcon.colcon_core.package_identification:_identify(.) by extensions ['ignore', 'ignore_ament_install']
[0.632s] Level 1:colcon.colcon_core.package_identification:_identify(.) by extension 'ignore'
[0.632s] Level 1:colcon.colcon_core.package_identification:_identify(.) by extension 'ignore_ament_install'
[0.632s] Level 1:colcon.colcon_core.package_identification:_identify(.) by extensions ['colcon_pkg']
[0.632s] Level 1:colcon.colcon_core.package_identification:_identify(.) by extension 'colcon_pkg'
[0.632s] Level 1:colcon.colcon_core.package_identification:_identify(.) by extensions ['colcon_meta']
[0.632s] Level 1:colcon.colcon_core.package_identification:_identify(.) by extension 'colcon_meta'
[0.632s] Level 1:colcon.colcon_core.package_identification:_identify(.) by extensions ['ros']
[0.632s] Level 1:colcon.colcon_core.package_identification:_identify(.) by extension 'ros'
[0.638s] Level 1:colcon.colcon_core.package_identification:_identify(.) by extensions ['cmake', 'python']
[0.639s] Level 1:colcon.colcon_core.package_identification:_identify(.) by extension 'cmake'
[0.639s] Level 1:colcon.colcon_core.package_identification:_identify(.) by extension 'python'
[0.639s] Level 1:colcon.colcon_core.package_identification:_identify(.) by extensions ['python_setup_py']
[0.639s] Level 1:colcon.colcon_core.package_identification:_identify(.) by extension 'python_setup_py'
[0.639s] Level 1:colcon.colcon_core.package_identification:_identify(build) by extensions ['ignore', 'ignore_ament_install']
[0.639s] Level 1:colcon.colcon_core.package_identification:_identify(build) by extension 'ignore'
[0.639s] Level 1:colcon.colcon_core.package_identification:_identify(build) ignored
[0.639s] Level 1:colcon.colcon_core.package_identification:_identify(install) by extensions ['ignore', 'ignore_ament_install']
[0.639s] Level 1:colcon.colcon_core.package_identification:_identify(install) by extension 'ignore'
[0.639s] Level 1:colcon.colcon_core.package_identification:_identify(install) ignored
[0.639s] Level 1:colcon.colcon_core.package_identification:_identify(log) by extensions ['ignore', 'ignore_ament_install']
[0.639s] Level 1:colcon.colcon_core.package_identification:_identify(log) by extension 'ignore'
[0.639s] Level 1:colcon.colcon_core.package_identification:_identify(log) ignored
[0.639s] Level 1:colcon.colcon_core.package_identification:_identify(nodesAndTopics) by extensions ['ignore', 'ignore_ament_install']
[0.639s] Level 1:colcon.colcon_core.package_identification:_identify(nodesAndTopics) by extension 'ignore'
[0.639s] Level 1:colcon.colcon_core.package_identification:_identify(nodesAndTopics) by extension 'ignore_ament_install'
[0.639s] Level 1:colcon.colcon_core.package_identification:_identify(nodesAndTopics) by extensions ['colcon_pkg']
[0.640s] Level 1:colcon.colcon_core.package_identification:_identify(nodesAndTopics) by extension 'colcon_pkg'
[0.640s] Level 1:colcon.colcon_core.package_identification:_identify(nodesAndTopics) by extensions ['colcon_meta']
[0.640s] Level 1:colcon.colcon_core.package_identification:_identify(nodesAndTopics) by extension 'colcon_meta'
[0.640s] Level 1:colcon.colcon_core.package_identification:_identify(nodesAndTopics) by extensions ['ros']
[0.640s] Level 1:colcon.colcon_core.package_identification:_identify(nodesAndTopics) by extension 'ros'
[0.640s] Level 1:colcon.colcon_core.package_identification:_identify(nodesAndTopics) by extensions ['cmake', 'python']
[0.640s] Level 1:colcon.colcon_core.package_identification:_identify(nodesAndTopics) by extension 'cmake'
[0.640s] Level 1:colcon.colcon_core.package_identification:_identify(nodesAndTopics) by extension 'python'
[0.640s] Level 1:colcon.colcon_core.package_identification:_identify(nodesAndTopics) by extensions ['python_setup_py']
[0.640s] Level 1:colcon.colcon_core.package_identification:_identify(nodesAndTopics) by extension 'python_setup_py'
[0.640s] Level 1:colcon.colcon_core.package_identification:_identify(notes) by extensions ['ignore', 'ignore_ament_install']
[0.640s] Level 1:colcon.colcon_core.package_identification:_identify(notes) by extension 'ignore'
[0.640s] Level 1:colcon.colcon_core.package_identification:_identify(notes) by extension 'ignore_ament_install'
[0.640s] Level 1:colcon.colcon_core.package_identification:_identify(notes) by extensions ['colcon_pkg']
[0.640s] Level 1:colcon.colcon_core.package_identification:_identify(notes) by extension 'colcon_pkg'
[0.640s] Level 1:colcon.colcon_core.package_identification:_identify(notes) by extensions ['colcon_meta']
[0.640s] Level 1:colcon.colcon_core.package_identification:_identify(notes) by extension 'colcon_meta'
[0.640s] Level 1:colcon.colcon_core.package_identification:_identify(notes) by extensions ['ros']
[0.640s] Level 1:colcon.colcon_core.package_identification:_identify(notes) by extension 'ros'
[0.640s] Level 1:colcon.colcon_core.package_identification:_identify(notes) by extensions ['cmake', 'python']
[0.640s] Level 1:colcon.colcon_core.package_identification:_identify(notes) by extension 'cmake'
[0.640s] Level 1:colcon.colcon_core.package_identification:_identify(notes) by extension 'python'
[0.640s] Level 1:colcon.colcon_core.package_identification:_identify(notes) by extensions ['python_setup_py']
[0.640s] Level 1:colcon.colcon_core.package_identification:_identify(notes) by extension 'python_setup_py'
[0.640s] Level 1:colcon.colcon_core.package_identification:_identify(rqt) by extensions ['ignore', 'ignore_ament_install']
[0.641s] Level 1:colcon.colcon_core.package_identification:_identify(rqt) by extension 'ignore'
[0.641s] Level 1:colcon.colcon_core.package_identification:_identify(rqt) by extension 'ignore_ament_install'
[0.641s] Level 1:colcon.colcon_core.package_identification:_identify(rqt) by extensions ['colcon_pkg']
[0.641s] Level 1:colcon.colcon_core.package_identification:_identify(rqt) by extension 'colcon_pkg'
[0.641s] Level 1:colcon.colcon_core.package_identification:_identify(rqt) by extensions ['colcon_meta']
[0.641s] Level 1:colcon.colcon_core.package_identification:_identify(rqt) by extension 'colcon_meta'
[0.641s] Level 1:colcon.colcon_core.package_identification:_identify(rqt) by extensions ['ros']
[0.641s] Level 1:colcon.colcon_core.package_identification:_identify(rqt) by extension 'ros'
[0.641s] Level 1:colcon.colcon_core.package_identification:_identify(rqt) by extensions ['cmake', 'python']
[0.641s] Level 1:colcon.colcon_core.package_identification:_identify(rqt) by extension 'cmake'
[0.641s] Level 1:colcon.colcon_core.package_identification:_identify(rqt) by extension 'python'
[0.641s] Level 1:colcon.colcon_core.package_identification:_identify(rqt) by extensions ['python_setup_py']
[0.641s] Level 1:colcon.colcon_core.package_identification:_identify(rqt) by extension 'python_setup_py'
[0.641s] Level 1:colcon.colcon_core.package_identification:_identify(rqt/20231013) by extensions ['ignore', 'ignore_ament_install']
[0.641s] Level 1:colcon.colcon_core.package_identification:_identify(rqt/20231013) by extension 'ignore'
[0.641s] Level 1:colcon.colcon_core.package_identification:_identify(rqt/20231013) by extension 'ignore_ament_install'
[0.641s] Level 1:colcon.colcon_core.package_identification:_identify(rqt/20231013) by extensions ['colcon_pkg']
[0.641s] Level 1:colcon.colcon_core.package_identification:_identify(rqt/20231013) by extension 'colcon_pkg'
[0.641s] Level 1:colcon.colcon_core.package_identification:_identify(rqt/20231013) by extensions ['colcon_meta']
[0.641s] Level 1:colcon.colcon_core.package_identification:_identify(rqt/20231013) by extension 'colcon_meta'
[0.641s] Level 1:colcon.colcon_core.package_identification:_identify(rqt/20231013) by extensions ['ros']
[0.641s] Level 1:colcon.colcon_core.package_identification:_identify(rqt/20231013) by extension 'ros'
[0.641s] Level 1:colcon.colcon_core.package_identification:_identify(rqt/20231013) by extensions ['cmake', 'python']
[0.641s] Level 1:colcon.colcon_core.package_identification:_identify(rqt/20231013) by extension 'cmake'
[0.641s] Level 1:colcon.colcon_core.package_identification:_identify(rqt/20231013) by extension 'python'
[0.641s] Level 1:colcon.colcon_core.package_identification:_identify(rqt/20231013) by extensions ['python_setup_py']
[0.641s] Level 1:colcon.colcon_core.package_identification:_identify(rqt/20231013) by extension 'python_setup_py'
[0.642s] Level 1:colcon.colcon_core.package_identification:_identify(src) by extensions ['ignore', 'ignore_ament_install']
[0.642s] Level 1:colcon.colcon_core.package_identification:_identify(src) by extension 'ignore'
[0.642s] Level 1:colcon.colcon_core.package_identification:_identify(src) by extension 'ignore_ament_install'
[0.642s] Level 1:colcon.colcon_core.package_identification:_identify(src) by extensions ['colcon_pkg']
[0.642s] Level 1:colcon.colcon_core.package_identification:_identify(src) by extension 'colcon_pkg'
[0.642s] Level 1:colcon.colcon_core.package_identification:_identify(src) by extensions ['colcon_meta']
[0.642s] Level 1:colcon.colcon_core.package_identification:_identify(src) by extension 'colcon_meta'
[0.642s] Level 1:colcon.colcon_core.package_identification:_identify(src) by extensions ['ros']
[0.642s] Level 1:colcon.colcon_core.package_identification:_identify(src) by extension 'ros'
[0.642s] Level 1:colcon.colcon_core.package_identification:_identify(src) by extensions ['cmake', 'python']
[0.642s] Level 1:colcon.colcon_core.package_identification:_identify(src) by extension 'cmake'
[0.642s] Level 1:colcon.colcon_core.package_identification:_identify(src) by extension 'python'
[0.642s] Level 1:colcon.colcon_core.package_identification:_identify(src) by extensions ['python_setup_py']
[0.642s] Level 1:colcon.colcon_core.package_identification:_identify(src) by extension 'python_setup_py'
[0.642s] Level 1:colcon.colcon_core.package_identification:_identify(src/diffdrive_arduino) by extensions ['ignore', 'ignore_ament_install']
[0.642s] Level 1:colcon.colcon_core.package_identification:_identify(src/diffdrive_arduino) by extension 'ignore'
[0.642s] Level 1:colcon.colcon_core.package_identification:_identify(src/diffdrive_arduino) by extension 'ignore_ament_install'
[0.642s] Level 1:colcon.colcon_core.package_identification:_identify(src/diffdrive_arduino) by extensions ['colcon_pkg']
[0.642s] Level 1:colcon.colcon_core.package_identification:_identify(src/diffdrive_arduino) by extension 'colcon_pkg'
[0.642s] Level 1:colcon.colcon_core.package_identification:_identify(src/diffdrive_arduino) by extensions ['colcon_meta']
[0.642s] Level 1:colcon.colcon_core.package_identification:_identify(src/diffdrive_arduino) by extension 'colcon_meta'
[0.642s] Level 1:colcon.colcon_core.package_identification:_identify(src/diffdrive_arduino) by extensions ['ros']
[0.642s] Level 1:colcon.colcon_core.package_identification:_identify(src/diffdrive_arduino) by extension 'ros'
[0.644s] DEBUG:colcon.colcon_core.package_identification:Package 'src/diffdrive_arduino' with type 'ros.ament_cmake' and name 'diffdrive_arduino'
[0.644s] Level 1:colcon.colcon_core.package_identification:_identify(src/fl_robot_py) by extensions ['ignore', 'ignore_ament_install']
[0.644s] Level 1:colcon.colcon_core.package_identification:_identify(src/fl_robot_py) by extension 'ignore'
[0.644s] Level 1:colcon.colcon_core.package_identification:_identify(src/fl_robot_py) by extension 'ignore_ament_install'
[0.644s] Level 1:colcon.colcon_core.package_identification:_identify(src/fl_robot_py) by extensions ['colcon_pkg']
[0.644s] Level 1:colcon.colcon_core.package_identification:_identify(src/fl_robot_py) by extension 'colcon_pkg'
[0.644s] Level 1:colcon.colcon_core.package_identification:_identify(src/fl_robot_py) by extensions ['colcon_meta']
[0.644s] Level 1:colcon.colcon_core.package_identification:_identify(src/fl_robot_py) by extension 'colcon_meta'
[0.644s] Level 1:colcon.colcon_core.package_identification:_identify(src/fl_robot_py) by extensions ['ros']
[0.644s] Level 1:colcon.colcon_core.package_identification:_identify(src/fl_robot_py) by extension 'ros'
[0.645s] DEBUG:colcon.colcon_core.package_identification:Package 'src/fl_robot_py' with type 'ros.ament_cmake' and name 'fl_robot_py'
[0.645s] Level 1:colcon.colcon_core.package_identification:_identify(src/serial) by extensions ['ignore', 'ignore_ament_install']
[0.645s] Level 1:colcon.colcon_core.package_identification:_identify(src/serial) by extension 'ignore'
[0.645s] Level 1:colcon.colcon_core.package_identification:_identify(src/serial) by extension 'ignore_ament_install'
[0.645s] Level 1:colcon.colcon_core.package_identification:_identify(src/serial) by extensions ['colcon_pkg']
[0.645s] Level 1:colcon.colcon_core.package_identification:_identify(src/serial) by extension 'colcon_pkg'
[0.645s] Level 1:colcon.colcon_core.package_identification:_identify(src/serial) by extensions ['colcon_meta']
[0.645s] Level 1:colcon.colcon_core.package_identification:_identify(src/serial) by extension 'colcon_meta'
[0.645s] Level 1:colcon.colcon_core.package_identification:_identify(src/serial) by extensions ['ros']
[0.645s] Level 1:colcon.colcon_core.package_identification:_identify(src/serial) by extension 'ros'
[0.646s] DEBUG:colcon.colcon_core.package_identification:Package 'src/serial' with type 'ros.ament_cmake' and name 'serial'
[0.646s] Level 1:colcon.colcon_core.package_discovery:discover_packages(recursive) using defaults
[0.646s] Level 1:colcon.colcon_core.package_discovery:discover_packages(ignore) discover
[0.646s] Level 1:colcon.colcon_core.package_discovery:discover_packages(ignore) using defaults
[0.646s] Level 1:colcon.colcon_core.package_discovery:discover_packages(path) discover
[0.646s] Level 1:colcon.colcon_core.package_discovery:discover_packages(path) using defaults
[0.684s] INFO:colcon.colcon_core.package_selection:Skipping not selected package 'serial' in 'src/serial'
[0.684s] INFO:colcon.colcon_core.package_selection:Skipping not selected package 'diffdrive_arduino' in 'src/diffdrive_arduino'
[0.701s] Level 1:colcon.colcon_core.package_discovery:discover_packages(prefix_path) check parameters
[0.702s] Level 1:colcon.colcon_core.package_discovery:discover_packages(prefix_path) discover
[0.719s] DEBUG:colcon.colcon_installed_package_information.package_discovery:Found 3 installed packages in /home/vishu/ros_hw_ws/install
[0.736s] DEBUG:colcon.colcon_installed_package_information.package_discovery:Found 406 installed packages in /opt/ros/humble
[0.737s] Level 1:colcon.colcon_core.package_discovery:discover_packages(prefix_path) using defaults
[0.797s] Level 5:colcon.colcon_core.verb:set package 'fl_robot_py' build argument 'cmake_args' from command line to 'None'
[0.797s] Level 5:colcon.colcon_core.verb:set package 'fl_robot_py' build argument 'cmake_target' from command line to 'None'
[0.797s] Level 5:colcon.colcon_core.verb:set package 'fl_robot_py' build argument 'cmake_target_skip_unavailable' from command line to 'False'
[0.797s] Level 5:colcon.colcon_core.verb:set package 'fl_robot_py' build argument 'cmake_clean_cache' from command line to 'False'
[0.797s] Level 5:colcon.colcon_core.verb:set package 'fl_robot_py' build argument 'cmake_clean_first' from command line to 'False'
[0.797s] Level 5:colcon.colcon_core.verb:set package 'fl_robot_py' build argument 'cmake_force_configure' from command line to 'False'
[0.797s] Level 5:colcon.colcon_core.verb:set package 'fl_robot_py' build argument 'ament_cmake_args' from command line to 'None'
[0.797s] Level 5:colcon.colcon_core.verb:set package 'fl_robot_py' build argument 'catkin_cmake_args' from command line to 'None'
[0.797s] Level 5:colcon.colcon_core.verb:set package 'fl_robot_py' build argument 'catkin_skip_building_tests' from command line to 'False'
[0.797s] DEBUG:colcon.colcon_core.verb:Building package 'fl_robot_py' with the following arguments: {'ament_cmake_args': None, 'build_base': '/home/vishu/ros_hw_ws/build/fl_robot_py', 'catkin_cmake_args': None, 'catkin_skip_building_tests': False, 'cmake_args': None, 'cmake_clean_cache': False, 'cmake_clean_first': False, 'cmake_force_configure': False, 'cmake_target': None, 'cmake_target_skip_unavailable': False, 'install_base': '/home/vishu/ros_hw_ws/install/fl_robot_py', 'merge_install': False, 'path': '/home/vishu/ros_hw_ws/src/fl_robot_py', 'symlink_install': True, 'test_result_base': None}
[0.805s] INFO:colcon.colcon_core.executor:Executing jobs using 'parallel' executor
[0.814s] DEBUG:colcon.colcon_parallel_executor.executor.parallel:run_until_complete
[0.814s] INFO:colcon.colcon_ros.task.ament_cmake.build:Building ROS package in '/home/vishu/ros_hw_ws/src/fl_robot_py' with build type 'ament_cmake'
[0.814s] INFO:colcon.colcon_cmake.task.cmake.build:Building CMake package in '/home/vishu/ros_hw_ws/src/fl_robot_py'
[0.824s] INFO:colcon.colcon_core.plugin_system:Skipping extension 'colcon_core.shell.bat': Not used on non-Windows systems
[0.824s] INFO:colcon.colcon_core.shell:Skip shell extension 'powershell' for command environment: Not usable outside of PowerShell
[0.824s] DEBUG:colcon.colcon_core.shell:Skip shell extension 'dsv' for command environment
[0.857s] DEBUG:colcon.colcon_core.event_handler.log_command:Invoking command in '/home/vishu/ros_hw_ws/build/fl_robot_py': CMAKE_PREFIX_PATH=${CMAKE_PREFIX_PATH}:/opt/ros/humble /usr/bin/cmake --build /home/vishu/ros_hw_ws/build/fl_robot_py -- -j8 -l8
[0.883s] DEBUG:colcon.colcon_core.event_handler.log_command:Invoked command in '/home/vishu/ros_hw_ws/build/fl_robot_py' returned '0': CMAKE_PREFIX_PATH=${CMAKE_PREFIX_PATH}:/opt/ros/humble /usr/bin/cmake --build /home/vishu/ros_hw_ws/build/fl_robot_py -- -j8 -l8
[0.910s] DEBUG:colcon.colcon_core.event_handler.log_command:Invoking command in '/home/vishu/ros_hw_ws/build/fl_robot_py': CMAKE_PREFIX_PATH=${CMAKE_PREFIX_PATH}:/opt/ros/humble /usr/bin/cmake --install /home/vishu/ros_hw_ws/build/fl_robot_py
[1.104s] Level 1:colcon.colcon_core.environment:create_environment_scripts_only(fl_robot_py)
[1.104s] DEBUG:colcon.colcon_core.event_handler.log_command:Invoked command in '/home/vishu/ros_hw_ws/build/fl_robot_py' returned '0': CMAKE_PREFIX_PATH=${CMAKE_PREFIX_PATH}:/opt/ros/humble /usr/bin/cmake --install /home/vishu/ros_hw_ws/build/fl_robot_py
[1.116s] Level 1:colcon.colcon_core.environment:checking '/home/vishu/ros_hw_ws/install/fl_robot_py' for CMake module files
[1.116s] Level 1:colcon.colcon_core.environment:checking '/home/vishu/ros_hw_ws/install/fl_robot_py' for CMake config files
[1.130s] Level 1:colcon.colcon_core.shell:create_environment_hook('fl_robot_py', 'cmake_prefix_path')
[1.139s] INFO:colcon.colcon_core.shell:Creating environment hook '/home/vishu/ros_hw_ws/install/fl_robot_py/share/fl_robot_py/hook/cmake_prefix_path.ps1'
[1.139s] INFO:colcon.colcon_core.shell:Creating environment descriptor '/home/vishu/ros_hw_ws/install/fl_robot_py/share/fl_robot_py/hook/cmake_prefix_path.dsv'
[1.140s] INFO:colcon.colcon_core.shell:Creating environment hook '/home/vishu/ros_hw_ws/install/fl_robot_py/share/fl_robot_py/hook/cmake_prefix_path.sh'
[1.140s] Level 1:colcon.colcon_core.environment:checking '/home/vishu/ros_hw_ws/install/fl_robot_py/bin'
[1.140s] Level 1:colcon.colcon_core.environment:checking '/home/vishu/ros_hw_ws/install/fl_robot_py/lib/pkgconfig/fl_robot_py.pc'
[1.140s] Level 1:colcon.colcon_core.environment:checking '/home/vishu/ros_hw_ws/install/fl_robot_py/lib/python3.10/site-packages'
[1.141s] Level 1:colcon.colcon_core.environment:checking '/home/vishu/ros_hw_ws/install/fl_robot_py/bin'
[1.150s] INFO:colcon.colcon_core.shell:Creating package script '/home/vishu/ros_hw_ws/install/fl_robot_py/share/fl_robot_py/package.ps1'
[1.150s] INFO:colcon.colcon_core.shell:Creating package descriptor '/home/vishu/ros_hw_ws/install/fl_robot_py/share/fl_robot_py/package.dsv'
[1.150s] INFO:colcon.colcon_core.shell:Creating package script '/home/vishu/ros_hw_ws/install/fl_robot_py/share/fl_robot_py/package.sh'
[1.151s] INFO:colcon.colcon_core.shell:Creating package script '/home/vishu/ros_hw_ws/install/fl_robot_py/share/fl_robot_py/package.bash'
[1.151s] INFO:colcon.colcon_core.shell:Creating package script '/home/vishu/ros_hw_ws/install/fl_robot_py/share/fl_robot_py/package.zsh'
[1.151s] Level 1:colcon.colcon_core.environment:create_file_with_runtime_dependencies(/home/vishu/ros_hw_ws/install/fl_robot_py/share/colcon-core/packages/fl_robot_py)
[1.180s] Level 1:colcon.colcon_core.environment:create_environment_scripts_only(fl_robot_py)
[1.196s] Level 1:colcon.colcon_core.environment:checking '/home/vishu/ros_hw_ws/install/fl_robot_py' for CMake module files
[1.197s] Level 1:colcon.colcon_core.environment:checking '/home/vishu/ros_hw_ws/install/fl_robot_py' for CMake config files
[1.215s] Level 1:colcon.colcon_core.shell:create_environment_hook('fl_robot_py', 'cmake_prefix_path')
[1.224s] INFO:colcon.colcon_core.shell:Creating environment hook '/home/vishu/ros_hw_ws/install/fl_robot_py/share/fl_robot_py/hook/cmake_prefix_path.ps1'
[1.225s] INFO:colcon.colcon_core.shell:Creating environment descriptor '/home/vishu/ros_hw_ws/install/fl_robot_py/share/fl_robot_py/hook/cmake_prefix_path.dsv'
[1.225s] INFO:colcon.colcon_core.shell:Creating environment hook '/home/vishu/ros_hw_ws/install/fl_robot_py/share/fl_robot_py/hook/cmake_prefix_path.sh'
[1.225s] Level 1:colcon.colcon_core.environment:checking '/home/vishu/ros_hw_ws/install/fl_robot_py/bin'
[1.225s] Level 1:colcon.colcon_core.environment:checking '/home/vishu/ros_hw_ws/install/fl_robot_py/lib/pkgconfig/fl_robot_py.pc'
[1.225s] Level 1:colcon.colcon_core.environment:checking '/home/vishu/ros_hw_ws/install/fl_robot_py/lib/python3.10/site-packages'
[1.225s] Level 1:colcon.colcon_core.environment:checking '/home/vishu/ros_hw_ws/install/fl_robot_py/bin'
[1.235s] INFO:colcon.colcon_core.shell:Creating package script '/home/vishu/ros_hw_ws/install/fl_robot_py/share/fl_robot_py/package.ps1'
[1.235s] INFO:colcon.colcon_core.shell:Creating package descriptor '/home/vishu/ros_hw_ws/install/fl_robot_py/share/fl_robot_py/package.dsv'
[1.235s] INFO:colcon.colcon_core.shell:Creating package script '/home/vishu/ros_hw_ws/install/fl_robot_py/share/fl_robot_py/package.sh'
[1.235s] INFO:colcon.colcon_core.shell:Creating package script '/home/vishu/ros_hw_ws/install/fl_robot_py/share/fl_robot_py/package.bash'
[1.236s] INFO:colcon.colcon_core.shell:Creating package script '/home/vishu/ros_hw_ws/install/fl_robot_py/share/fl_robot_py/package.zsh'
[1.236s] Level 1:colcon.colcon_core.environment:create_file_with_runtime_dependencies(/home/vishu/ros_hw_ws/install/fl_robot_py/share/colcon-core/packages/fl_robot_py)
[1.236s] DEBUG:colcon.colcon_parallel_executor.executor.parallel:closing loop
[1.236s] DEBUG:colcon.colcon_parallel_executor.executor.parallel:loop closed
[1.236s] DEBUG:colcon.colcon_parallel_executor.executor.parallel:run_until_complete finished with '0'
[1.236s] DEBUG:colcon.colcon_core.event_reactor:joining thread
[1.252s] INFO:colcon.colcon_core.plugin_system:Skipping extension 'colcon_notification.desktop_notification.terminal_notifier': Not used on non-Darwin systems
[1.252s] INFO:colcon.colcon_core.plugin_system:Skipping extension 'colcon_notification.desktop_notification.win32': Not used on non-Windows systems
[1.252s] INFO:colcon.colcon_notification.desktop_notification:Sending desktop notification using 'notify2'
[1.259s] DEBUG:colcon.colcon_core.event_reactor:joined thread
[1.270s] INFO:colcon.colcon_core.shell:Creating prefix script '/home/vishu/ros_hw_ws/install/local_setup.ps1'
[1.271s] INFO:colcon.colcon_core.shell:Creating prefix util module '/home/vishu/ros_hw_ws/install/_local_setup_util_ps1.py'
[1.272s] INFO:colcon.colcon_core.shell:Creating prefix chain script '/home/vishu/ros_hw_ws/install/setup.ps1'
[1.281s] INFO:colcon.colcon_core.shell:Creating prefix script '/home/vishu/ros_hw_ws/install/local_setup.sh'
[1.282s] INFO:colcon.colcon_core.shell:Creating prefix util module '/home/vishu/ros_hw_ws/install/_local_setup_util_sh.py'
[1.282s] INFO:colcon.colcon_core.shell:Creating prefix chain script '/home/vishu/ros_hw_ws/install/setup.sh'
[1.292s] INFO:colcon.colcon_core.shell:Creating prefix script '/home/vishu/ros_hw_ws/install/local_setup.bash'
[1.292s] INFO:colcon.colcon_core.shell:Creating prefix chain script '/home/vishu/ros_hw_ws/install/setup.bash'
[1.302s] INFO:colcon.colcon_core.shell:Creating prefix script '/home/vishu/ros_hw_ws/install/local_setup.zsh'
[1.302s] INFO:colcon.colcon_core.shell:Creating prefix chain script '/home/vishu/ros_hw_ws/install/setup.zsh'
