[0.014s] Invoking command in '/home/vishu/ros_hw_ws/build/serial': CMAKE_PREFIX_PATH=/opt/ros/humble /usr/bin/cmake /home/vishu/ros_hw_ws/src/serial -DAMENT_CMAKE_SYMLINK_INSTALL=1 -DCMAKE_INSTALL_PREFIX=/home/vishu/ros_hw_ws/install/serial
[0.111s] -- The C compiler identification is GNU 11.4.0
[0.180s] -- The CXX compiler identification is GNU 11.4.0
[0.190s] -- Detecting C compiler ABI info
[0.237s] -- Detecting C compiler ABI info - done
[0.242s] -- Check for working C compiler: /usr/bin/cc - skipped
[0.242s] -- Detecting C compile features
[0.243s] -- Detecting C compile features - done
[0.245s] -- Detecting CXX compiler ABI info
[0.304s] -- Detecting CXX compiler ABI info - done
[0.310s] -- Check for working CXX compiler: /usr/bin/c++ - skipped
[0.310s] -- Detecting CXX compile features
[0.310s] -- Detecting CXX compile features - done
[0.313s] -- Found ament_cmake: 1.3.5 (/opt/ros/humble/share/ament_cmake/cmake)
[0.440s] -- Found Python3: /usr/bin/python3.10 (found version "3.10.12") found components: Interpreter 
[0.506s] -- Override CMake install command with custom implementation using symlinks instead of copying resources
[0.532s] -- Found ament_cmake_gtest: 1.3.5 (/opt/ros/humble/share/ament_cmake_gtest/cmake)
[0.546s] -- Found Boost: /usr/lib/x86_64-linux-gnu/cmake/Boost-1.74.0/BoostConfig.cmake (found version "1.74.0")  
[0.551s] -- Found gtest sources under '/opt/ros/humble/src/gtest_vendor': C++ tests using 'Google Test' will be built
[0.554s] -- Looking for pthread.h
[0.615s] -- Looking for pthread.h - found
[0.615s] -- Performing Test CMAKE_HAVE_LIBC_PTHREAD
[0.664s] -- Performing Test CMAKE_HAVE_LIBC_PTHREAD - Success
[0.665s] -- Found Threads: TRUE  
[0.718s] -- Configuring done
[0.724s] -- Generating done
[0.725s] -- Build files have been written to: /home/vishu/ros_hw_ws/build/serial
[0.729s] Invoked command in '/home/vishu/ros_hw_ws/build/serial' returned '0': CMAKE_PREFIX_PATH=/opt/ros/humble /usr/bin/cmake /home/vishu/ros_hw_ws/src/serial -DAMENT_CMAKE_SYMLINK_INSTALL=1 -DCMAKE_INSTALL_PREFIX=/home/vishu/ros_hw_ws/install/serial
[0.731s] Invoking command in '/home/vishu/ros_hw_ws/build/serial': CMAKE_PREFIX_PATH=/opt/ros/humble /usr/bin/cmake --build /home/vishu/ros_hw_ws/build/serial -- -j8 -l8
[0.764s] [  7%] [32mBuilding CXX object gtest/CMakeFiles/gtest.dir/src/gtest-all.cc.o[0m
[0.764s] [ 14%] [32mBuilding CXX object CMakeFiles/serial.dir/src/impl/unix.cc.o[0m
[0.765s] [ 28%] [32mBuilding CXX object gtest/CMakeFiles/gtest_main.dir/src/gtest_main.cc.o[0m
[0.765s] [ 28%] [32mBuilding CXX object CMakeFiles/serial.dir/src/serial.cc.o[0m
[0.766s] [ 35%] [32mBuilding CXX object CMakeFiles/serial.dir/src/impl/list_ports/list_ports_linux.cc.o[0m
[1.318s] [ 42%] [32m[1mLinking CXX static library libserial.a[0m
[1.455s] [ 42%] Built target serial
[1.470s] [ 50%] [32mBuilding CXX object CMakeFiles/serial_example.dir/examples/serial_example.cc.o[0m
[1.595s] [ 57%] [32m[1mLinking CXX static library libgtest_main.a[0m
[1.643s] [ 57%] Built target gtest_main
[1.742s] [ 64%] [32m[1mLinking CXX executable serial_example[0m
[1.824s] [ 64%] Built target serial_example
[3.480s] [ 71%] [32m[1mLinking CXX static library libgtest.a[0m
[3.548s] [ 71%] Built target gtest
[3.561s] [ 78%] [32mBuilding CXX object tests/CMakeFiles/serial-test-timer.dir/unit/unix_timer_tests.cc.o[0m
[3.561s] [ 85%] [32mBuilding CXX object tests/CMakeFiles/serial-test.dir/unix_serial_tests.cc.o[0m
[4.221s] In file included from [01m[K/usr/include/boost/bind.hpp:30[m[K,
[4.221s]                  from [01m[K/home/vishu/ros_hw_ws/src/serial/tests/unix_serial_tests.cc:23[m[K:
[4.221s] [01m[K/usr/include/boost/bind.hpp:36:1:[m[K [01;36m[Knote: [m[K‘[01m[K#pragma message: The practice of declaring the Bind placeholders (_1, _2, ...) in the global namespace is deprecated. Please use <boost/bind/bind.hpp> + using namespace boost::placeholders, or define BOOST_BIND_GLOBAL_PLACEHOLDERS to retain the current behavior.[m[K’
[4.221s]    36 | [01;36m[KBOOST_PRAGMA_MESSAGE[m[K(
[4.221s]       | [01;36m[K^~~~~~~~~~~~~~~~~~~~[m[K
[4.304s] [ 92%] [32m[1mLinking CXX executable serial-test-timer[0m
[4.404s] [100%] [32m[1mLinking CXX executable serial-test[0m
[4.412s] [100%] Built target serial-test-timer
[4.507s] [100%] Built target serial-test
[4.515s] Invoked command in '/home/vishu/ros_hw_ws/build/serial' returned '0': CMAKE_PREFIX_PATH=/opt/ros/humble /usr/bin/cmake --build /home/vishu/ros_hw_ws/build/serial -- -j8 -l8
[4.537s] Invoking command in '/home/vishu/ros_hw_ws/build/serial': CMAKE_PREFIX_PATH=/opt/ros/humble /usr/bin/cmake --install /home/vishu/ros_hw_ws/build/serial
[4.542s] -- Install configuration: ""
[4.542s] -- Execute custom install script
[4.542s] -- Symlinking: /home/vishu/ros_hw_ws/install/serial/lib/libserial.a
[4.548s] -- Symlinking: /home/vishu/ros_hw_ws/install/serial/include/serial/serial.h
[4.554s] -- Symlinking: /home/vishu/ros_hw_ws/install/serial/include/serial/v8stdint.h
[4.562s] -- Symlinking: /home/vishu/ros_hw_ws/install/serial/share/serial/environment/library_path.sh
[4.570s] -- Symlinking: /home/vishu/ros_hw_ws/install/serial/share/serial/environment/library_path.dsv
[4.578s] -- Symlinking: /home/vishu/ros_hw_ws/install/serial/share/ament_index/resource_index/package_run_dependencies/serial
[4.592s] -- Symlinking: /home/vishu/ros_hw_ws/install/serial/share/ament_index/resource_index/parent_prefix_path/serial
[4.602s] -- Symlinking: /home/vishu/ros_hw_ws/install/serial/share/serial/environment/ament_prefix_path.sh
[4.611s] -- Symlinking: /home/vishu/ros_hw_ws/install/serial/share/serial/environment/ament_prefix_path.dsv
[4.619s] -- Symlinking: /home/vishu/ros_hw_ws/install/serial/share/serial/environment/path.sh
[4.626s] -- Symlinking: /home/vishu/ros_hw_ws/install/serial/share/serial/environment/path.dsv
[4.632s] -- Symlinking: /home/vishu/ros_hw_ws/install/serial/share/serial/local_setup.bash
[4.638s] -- Symlinking: /home/vishu/ros_hw_ws/install/serial/share/serial/local_setup.sh
[4.644s] -- Symlinking: /home/vishu/ros_hw_ws/install/serial/share/serial/local_setup.zsh
[4.650s] -- Symlinking: /home/vishu/ros_hw_ws/install/serial/share/serial/local_setup.dsv
[4.655s] -- Symlinking: /home/vishu/ros_hw_ws/install/serial/share/serial/package.dsv
[4.661s] -- Symlinking: /home/vishu/ros_hw_ws/install/serial/share/ament_index/resource_index/packages/serial
[4.667s] -- Symlinking: /home/vishu/ros_hw_ws/install/serial/share/serial/cmake/ament_cmake_export_include_directories-extras.cmake
[4.673s] -- Symlinking: /home/vishu/ros_hw_ws/install/serial/share/serial/cmake/ament_cmake_export_libraries-extras.cmake
[4.679s] -- Symlinking: /home/vishu/ros_hw_ws/install/serial/share/serial/cmake/serialConfig.cmake
[4.690s] -- Symlinking: /home/vishu/ros_hw_ws/install/serial/share/serial/cmake/serialConfig-version.cmake
[4.700s] -- Symlinking: /home/vishu/ros_hw_ws/install/serial/share/serial/package.xml
[4.708s] Invoked command in '/home/vishu/ros_hw_ws/build/serial' returned '0': CMAKE_PREFIX_PATH=/opt/ros/humble /usr/bin/cmake --install /home/vishu/ros_hw_ws/build/serial
