[0.011s] Invoking command in '/home/vishu/ros_hw_ws/build/diffdrive_arduino': CMAKE_PREFIX_PATH=/home/vishu/ros_hw_ws/install/serial:/home/vishu/ros_hw_ws/install/diffdrive_arduino:/home/vishu/ros_hw_ws/install/fl_robot_py:/opt/ros/humble /usr/bin/cmake --build /home/vishu/ros_hw_ws/build/diffdrive_arduino -- -j8 -l8
[0.040s] [35m[1mConsolidate compiler generated dependencies of target fake_robot[0m
[0.040s] [35m[1mConsolidate compiler generated dependencies of target diffdrive_arduino[0m
[0.053s] [ 14%] [32mBuilding CXX object CMakeFiles/fake_robot.dir/src/fake_robot.cpp.o[0m
[0.054s] [ 28%] [32mBuilding CXX object CMakeFiles/diffdrive_arduino.dir/src/diffdrive_arduino.cpp.o[0m
[1.702s] In file included from [01m[K/home/vishu/ros_hw_ws/src/diffdrive_arduino/src/fake_robot.cpp:1[m[K:
[1.702s] [01m[K/home/vishu/ros_hw_ws/src/diffdrive_arduino/include/diffdrive_arduino/fake_robot.h:35:15:[m[K [01;31m[Kerror: [m[K‘[01m[Khardware_interface::return_type FakeRobot::read()[m[K’ marked ‘[01m[Koverride[m[K’, but does not override
[1.702s]    35 |   return_type [01;31m[Kread[m[K() override;
[1.702s]       |               [01;31m[K^~~~[m[K
[1.702s] [01m[K/home/vishu/ros_hw_ws/src/diffdrive_arduino/include/diffdrive_arduino/fake_robot.h:37:15:[m[K [01;31m[Kerror: [m[K‘[01m[Khardware_interface::return_type FakeRobot::write()[m[K’ marked ‘[01m[Koverride[m[K’, but does not override
[1.702s]    37 |   return_type [01;31m[Kwrite[m[K() override;
[1.703s]       |               [01;31m[K^~~~~[m[K
[1.705s] [01m[K/home/vishu/ros_hw_ws/src/diffdrive_arduino/src/fake_robot.cpp:13:1:[m[K [01;31m[Kerror: [m[K‘[01m[KCallbackReturn[m[K’ does not name a type
[1.705s]    13 | [01;31m[KCallbackReturn[m[K FakeRobot::on_init(const hardware_interface::HardwareInfo & info)
[1.705s]       | [01;31m[K^~~~~~~~~~~~~~[m[K
[1.711s] [01m[K/home/vishu/ros_hw_ws/src/diffdrive_arduino/src/fake_robot.cpp:67:1:[m[K [01;31m[Kerror: [m[K‘[01m[KCallbackReturn[m[K’ does not name a type
[1.711s]    67 | [01;31m[KCallbackReturn[m[K FakeRobot::on_activate(const rclcpp_lifecycle::State & /*previous_state*/)
[1.711s]       | [01;31m[K^~~~~~~~~~~~~~[m[K
[1.713s] [01m[K/home/vishu/ros_hw_ws/src/diffdrive_arduino/src/fake_robot.cpp:74:1:[m[K [01;31m[Kerror: [m[K‘[01m[KCallbackReturn[m[K’ does not name a type
[1.713s]    74 | [01;31m[KCallbackReturn[m[K FakeRobot::on_deactivate(const rclcpp_lifecycle::State & /*previous_state*/)
[1.713s]       | [01;31m[K^~~~~~~~~~~~~~[m[K
[2.045s] In file included from [01m[K/opt/ros/humble/include/class_loader/class_loader/class_loader_core.hpp:57[m[K,
[2.045s]                  from [01m[K/opt/ros/humble/include/class_loader/class_loader/class_loader.hpp:55[m[K,
[2.045s]                  from [01m[K/opt/ros/humble/include/pluginlib/pluginlib/class_list_macros.hpp:40[m[K,
[2.045s]                  from [01m[K/home/vishu/ros_hw_ws/src/diffdrive_arduino/src/fake_robot.cpp:116[m[K:
[2.045s] /opt/ros/humble/include/class_loader/class_loader/meta_object.hpp: In instantiation of ‘[01m[KB* class_loader::impl::MetaObject<C, B>::create() const [with C = FakeRobot; B = hardware_interface::SystemInterface][m[K’:
[2.045s] [01m[K/opt/ros/humble/include/class_loader/class_loader/meta_object.hpp:216:7:[m[K   required from here
[2.045s] [01m[K/opt/ros/humble/include/class_loader/class_loader/meta_object.hpp:218:12:[m[K [01;31m[Kerror: [m[Kinvalid new-expression of abstract class type ‘[01m[KFakeRobot[m[K’
[2.045s]   218 |     return [01;31m[Knew C[m[K;
[2.045s]       |            [01;31m[K^~~~~[m[K
[2.045s] In file included from [01m[K/home/vishu/ros_hw_ws/src/diffdrive_arduino/src/fake_robot.cpp:1[m[K:
[2.045s] [01m[K/home/vishu/ros_hw_ws/src/diffdrive_arduino/include/diffdrive_arduino/fake_robot.h:18:7:[m[K [01;36m[Knote: [m[K  because the following virtual functions are pure within ‘[01m[KFakeRobot[m[K’:
[2.045s]    18 | class [01;36m[KFakeRobot[m[K : public hardware_interface::SystemInterface
[2.045s]       |       [01;36m[K^~~~~~~~~[m[K
[2.046s] In file included from [01m[K/home/vishu/ros_hw_ws/src/diffdrive_arduino/include/diffdrive_arduino/fake_robot.h:7[m[K,
[2.046s]                  from [01m[K/home/vishu/ros_hw_ws/src/diffdrive_arduino/src/fake_robot.cpp:1[m[K:
[2.046s] [01m[K/opt/ros/humble/include/hardware_interface/system_interface.hpp:175:23:[m[K [01;36m[Knote: [m[K    ‘[01m[Kvirtual hardware_interface::return_type hardware_interface::SystemInterface::read(const rclcpp::Time&, const rclcpp::Duration&)[m[K’
[2.046s]   175 |   virtual return_type [01;36m[Kread[m[K(const rclcpp::Time & time, const rclcpp::Duration & period) = 0;
[2.046s]       |                       [01;36m[K^~~~[m[K
[2.046s] [01m[K/opt/ros/humble/include/hardware_interface/system_interface.hpp:186:23:[m[K [01;36m[Knote: [m[K    ‘[01m[Kvirtual hardware_interface::return_type hardware_interface::SystemInterface::write(const rclcpp::Time&, const rclcpp::Duration&)[m[K’
[2.046s]   186 |   virtual return_type [01;36m[Kwrite[m[K(const rclcpp::Time & time, const rclcpp::Duration & period) = 0;
[2.046s]       |                       [01;36m[K^~~~~[m[K
[2.110s] gmake[2]: *** [CMakeFiles/fake_robot.dir/build.make:76: CMakeFiles/fake_robot.dir/src/fake_robot.cpp.o] Error 1
[2.110s] gmake[1]: *** [CMakeFiles/Makefile2:165: CMakeFiles/fake_robot.dir/all] Error 2
[2.110s] gmake[1]: *** Waiting for unfinished jobs....
[2.406s] [ 42%] [32m[1mLinking CXX shared library libdiffdrive_arduino.so[0m
[2.526s] [ 71%] Built target diffdrive_arduino
[2.526s] gmake: *** [Makefile:146: all] Error 2
[2.528s] Invoked command in '/home/vishu/ros_hw_ws/build/diffdrive_arduino' returned '2': CMAKE_PREFIX_PATH=/home/vishu/ros_hw_ws/install/serial:/home/vishu/ros_hw_ws/install/diffdrive_arduino:/home/vishu/ros_hw_ws/install/fl_robot_py:/opt/ros/humble /usr/bin/cmake --build /home/vishu/ros_hw_ws/build/diffdrive_arduino -- -j8 -l8
