[0.019s] Invoking command in '/home/vishu/ros_hw_ws/build/serial': CMAKE_PREFIX_PATH=${CMAKE_PREFIX_PATH}:/opt/ros/humble /usr/bin/cmake /home/vishu/ros_hw_ws/src/serial -DAMENT_CMAKE_SYMLINK_INSTALL=1 -DCMAKE_INSTALL_PREFIX=/home/vishu/ros_hw_ws/install/serial
[0.112s] -- The C compiler identification is GNU 11.4.0
[0.172s] -- The CXX compiler identification is GNU 11.4.0
[0.179s] -- Detecting C compiler ABI info
[0.226s] -- Detecting C compiler ABI info - done
[0.230s] -- Check for working C compiler: /usr/bin/cc - skipped
[0.231s] -- Detecting C compile features
[0.231s] -- Detecting C compile features - done
[0.233s] -- Detecting CXX compiler ABI info
[0.286s] -- Detecting CXX compiler ABI info - done
[0.295s] -- Check for working CXX compiler: /usr/bin/c++ - skipped
[0.295s] -- Detecting CXX compile features
[0.296s] -- Detecting CXX compile features - done
[0.300s] -- Found ament_cmake: 1.3.5 (/opt/ros/humble/share/ament_cmake/cmake)
[0.417s] -- Found Python3: /usr/bin/python3.10 (found version "3.10.12") found components: Interpreter 
[0.460s] -- Override CMake install command with custom implementation using symlinks instead of copying resources
[0.490s] -- Found ament_cmake_gtest: 1.3.5 (/opt/ros/humble/share/ament_cmake_gtest/cmake)
[0.498s] -- Found Boost: /usr/lib/x86_64-linux-gnu/cmake/Boost-1.74.0/BoostConfig.cmake (found version "1.74.0")  
[0.500s] -- Found gtest sources under '/opt/ros/humble/src/gtest_vendor': C++ tests using 'Google Test' will be built
[0.502s] -- Looking for pthread.h
[0.554s] -- Looking for pthread.h - found
[0.554s] -- Performing Test CMAKE_HAVE_LIBC_PTHREAD
[0.600s] -- Performing Test CMAKE_HAVE_LIBC_PTHREAD - Success
[0.600s] -- Found Threads: TRUE  
[0.647s] -- Configuring done
[0.652s] -- Generating done
[0.653s] -- Build files have been written to: /home/vishu/ros_hw_ws/build/serial
[0.657s] Invoked command in '/home/vishu/ros_hw_ws/build/serial' returned '0': CMAKE_PREFIX_PATH=${CMAKE_PREFIX_PATH}:/opt/ros/humble /usr/bin/cmake /home/vishu/ros_hw_ws/src/serial -DAMENT_CMAKE_SYMLINK_INSTALL=1 -DCMAKE_INSTALL_PREFIX=/home/vishu/ros_hw_ws/install/serial
[0.657s] Invoking command in '/home/vishu/ros_hw_ws/build/serial': CMAKE_PREFIX_PATH=${CMAKE_PREFIX_PATH}:/opt/ros/humble /usr/bin/cmake --build /home/vishu/ros_hw_ws/build/serial -- -j8 -l8
[0.689s] [ 14%] [32mBuilding CXX object gtest/CMakeFiles/gtest_main.dir/src/gtest_main.cc.o[0m
[0.689s] [ 14%] [32mBuilding CXX object CMakeFiles/serial.dir/src/serial.cc.o[0m
[0.689s] [ 21%] [32mBuilding CXX object CMakeFiles/serial.dir/src/impl/list_ports/list_ports_linux.cc.o[0m
[0.690s] [ 28%] [32mBuilding CXX object CMakeFiles/serial.dir/src/impl/unix.cc.o[0m
[0.690s] [ 35%] [32mBuilding CXX object gtest/CMakeFiles/gtest.dir/src/gtest-all.cc.o[0m
[1.220s] [ 42%] [32m[1mLinking CXX static library libserial.a[0m
[1.320s] [ 50%] [32m[1mLinking CXX static library libgtest_main.a[0m
[1.346s] [ 50%] Built target serial
[1.361s] [ 57%] [32mBuilding CXX object CMakeFiles/serial_example.dir/examples/serial_example.cc.o[0m
[1.367s] [ 57%] Built target gtest_main
[1.583s] [ 64%] [32m[1mLinking CXX executable serial_example[0m
[1.643s] [ 64%] Built target serial_example
[2.969s] [ 71%] [32m[1mLinking CXX static library libgtest.a[0m
[3.025s] [ 71%] Built target gtest
[3.039s] [ 85%] [32mBuilding CXX object tests/CMakeFiles/serial-test.dir/unix_serial_tests.cc.o[0m
[3.039s] [ 85%] [32mBuilding CXX object tests/CMakeFiles/serial-test-timer.dir/unit/unix_timer_tests.cc.o[0m
[3.609s] In file included from [01m[K/usr/include/boost/bind.hpp:30[m[K,
[3.609s]                  from [01m[K/home/vishu/ros_hw_ws/src/serial/tests/unix_serial_tests.cc:23[m[K:
[3.610s] [01m[K/usr/include/boost/bind.hpp:36:1:[m[K [01;36m[Knote: [m[K‘[01m[K#pragma message: The practice of declaring the Bind placeholders (_1, _2, ...) in the global namespace is deprecated. Please use <boost/bind/bind.hpp> + using namespace boost::placeholders, or define BOOST_BIND_GLOBAL_PLACEHOLDERS to retain the current behavior.[m[K’
[3.610s]    36 | [01;36m[KBOOST_PRAGMA_MESSAGE[m[K(
[3.610s]       | [01;36m[K^~~~~~~~~~~~~~~~~~~~[m[K
[3.663s] [ 92%] [32m[1mLinking CXX executable serial-test-timer[0m
[3.758s] [ 92%] Built target serial-test-timer
[3.764s] [100%] [32m[1mLinking CXX executable serial-test[0m
[3.852s] [100%] Built target serial-test
[3.860s] Invoked command in '/home/vishu/ros_hw_ws/build/serial' returned '0': CMAKE_PREFIX_PATH=${CMAKE_PREFIX_PATH}:/opt/ros/humble /usr/bin/cmake --build /home/vishu/ros_hw_ws/build/serial -- -j8 -l8
[3.884s] Invoking command in '/home/vishu/ros_hw_ws/build/serial': CMAKE_PREFIX_PATH=${CMAKE_PREFIX_PATH}:/opt/ros/humble /usr/bin/cmake --install /home/vishu/ros_hw_ws/build/serial
[3.890s] -- Install configuration: ""
[3.890s] -- Execute custom install script
[3.891s] -- Symlinking: /home/vishu/ros_hw_ws/install/serial/lib/libserial.a
[3.897s] -- Symlinking: /home/vishu/ros_hw_ws/install/serial/include/serial/serial.h
[3.904s] -- Symlinking: /home/vishu/ros_hw_ws/install/serial/include/serial/v8stdint.h
[3.911s] -- Symlinking: /home/vishu/ros_hw_ws/install/serial/share/serial/environment/library_path.sh
[3.918s] -- Symlinking: /home/vishu/ros_hw_ws/install/serial/share/serial/environment/library_path.dsv
[3.923s] -- Symlinking: /home/vishu/ros_hw_ws/install/serial/share/ament_index/resource_index/package_run_dependencies/serial
[3.929s] -- Symlinking: /home/vishu/ros_hw_ws/install/serial/share/ament_index/resource_index/parent_prefix_path/serial
[3.936s] -- Symlinking: /home/vishu/ros_hw_ws/install/serial/share/serial/environment/ament_prefix_path.sh
[3.941s] -- Symlinking: /home/vishu/ros_hw_ws/install/serial/share/serial/environment/ament_prefix_path.dsv
[3.947s] -- Symlinking: /home/vishu/ros_hw_ws/install/serial/share/serial/environment/path.sh
[3.953s] -- Symlinking: /home/vishu/ros_hw_ws/install/serial/share/serial/environment/path.dsv
[3.958s] -- Symlinking: /home/vishu/ros_hw_ws/install/serial/share/serial/local_setup.bash
[3.964s] -- Symlinking: /home/vishu/ros_hw_ws/install/serial/share/serial/local_setup.sh
[3.970s] -- Symlinking: /home/vishu/ros_hw_ws/install/serial/share/serial/local_setup.zsh
[3.976s] -- Symlinking: /home/vishu/ros_hw_ws/install/serial/share/serial/local_setup.dsv
[3.981s] -- Symlinking: /home/vishu/ros_hw_ws/install/serial/share/serial/package.dsv
[3.987s] -- Symlinking: /home/vishu/ros_hw_ws/install/serial/share/ament_index/resource_index/packages/serial
[3.993s] -- Symlinking: /home/vishu/ros_hw_ws/install/serial/share/serial/cmake/ament_cmake_export_include_directories-extras.cmake
[3.999s] -- Symlinking: /home/vishu/ros_hw_ws/install/serial/share/serial/cmake/ament_cmake_export_libraries-extras.cmake
[4.004s] -- Symlinking: /home/vishu/ros_hw_ws/install/serial/share/serial/cmake/serialConfig.cmake
[4.010s] -- Symlinking: /home/vishu/ros_hw_ws/install/serial/share/serial/cmake/serialConfig-version.cmake
[4.016s] -- Symlinking: /home/vishu/ros_hw_ws/install/serial/share/serial/package.xml
[4.023s] Invoked command in '/home/vishu/ros_hw_ws/build/serial' returned '0': CMAKE_PREFIX_PATH=${CMAKE_PREFIX_PATH}:/opt/ros/humble /usr/bin/cmake --install /home/vishu/ros_hw_ws/build/serial
