[0.043s] Invoking command in '/home/vishu/ros_hw_ws/build/diffdrive_pi_arduino': CMAKE_PREFIX_PATH=/home/vishu/ros_hw_ws/install/serial:/home/vishu/ros_hw_ws/install/diffdrive_pi_arduino:/home/vishu/ros_hw_ws/install/diffdrive_arduino:/home/vishu/ros_hw_ws/install/fl_robot_py:/home/vishu/ros_hw_ws/install/convert_cmd_vel:/opt/ros/humble /usr/bin/cmake --build /home/vishu/ros_hw_ws/build/diffdrive_pi_arduino -- -j8 -l8
[0.080s] [35m[1mConsolidate compiler generated dependencies of target diffdrive_pi_arduino[0m
[0.090s] [ 42%] Built target fake_robot
[0.094s] [ 71%] [32mBuilding CXX object CMakeFiles/diffdrive_pi_arduino.dir/src/arduino_pi_comms.cpp.o[0m
[0.094s] [ 71%] [32mBuilding CXX object CMakeFiles/diffdrive_pi_arduino.dir/src/diffdrive_pi_arduino.cpp.o[0m
[1.687s] In file included from [01m[K/home/vishu/ros_hw_ws/src/diffdrive_pi_arduino/src/arduino_pi_comms.cpp:1[m[K:
[1.687s] [01m[K/home/vishu/ros_hw_ws/src/diffdrive_pi_arduino/include/diffdrive_pi_arduino/arduino_pi_comms.h:[m[K In constructor ‘[01m[KArduinoComms::ArduinoComms()[m[K’:
[1.687s] [01m[K/home/vishu/ros_hw_ws/src/diffdrive_pi_arduino/include/diffdrive_pi_arduino/arduino_pi_comms.h:17:3:[m[K [01;31m[Kerror: [m[K‘[01m[Krclcpp::Logger::Logger()[m[K’ is private within this context
[1.687s]    17 |   [01;31m[K{[m[K  }
[1.687s]       |   [01;31m[K^[m[K
[1.687s] In file included from [01m[K/opt/ros/humble/include/rclcpp/rclcpp/logging.hpp:23[m[K,
[1.687s]                  from [01m[K/opt/ros/humble/include/rclcpp/rclcpp/client.hpp:40[m[K,
[1.687s]                  from [01m[K/opt/ros/humble/include/rclcpp/rclcpp/callback_group.hpp:24[m[K,
[1.687s]                  from [01m[K/opt/ros/humble/include/rclcpp/rclcpp/any_executable.hpp:20[m[K,
[1.687s]                  from [01m[K/opt/ros/humble/include/rclcpp/rclcpp/memory_strategy.hpp:25[m[K,
[1.687s]                  from [01m[K/opt/ros/humble/include/rclcpp/rclcpp/memory_strategies.hpp:18[m[K,
[1.687s]                  from [01m[K/opt/ros/humble/include/rclcpp/rclcpp/executor_options.hpp:20[m[K,
[1.687s]                  from [01m[K/opt/ros/humble/include/rclcpp/rclcpp/executor.hpp:37[m[K,
[1.687s]                  from [01m[K/opt/ros/humble/include/rclcpp/rclcpp/executors/multi_threaded_executor.hpp:25[m[K,
[1.687s]                  from [01m[K/opt/ros/humble/include/rclcpp/rclcpp/executors.hpp:21[m[K,
[1.687s]                  from [01m[K/opt/ros/humble/include/rclcpp/rclcpp/rclcpp.hpp:155[m[K,
[1.687s]                  from [01m[K/home/vishu/ros_hw_ws/src/diffdrive_pi_arduino/include/diffdrive_pi_arduino/arduino_pi_comms.h:8[m[K,
[1.688s]                  from [01m[K/home/vishu/ros_hw_ws/src/diffdrive_pi_arduino/src/arduino_pi_comms.cpp:1[m[K:
[1.688s] [01m[K/opt/ros/humble/include/rclcpp/rclcpp/logger.hpp:114:3:[m[K [01;36m[Knote: [m[Kdeclared private here
[1.688s]   114 |   [01;36m[KLogger[m[K()
[1.688s]       |   [01;36m[K^~~~~~[m[K
[1.688s] [01m[K/home/vishu/ros_hw_ws/src/diffdrive_pi_arduino/src/arduino_pi_comms.cpp:[m[K At global scope:
[1.688s] [01m[K/home/vishu/ros_hw_ws/src/diffdrive_pi_arduino/src/arduino_pi_comms.cpp:11:1:[m[K [01;31m[Kerror: [m[Kredefinition of ‘[01m[KArduinoComms::ArduinoComms()[m[K’
[1.688s]    11 | [01;31m[KArduinoComms[m[K::ArduinoComms()
[1.688s]       | [01;31m[K^~~~~~~~~~~~[m[K
[1.688s] In file included from [01m[K/home/vishu/ros_hw_ws/src/diffdrive_pi_arduino/src/arduino_pi_comms.cpp:1[m[K:
[1.688s] [01m[K/home/vishu/ros_hw_ws/src/diffdrive_pi_arduino/include/diffdrive_pi_arduino/arduino_pi_comms.h:16:3:[m[K [01;36m[Knote: [m[K‘[01m[KArduinoComms::ArduinoComms()[m[K’ previously defined here
[1.688s]    16 |   [01;36m[KArduinoComms[m[K()
[1.688s]       |   [01;36m[K^~~~~~~~~~~~[m[K
[1.722s] In file included from [01m[K/home/vishu/ros_hw_ws/src/diffdrive_pi_arduino/include/diffdrive_pi_arduino/diffdrive_pi_arduino.h:15[m[K,
[1.722s]                  from [01m[K/home/vishu/ros_hw_ws/src/diffdrive_pi_arduino/src/diffdrive_pi_arduino.cpp:1[m[K:
[1.722s] [01m[K/home/vishu/ros_hw_ws/src/diffdrive_pi_arduino/include/diffdrive_pi_arduino/arduino_pi_comms.h:[m[K In constructor ‘[01m[KArduinoComms::ArduinoComms()[m[K’:
[1.722s] [01m[K/home/vishu/ros_hw_ws/src/diffdrive_pi_arduino/include/diffdrive_pi_arduino/arduino_pi_comms.h:17:3:[m[K [01;31m[Kerror: [m[K‘[01m[Krclcpp::Logger::Logger()[m[K’ is private within this context
[1.722s]    17 |   [01;31m[K{[m[K  }
[1.722s]       |   [01;31m[K^[m[K
[1.722s] In file included from [01m[K/opt/ros/humble/include/rclcpp/rclcpp/logging.hpp:23[m[K,
[1.722s]                  from [01m[K/opt/ros/humble/include/rclcpp/rclcpp/client.hpp:40[m[K,
[1.722s]                  from [01m[K/opt/ros/humble/include/rclcpp/rclcpp/callback_group.hpp:24[m[K,
[1.722s]                  from [01m[K/opt/ros/humble/include/rclcpp/rclcpp/any_executable.hpp:20[m[K,
[1.722s]                  from [01m[K/opt/ros/humble/include/rclcpp/rclcpp/memory_strategy.hpp:25[m[K,
[1.722s]                  from [01m[K/opt/ros/humble/include/rclcpp/rclcpp/memory_strategies.hpp:18[m[K,
[1.722s]                  from [01m[K/opt/ros/humble/include/rclcpp/rclcpp/executor_options.hpp:20[m[K,
[1.722s]                  from [01m[K/opt/ros/humble/include/rclcpp/rclcpp/executor.hpp:37[m[K,
[1.722s]                  from [01m[K/opt/ros/humble/include/rclcpp/rclcpp/executors/multi_threaded_executor.hpp:25[m[K,
[1.722s]                  from [01m[K/opt/ros/humble/include/rclcpp/rclcpp/executors.hpp:21[m[K,
[1.722s]                  from [01m[K/opt/ros/humble/include/rclcpp/rclcpp/rclcpp.hpp:155[m[K,
[1.722s]                  from [01m[K/home/vishu/ros_hw_ws/src/diffdrive_pi_arduino/include/diffdrive_pi_arduino/diffdrive_pi_arduino.h:5[m[K,
[1.722s]                  from [01m[K/home/vishu/ros_hw_ws/src/diffdrive_pi_arduino/src/diffdrive_pi_arduino.cpp:1[m[K:
[1.723s] [01m[K/opt/ros/humble/include/rclcpp/rclcpp/logger.hpp:114:3:[m[K [01;36m[Knote: [m[Kdeclared private here
[1.723s]   114 |   [01;36m[KLogger[m[K()
[1.723s]       |   [01;36m[K^~~~~~[m[K
[2.002s] gmake[2]: *** [CMakeFiles/diffdrive_pi_arduino.dir/build.make:104: CMakeFiles/diffdrive_pi_arduino.dir/src/arduino_pi_comms.cpp.o] Error 1
[2.002s] gmake[2]: *** Waiting for unfinished jobs....
[2.138s] gmake[2]: *** [CMakeFiles/diffdrive_pi_arduino.dir/build.make:76: CMakeFiles/diffdrive_pi_arduino.dir/src/diffdrive_pi_arduino.cpp.o] Error 1
[2.138s] gmake[1]: *** [CMakeFiles/Makefile2:139: CMakeFiles/diffdrive_pi_arduino.dir/all] Error 2
[2.139s] gmake: *** [Makefile:146: all] Error 2
[2.140s] Invoked command in '/home/vishu/ros_hw_ws/build/diffdrive_pi_arduino' returned '2': CMAKE_PREFIX_PATH=/home/vishu/ros_hw_ws/install/serial:/home/vishu/ros_hw_ws/install/diffdrive_pi_arduino:/home/vishu/ros_hw_ws/install/diffdrive_arduino:/home/vishu/ros_hw_ws/install/fl_robot_py:/home/vishu/ros_hw_ws/install/convert_cmd_vel:/opt/ros/humble /usr/bin/cmake --build /home/vishu/ros_hw_ws/build/diffdrive_pi_arduino -- -j8 -l8
