[0.613s] DEBUG:colcon:Command line arguments: ['/usr/bin/colcon', 'build', '--symlink-install', '--packages-select', 'real_robot01']
[0.613s] DEBUG:colcon:Parsed command line arguments: Namespace(log_base=None, log_level=None, verb_name='build', build_base='build', install_base='install', merge_install=False, symlink_install=True, test_result_base=None, continue_on_error=False, executor='parallel', parallel_workers=8, event_handlers=None, ignore_user_meta=False, metas=['./colcon.meta'], base_paths=['.'], packages_ignore=None, packages_ignore_regex=None, paths=None, packages_up_to=None, packages_up_to_regex=None, packages_above=None, packages_above_and_dependencies=None, packages_above_depth=None, packages_select_by_dep=None, packages_skip_by_dep=None, packages_skip_up_to=None, packages_select_build_failed=False, packages_skip_build_finished=False, packages_select_test_failures=False, packages_skip_test_passed=False, packages_select=['real_robot01'], packages_skip=None, packages_select_regex=None, packages_skip_regex=None, packages_start=None, packages_end=None, allow_overriding=[], cmake_args=None, cmake_target=None, cmake_target_skip_unavailable=False, cmake_clean_cache=False, cmake_clean_first=False, cmake_force_configure=False, ament_cmake_args=None, catkin_cmake_args=None, catkin_skip_building_tests=False, verb_parser=<colcon_defaults.argument_parser.defaults.DefaultArgumentsDecorator object at 0x7f41cb474d00>, verb_extension=<colcon_core.verb.build.BuildVerb object at 0x7f41cb4750f0>, main=<bound method BuildVerb.main of <colcon_core.verb.build.BuildVerb object at 0x7f41cb4750f0>>)
[0.641s] Level 1:colcon.colcon_core.package_discovery:discover_packages(colcon_meta) check parameters
[0.641s] Level 1:colcon.colcon_core.package_discovery:discover_packages(recursive) check parameters
[0.641s] Level 1:colcon.colcon_core.package_discovery:discover_packages(ignore) check parameters
[0.641s] Level 1:colcon.colcon_core.package_discovery:discover_packages(path) check parameters
[0.641s] Level 1:colcon.colcon_core.package_discovery:discover_packages(colcon_meta) discover
[0.641s] Level 1:colcon.colcon_core.package_discovery:discover_packages(recursive) discover
[0.641s] INFO:colcon.colcon_core.package_discovery:Crawling recursively for packages in '/home/vishu/ros_hw_ws'
[0.641s] Level 1:colcon.colcon_core.package_identification:_identify(.) by extensions ['ignore', 'ignore_ament_install']
[0.641s] Level 1:colcon.colcon_core.package_identification:_identify(.) by extension 'ignore'
[0.641s] Level 1:colcon.colcon_core.package_identification:_identify(.) by extension 'ignore_ament_install'
[0.641s] Level 1:colcon.colcon_core.package_identification:_identify(.) by extensions ['colcon_pkg']
[0.641s] Level 1:colcon.colcon_core.package_identification:_identify(.) by extension 'colcon_pkg'
[0.641s] Level 1:colcon.colcon_core.package_identification:_identify(.) by extensions ['colcon_meta']
[0.641s] Level 1:colcon.colcon_core.package_identification:_identify(.) by extension 'colcon_meta'
[0.641s] Level 1:colcon.colcon_core.package_identification:_identify(.) by extensions ['ros']
[0.641s] Level 1:colcon.colcon_core.package_identification:_identify(.) by extension 'ros'
[0.648s] Level 1:colcon.colcon_core.package_identification:_identify(.) by extensions ['cmake', 'python']
[0.648s] Level 1:colcon.colcon_core.package_identification:_identify(.) by extension 'cmake'
[0.648s] Level 1:colcon.colcon_core.package_identification:_identify(.) by extension 'python'
[0.648s] Level 1:colcon.colcon_core.package_identification:_identify(.) by extensions ['python_setup_py']
[0.648s] Level 1:colcon.colcon_core.package_identification:_identify(.) by extension 'python_setup_py'
[0.648s] Level 1:colcon.colcon_core.package_identification:_identify(build) by extensions ['ignore', 'ignore_ament_install']
[0.648s] Level 1:colcon.colcon_core.package_identification:_identify(build) by extension 'ignore'
[0.648s] Level 1:colcon.colcon_core.package_identification:_identify(build) ignored
[0.648s] Level 1:colcon.colcon_core.package_identification:_identify(install) by extensions ['ignore', 'ignore_ament_install']
[0.648s] Level 1:colcon.colcon_core.package_identification:_identify(install) by extension 'ignore'
[0.648s] Level 1:colcon.colcon_core.package_identification:_identify(install) ignored
[0.648s] Level 1:colcon.colcon_core.package_identification:_identify(log) by extensions ['ignore', 'ignore_ament_install']
[0.648s] Level 1:colcon.colcon_core.package_identification:_identify(log) by extension 'ignore'
[0.648s] Level 1:colcon.colcon_core.package_identification:_identify(log) ignored
[0.649s] Level 1:colcon.colcon_core.package_identification:_identify(nodesAndTopics) by extensions ['ignore', 'ignore_ament_install']
[0.649s] Level 1:colcon.colcon_core.package_identification:_identify(nodesAndTopics) by extension 'ignore'
[0.649s] Level 1:colcon.colcon_core.package_identification:_identify(nodesAndTopics) by extension 'ignore_ament_install'
[0.649s] Level 1:colcon.colcon_core.package_identification:_identify(nodesAndTopics) by extensions ['colcon_pkg']
[0.649s] Level 1:colcon.colcon_core.package_identification:_identify(nodesAndTopics) by extension 'colcon_pkg'
[0.649s] Level 1:colcon.colcon_core.package_identification:_identify(nodesAndTopics) by extensions ['colcon_meta']
[0.649s] Level 1:colcon.colcon_core.package_identification:_identify(nodesAndTopics) by extension 'colcon_meta'
[0.649s] Level 1:colcon.colcon_core.package_identification:_identify(nodesAndTopics) by extensions ['ros']
[0.649s] Level 1:colcon.colcon_core.package_identification:_identify(nodesAndTopics) by extension 'ros'
[0.649s] Level 1:colcon.colcon_core.package_identification:_identify(nodesAndTopics) by extensions ['cmake', 'python']
[0.649s] Level 1:colcon.colcon_core.package_identification:_identify(nodesAndTopics) by extension 'cmake'
[0.649s] Level 1:colcon.colcon_core.package_identification:_identify(nodesAndTopics) by extension 'python'
[0.649s] Level 1:colcon.colcon_core.package_identification:_identify(nodesAndTopics) by extensions ['python_setup_py']
[0.649s] Level 1:colcon.colcon_core.package_identification:_identify(nodesAndTopics) by extension 'python_setup_py'
[0.649s] Level 1:colcon.colcon_core.package_identification:_identify(notes) by extensions ['ignore', 'ignore_ament_install']
[0.649s] Level 1:colcon.colcon_core.package_identification:_identify(notes) by extension 'ignore'
[0.649s] Level 1:colcon.colcon_core.package_identification:_identify(notes) by extension 'ignore_ament_install'
[0.649s] Level 1:colcon.colcon_core.package_identification:_identify(notes) by extensions ['colcon_pkg']
[0.649s] Level 1:colcon.colcon_core.package_identification:_identify(notes) by extension 'colcon_pkg'
[0.649s] Level 1:colcon.colcon_core.package_identification:_identify(notes) by extensions ['colcon_meta']
[0.649s] Level 1:colcon.colcon_core.package_identification:_identify(notes) by extension 'colcon_meta'
[0.649s] Level 1:colcon.colcon_core.package_identification:_identify(notes) by extensions ['ros']
[0.649s] Level 1:colcon.colcon_core.package_identification:_identify(notes) by extension 'ros'
[0.649s] Level 1:colcon.colcon_core.package_identification:_identify(notes) by extensions ['cmake', 'python']
[0.649s] Level 1:colcon.colcon_core.package_identification:_identify(notes) by extension 'cmake'
[0.649s] Level 1:colcon.colcon_core.package_identification:_identify(notes) by extension 'python'
[0.649s] Level 1:colcon.colcon_core.package_identification:_identify(notes) by extensions ['python_setup_py']
[0.649s] Level 1:colcon.colcon_core.package_identification:_identify(notes) by extension 'python_setup_py'
[0.649s] Level 1:colcon.colcon_core.package_identification:_identify(rqt) by extensions ['ignore', 'ignore_ament_install']
[0.649s] Level 1:colcon.colcon_core.package_identification:_identify(rqt) by extension 'ignore'
[0.649s] Level 1:colcon.colcon_core.package_identification:_identify(rqt) by extension 'ignore_ament_install'
[0.649s] Level 1:colcon.colcon_core.package_identification:_identify(rqt) by extensions ['colcon_pkg']
[0.649s] Level 1:colcon.colcon_core.package_identification:_identify(rqt) by extension 'colcon_pkg'
[0.649s] Level 1:colcon.colcon_core.package_identification:_identify(rqt) by extensions ['colcon_meta']
[0.649s] Level 1:colcon.colcon_core.package_identification:_identify(rqt) by extension 'colcon_meta'
[0.649s] Level 1:colcon.colcon_core.package_identification:_identify(rqt) by extensions ['ros']
[0.649s] Level 1:colcon.colcon_core.package_identification:_identify(rqt) by extension 'ros'
[0.649s] Level 1:colcon.colcon_core.package_identification:_identify(rqt) by extensions ['cmake', 'python']
[0.649s] Level 1:colcon.colcon_core.package_identification:_identify(rqt) by extension 'cmake'
[0.650s] Level 1:colcon.colcon_core.package_identification:_identify(rqt) by extension 'python'
[0.650s] Level 1:colcon.colcon_core.package_identification:_identify(rqt) by extensions ['python_setup_py']
[0.650s] Level 1:colcon.colcon_core.package_identification:_identify(rqt) by extension 'python_setup_py'
[0.650s] Level 1:colcon.colcon_core.package_identification:_identify(rqt/20231013) by extensions ['ignore', 'ignore_ament_install']
[0.650s] Level 1:colcon.colcon_core.package_identification:_identify(rqt/20231013) by extension 'ignore'
[0.650s] Level 1:colcon.colcon_core.package_identification:_identify(rqt/20231013) by extension 'ignore_ament_install'
[0.650s] Level 1:colcon.colcon_core.package_identification:_identify(rqt/20231013) by extensions ['colcon_pkg']
[0.650s] Level 1:colcon.colcon_core.package_identification:_identify(rqt/20231013) by extension 'colcon_pkg'
[0.650s] Level 1:colcon.colcon_core.package_identification:_identify(rqt/20231013) by extensions ['colcon_meta']
[0.650s] Level 1:colcon.colcon_core.package_identification:_identify(rqt/20231013) by extension 'colcon_meta'
[0.650s] Level 1:colcon.colcon_core.package_identification:_identify(rqt/20231013) by extensions ['ros']
[0.650s] Level 1:colcon.colcon_core.package_identification:_identify(rqt/20231013) by extension 'ros'
[0.650s] Level 1:colcon.colcon_core.package_identification:_identify(rqt/20231013) by extensions ['cmake', 'python']
[0.650s] Level 1:colcon.colcon_core.package_identification:_identify(rqt/20231013) by extension 'cmake'
[0.650s] Level 1:colcon.colcon_core.package_identification:_identify(rqt/20231013) by extension 'python'
[0.650s] Level 1:colcon.colcon_core.package_identification:_identify(rqt/20231013) by extensions ['python_setup_py']
[0.650s] Level 1:colcon.colcon_core.package_identification:_identify(rqt/20231013) by extension 'python_setup_py'
[0.650s] Level 1:colcon.colcon_core.package_identification:_identify(src) by extensions ['ignore', 'ignore_ament_install']
[0.650s] Level 1:colcon.colcon_core.package_identification:_identify(src) by extension 'ignore'
[0.650s] Level 1:colcon.colcon_core.package_identification:_identify(src) by extension 'ignore_ament_install'
[0.650s] Level 1:colcon.colcon_core.package_identification:_identify(src) by extensions ['colcon_pkg']
[0.650s] Level 1:colcon.colcon_core.package_identification:_identify(src) by extension 'colcon_pkg'
[0.650s] Level 1:colcon.colcon_core.package_identification:_identify(src) by extensions ['colcon_meta']
[0.650s] Level 1:colcon.colcon_core.package_identification:_identify(src) by extension 'colcon_meta'
[0.650s] Level 1:colcon.colcon_core.package_identification:_identify(src) by extensions ['ros']
[0.650s] Level 1:colcon.colcon_core.package_identification:_identify(src) by extension 'ros'
[0.650s] Level 1:colcon.colcon_core.package_identification:_identify(src) by extensions ['cmake', 'python']
[0.650s] Level 1:colcon.colcon_core.package_identification:_identify(src) by extension 'cmake'
[0.650s] Level 1:colcon.colcon_core.package_identification:_identify(src) by extension 'python'
[0.650s] Level 1:colcon.colcon_core.package_identification:_identify(src) by extensions ['python_setup_py']
[0.650s] Level 1:colcon.colcon_core.package_identification:_identify(src) by extension 'python_setup_py'
[0.650s] Level 1:colcon.colcon_core.package_identification:_identify(src/convert_cmd_vel) by extensions ['ignore', 'ignore_ament_install']
[0.650s] Level 1:colcon.colcon_core.package_identification:_identify(src/convert_cmd_vel) by extension 'ignore'
[0.650s] Level 1:colcon.colcon_core.package_identification:_identify(src/convert_cmd_vel) by extension 'ignore_ament_install'
[0.651s] Level 1:colcon.colcon_core.package_identification:_identify(src/convert_cmd_vel) by extensions ['colcon_pkg']
[0.651s] Level 1:colcon.colcon_core.package_identification:_identify(src/convert_cmd_vel) by extension 'colcon_pkg'
[0.651s] Level 1:colcon.colcon_core.package_identification:_identify(src/convert_cmd_vel) by extensions ['colcon_meta']
[0.651s] Level 1:colcon.colcon_core.package_identification:_identify(src/convert_cmd_vel) by extension 'colcon_meta'
[0.651s] Level 1:colcon.colcon_core.package_identification:_identify(src/convert_cmd_vel) by extensions ['ros']
[0.651s] Level 1:colcon.colcon_core.package_identification:_identify(src/convert_cmd_vel) by extension 'ros'
[0.652s] DEBUG:colcon.colcon_core.package_identification:Package 'src/convert_cmd_vel' with type 'ros.ament_python' and name 'convert_cmd_vel'
[0.652s] Level 1:colcon.colcon_core.package_identification:_identify(src/diffdrive_arduino) by extensions ['ignore', 'ignore_ament_install']
[0.652s] Level 1:colcon.colcon_core.package_identification:_identify(src/diffdrive_arduino) by extension 'ignore'
[0.652s] Level 1:colcon.colcon_core.package_identification:_identify(src/diffdrive_arduino) by extension 'ignore_ament_install'
[0.652s] Level 1:colcon.colcon_core.package_identification:_identify(src/diffdrive_arduino) by extensions ['colcon_pkg']
[0.652s] Level 1:colcon.colcon_core.package_identification:_identify(src/diffdrive_arduino) by extension 'colcon_pkg'
[0.652s] Level 1:colcon.colcon_core.package_identification:_identify(src/diffdrive_arduino) by extensions ['colcon_meta']
[0.652s] Level 1:colcon.colcon_core.package_identification:_identify(src/diffdrive_arduino) by extension 'colcon_meta'
[0.652s] Level 1:colcon.colcon_core.package_identification:_identify(src/diffdrive_arduino) by extensions ['ros']
[0.652s] Level 1:colcon.colcon_core.package_identification:_identify(src/diffdrive_arduino) by extension 'ros'
[0.653s] DEBUG:colcon.colcon_core.package_identification:Package 'src/diffdrive_arduino' with type 'ros.ament_cmake' and name 'diffdrive_arduino'
[0.653s] Level 1:colcon.colcon_core.package_identification:_identify(src/diffdrive_pi_arduino) by extensions ['ignore', 'ignore_ament_install']
[0.653s] Level 1:colcon.colcon_core.package_identification:_identify(src/diffdrive_pi_arduino) by extension 'ignore'
[0.653s] Level 1:colcon.colcon_core.package_identification:_identify(src/diffdrive_pi_arduino) by extension 'ignore_ament_install'
[0.653s] Level 1:colcon.colcon_core.package_identification:_identify(src/diffdrive_pi_arduino) by extensions ['colcon_pkg']
[0.653s] Level 1:colcon.colcon_core.package_identification:_identify(src/diffdrive_pi_arduino) by extension 'colcon_pkg'
[0.653s] Level 1:colcon.colcon_core.package_identification:_identify(src/diffdrive_pi_arduino) by extensions ['colcon_meta']
[0.653s] Level 1:colcon.colcon_core.package_identification:_identify(src/diffdrive_pi_arduino) by extension 'colcon_meta'
[0.653s] Level 1:colcon.colcon_core.package_identification:_identify(src/diffdrive_pi_arduino) by extensions ['ros']
[0.653s] Level 1:colcon.colcon_core.package_identification:_identify(src/diffdrive_pi_arduino) by extension 'ros'
[0.653s] DEBUG:colcon.colcon_core.package_identification:Package 'src/diffdrive_pi_arduino' with type 'ros.ament_cmake' and name 'diffdrive_pi_arduino'
[0.654s] Level 1:colcon.colcon_core.package_identification:_identify(src/fl_robot_py) by extensions ['ignore', 'ignore_ament_install']
[0.654s] Level 1:colcon.colcon_core.package_identification:_identify(src/fl_robot_py) by extension 'ignore'
[0.654s] Level 1:colcon.colcon_core.package_identification:_identify(src/fl_robot_py) by extension 'ignore_ament_install'
[0.654s] Level 1:colcon.colcon_core.package_identification:_identify(src/fl_robot_py) by extensions ['colcon_pkg']
[0.654s] Level 1:colcon.colcon_core.package_identification:_identify(src/fl_robot_py) by extension 'colcon_pkg'
[0.654s] Level 1:colcon.colcon_core.package_identification:_identify(src/fl_robot_py) by extensions ['colcon_meta']
[0.654s] Level 1:colcon.colcon_core.package_identification:_identify(src/fl_robot_py) by extension 'colcon_meta'
[0.654s] Level 1:colcon.colcon_core.package_identification:_identify(src/fl_robot_py) by extensions ['ros']
[0.654s] Level 1:colcon.colcon_core.package_identification:_identify(src/fl_robot_py) by extension 'ros'
[0.654s] DEBUG:colcon.colcon_core.package_identification:Package 'src/fl_robot_py' with type 'ros.ament_cmake' and name 'fl_robot_py'
[0.654s] Level 1:colcon.colcon_core.package_identification:_identify(src/real_robot01) by extensions ['ignore', 'ignore_ament_install']
[0.654s] Level 1:colcon.colcon_core.package_identification:_identify(src/real_robot01) by extension 'ignore'
[0.654s] Level 1:colcon.colcon_core.package_identification:_identify(src/real_robot01) by extension 'ignore_ament_install'
[0.654s] Level 1:colcon.colcon_core.package_identification:_identify(src/real_robot01) by extensions ['colcon_pkg']
[0.654s] Level 1:colcon.colcon_core.package_identification:_identify(src/real_robot01) by extension 'colcon_pkg'
[0.654s] Level 1:colcon.colcon_core.package_identification:_identify(src/real_robot01) by extensions ['colcon_meta']
[0.654s] Level 1:colcon.colcon_core.package_identification:_identify(src/real_robot01) by extension 'colcon_meta'
[0.654s] Level 1:colcon.colcon_core.package_identification:_identify(src/real_robot01) by extensions ['ros']
[0.654s] Level 1:colcon.colcon_core.package_identification:_identify(src/real_robot01) by extension 'ros'
[0.655s] DEBUG:colcon.colcon_core.package_identification:Package 'src/real_robot01' with type 'ros.ament_cmake' and name 'real_robot01'
[0.655s] Level 1:colcon.colcon_core.package_identification:_identify(src/serial) by extensions ['ignore', 'ignore_ament_install']
[0.655s] Level 1:colcon.colcon_core.package_identification:_identify(src/serial) by extension 'ignore'
[0.655s] Level 1:colcon.colcon_core.package_identification:_identify(src/serial) by extension 'ignore_ament_install'
[0.655s] Level 1:colcon.colcon_core.package_identification:_identify(src/serial) by extensions ['colcon_pkg']
[0.655s] Level 1:colcon.colcon_core.package_identification:_identify(src/serial) by extension 'colcon_pkg'
[0.655s] Level 1:colcon.colcon_core.package_identification:_identify(src/serial) by extensions ['colcon_meta']
[0.655s] Level 1:colcon.colcon_core.package_identification:_identify(src/serial) by extension 'colcon_meta'
[0.655s] Level 1:colcon.colcon_core.package_identification:_identify(src/serial) by extensions ['ros']
[0.655s] Level 1:colcon.colcon_core.package_identification:_identify(src/serial) by extension 'ros'
[0.655s] DEBUG:colcon.colcon_core.package_identification:Package 'src/serial' with type 'ros.ament_cmake' and name 'serial'
[0.655s] Level 1:colcon.colcon_core.package_discovery:discover_packages(recursive) using defaults
[0.655s] Level 1:colcon.colcon_core.package_discovery:discover_packages(ignore) discover
[0.655s] Level 1:colcon.colcon_core.package_discovery:discover_packages(ignore) using defaults
[0.656s] Level 1:colcon.colcon_core.package_discovery:discover_packages(path) discover
[0.656s] Level 1:colcon.colcon_core.package_discovery:discover_packages(path) using defaults
[0.694s] INFO:colcon.colcon_core.package_selection:Skipping not selected package 'convert_cmd_vel' in 'src/convert_cmd_vel'
[0.694s] INFO:colcon.colcon_core.package_selection:Skipping not selected package 'fl_robot_py' in 'src/fl_robot_py'
[0.694s] INFO:colcon.colcon_core.package_selection:Skipping not selected package 'serial' in 'src/serial'
[0.694s] INFO:colcon.colcon_core.package_selection:Skipping not selected package 'diffdrive_arduino' in 'src/diffdrive_arduino'
[0.694s] INFO:colcon.colcon_core.package_selection:Skipping not selected package 'diffdrive_pi_arduino' in 'src/diffdrive_pi_arduino'
[0.711s] Level 1:colcon.colcon_core.package_discovery:discover_packages(prefix_path) check parameters
[0.711s] Level 1:colcon.colcon_core.package_discovery:discover_packages(prefix_path) discover
[0.730s] DEBUG:colcon.colcon_installed_package_information.package_discovery:Found 6 installed packages in /home/vishu/ros_hw_ws/install
[0.747s] DEBUG:colcon.colcon_installed_package_information.package_discovery:Found 406 installed packages in /opt/ros/humble
[0.748s] Level 1:colcon.colcon_core.package_discovery:discover_packages(prefix_path) using defaults
[0.808s] Level 5:colcon.colcon_core.verb:set package 'real_robot01' build argument 'cmake_args' from command line to 'None'
[0.808s] Level 5:colcon.colcon_core.verb:set package 'real_robot01' build argument 'cmake_target' from command line to 'None'
[0.808s] Level 5:colcon.colcon_core.verb:set package 'real_robot01' build argument 'cmake_target_skip_unavailable' from command line to 'False'
[0.808s] Level 5:colcon.colcon_core.verb:set package 'real_robot01' build argument 'cmake_clean_cache' from command line to 'False'
[0.808s] Level 5:colcon.colcon_core.verb:set package 'real_robot01' build argument 'cmake_clean_first' from command line to 'False'
[0.808s] Level 5:colcon.colcon_core.verb:set package 'real_robot01' build argument 'cmake_force_configure' from command line to 'False'
[0.808s] Level 5:colcon.colcon_core.verb:set package 'real_robot01' build argument 'ament_cmake_args' from command line to 'None'
[0.808s] Level 5:colcon.colcon_core.verb:set package 'real_robot01' build argument 'catkin_cmake_args' from command line to 'None'
[0.808s] Level 5:colcon.colcon_core.verb:set package 'real_robot01' build argument 'catkin_skip_building_tests' from command line to 'False'
[0.808s] DEBUG:colcon.colcon_core.verb:Building package 'real_robot01' with the following arguments: {'ament_cmake_args': None, 'build_base': '/home/vishu/ros_hw_ws/build/real_robot01', 'catkin_cmake_args': None, 'catkin_skip_building_tests': False, 'cmake_args': None, 'cmake_clean_cache': False, 'cmake_clean_first': False, 'cmake_force_configure': False, 'cmake_target': None, 'cmake_target_skip_unavailable': False, 'install_base': '/home/vishu/ros_hw_ws/install/real_robot01', 'merge_install': False, 'path': '/home/vishu/ros_hw_ws/src/real_robot01', 'symlink_install': True, 'test_result_base': None}
[0.817s] INFO:colcon.colcon_core.executor:Executing jobs using 'parallel' executor
[0.826s] DEBUG:colcon.colcon_parallel_executor.executor.parallel:run_until_complete
[0.826s] INFO:colcon.colcon_ros.task.ament_cmake.build:Building ROS package in '/home/vishu/ros_hw_ws/src/real_robot01' with build type 'ament_cmake'
[0.826s] INFO:colcon.colcon_cmake.task.cmake.build:Building CMake package in '/home/vishu/ros_hw_ws/src/real_robot01'
[0.836s] INFO:colcon.colcon_core.plugin_system:Skipping extension 'colcon_core.shell.bat': Not used on non-Windows systems
[0.836s] INFO:colcon.colcon_core.shell:Skip shell extension 'powershell' for command environment: Not usable outside of PowerShell
[0.836s] DEBUG:colcon.colcon_core.shell:Skip shell extension 'dsv' for command environment
[0.868s] DEBUG:colcon.colcon_core.event_handler.log_command:Invoking command in '/home/vishu/ros_hw_ws/build/real_robot01': CMAKE_PREFIX_PATH=${CMAKE_PREFIX_PATH}:/home/vishu/ros_hw_ws/install/convert_cmd_vel:/opt/ros/humble /usr/bin/cmake --build /home/vishu/ros_hw_ws/build/real_robot01 -- -j8 -l8
[0.893s] DEBUG:colcon.colcon_core.event_handler.log_command:Invoked command in '/home/vishu/ros_hw_ws/build/real_robot01' returned '0': CMAKE_PREFIX_PATH=${CMAKE_PREFIX_PATH}:/home/vishu/ros_hw_ws/install/convert_cmd_vel:/opt/ros/humble /usr/bin/cmake --build /home/vishu/ros_hw_ws/build/real_robot01 -- -j8 -l8
[0.917s] DEBUG:colcon.colcon_core.event_handler.log_command:Invoking command in '/home/vishu/ros_hw_ws/build/real_robot01': CMAKE_PREFIX_PATH=${CMAKE_PREFIX_PATH}:/home/vishu/ros_hw_ws/install/convert_cmd_vel:/opt/ros/humble /usr/bin/cmake --install /home/vishu/ros_hw_ws/build/real_robot01
[0.924s] DEBUG:colcon.colcon_core.event_handler.log_command:Invoked command in '/home/vishu/ros_hw_ws/build/real_robot01' returned '1': CMAKE_PREFIX_PATH=${CMAKE_PREFIX_PATH}:/home/vishu/ros_hw_ws/install/convert_cmd_vel:/opt/ros/humble /usr/bin/cmake --install /home/vishu/ros_hw_ws/build/real_robot01
[0.952s] Level 1:colcon.colcon_core.environment:create_environment_scripts_only(real_robot01)
[0.963s] Level 1:colcon.colcon_core.environment:checking '/home/vishu/ros_hw_ws/install/real_robot01' for CMake module files
[0.963s] Level 1:colcon.colcon_core.environment:checking '/home/vishu/ros_hw_ws/install/real_robot01' for CMake config files
[0.963s] Level 1:colcon.colcon_core.environment:checking '/home/vishu/ros_hw_ws/install/real_robot01/bin'
[0.963s] Level 1:colcon.colcon_core.environment:checking '/home/vishu/ros_hw_ws/install/real_robot01/lib/pkgconfig/real_robot01.pc'
[0.963s] Level 1:colcon.colcon_core.environment:checking '/home/vishu/ros_hw_ws/install/real_robot01/lib/python3.10/site-packages'
[0.963s] Level 1:colcon.colcon_core.environment:checking '/home/vishu/ros_hw_ws/install/real_robot01/bin'
[0.972s] INFO:colcon.colcon_core.shell:Creating package script '/home/vishu/ros_hw_ws/install/real_robot01/share/real_robot01/package.ps1'
[0.973s] INFO:colcon.colcon_core.shell:Creating package descriptor '/home/vishu/ros_hw_ws/install/real_robot01/share/real_robot01/package.dsv'
[0.973s] INFO:colcon.colcon_core.shell:Creating package script '/home/vishu/ros_hw_ws/install/real_robot01/share/real_robot01/package.sh'
[0.974s] INFO:colcon.colcon_core.shell:Creating package script '/home/vishu/ros_hw_ws/install/real_robot01/share/real_robot01/package.bash'
[0.974s] INFO:colcon.colcon_core.shell:Creating package script '/home/vishu/ros_hw_ws/install/real_robot01/share/real_robot01/package.zsh'
[0.975s] Level 1:colcon.colcon_core.environment:create_file_with_runtime_dependencies(/home/vishu/ros_hw_ws/install/real_robot01/share/colcon-core/packages/real_robot01)
[0.985s] DEBUG:colcon.colcon_parallel_executor.executor.parallel:closing loop
[0.985s] DEBUG:colcon.colcon_parallel_executor.executor.parallel:loop closed
[0.985s] DEBUG:colcon.colcon_parallel_executor.executor.parallel:run_until_complete finished with '1'
[0.985s] DEBUG:colcon.colcon_core.event_reactor:joining thread
[0.999s] INFO:colcon.colcon_core.plugin_system:Skipping extension 'colcon_notification.desktop_notification.terminal_notifier': Not used on non-Darwin systems
[0.999s] INFO:colcon.colcon_core.plugin_system:Skipping extension 'colcon_notification.desktop_notification.win32': Not used on non-Windows systems
[0.999s] INFO:colcon.colcon_notification.desktop_notification:Sending desktop notification using 'notify2'
[1.007s] DEBUG:colcon.colcon_core.event_reactor:joined thread
[1.020s] INFO:colcon.colcon_core.shell:Creating prefix script '/home/vishu/ros_hw_ws/install/local_setup.ps1'
[1.020s] INFO:colcon.colcon_core.shell:Creating prefix util module '/home/vishu/ros_hw_ws/install/_local_setup_util_ps1.py'
[1.021s] INFO:colcon.colcon_core.shell:Creating prefix chain script '/home/vishu/ros_hw_ws/install/setup.ps1'
[1.031s] INFO:colcon.colcon_core.shell:Creating prefix script '/home/vishu/ros_hw_ws/install/local_setup.sh'
[1.031s] INFO:colcon.colcon_core.shell:Creating prefix util module '/home/vishu/ros_hw_ws/install/_local_setup_util_sh.py'
[1.031s] INFO:colcon.colcon_core.shell:Creating prefix chain script '/home/vishu/ros_hw_ws/install/setup.sh'
[1.041s] INFO:colcon.colcon_core.shell:Creating prefix script '/home/vishu/ros_hw_ws/install/local_setup.bash'
[1.041s] INFO:colcon.colcon_core.shell:Creating prefix chain script '/home/vishu/ros_hw_ws/install/setup.bash'
[1.051s] INFO:colcon.colcon_core.shell:Creating prefix script '/home/vishu/ros_hw_ws/install/local_setup.zsh'
[1.051s] INFO:colcon.colcon_core.shell:Creating prefix chain script '/home/vishu/ros_hw_ws/install/setup.zsh'
