[0.094s] Invoking command in '/home/vishu/ros_hw_ws/build/diffdrive_arduino': CMAKE_PREFIX_PATH=/home/vishu/ros_hw_ws/install/serial:/home/vishu/ros_hw_ws/install/diffdrive_arduino:/home/vishu/ros_hw_ws/install/fl_robot_py:/opt/ros/humble /usr/bin/cmake --build /home/vishu/ros_hw_ws/build/diffdrive_arduino -- -j8 -l8
[0.134s] [ 57%] Built target diffdrive_arduino
[0.134s] [100%] Built target fake_robot
[0.144s] Invoked command in '/home/vishu/ros_hw_ws/build/diffdrive_arduino' returned '0': CMAKE_PREFIX_PATH=/home/vishu/ros_hw_ws/install/serial:/home/vishu/ros_hw_ws/install/diffdrive_arduino:/home/vishu/ros_hw_ws/install/fl_robot_py:/opt/ros/humble /usr/bin/cmake --build /home/vishu/ros_hw_ws/build/diffdrive_arduino -- -j8 -l8
[0.165s] Invoking command in '/home/vishu/ros_hw_ws/build/diffdrive_arduino': CMAKE_PREFIX_PATH=/home/vishu/ros_hw_ws/install/serial:/home/vishu/ros_hw_ws/install/diffdrive_arduino:/home/vishu/ros_hw_ws/install/fl_robot_py:/opt/ros/humble /usr/bin/cmake --install /home/vishu/ros_hw_ws/build/diffdrive_arduino
[0.170s] -- Install configuration: ""
[0.170s] -- Execute custom install script
[0.171s] -- Up-to-date symlink: /home/vishu/ros_hw_ws/install/diffdrive_arduino/share/diffdrive_arduino//robot_hardware.xml
[0.171s] -- Up-to-date symlink: /home/vishu/ros_hw_ws/install/diffdrive_arduino/share/diffdrive_arduino//fake_robot_hardware.xml
[0.171s] -- Up-to-date symlink: /home/vishu/ros_hw_ws/install/diffdrive_arduino/lib/libdiffdrive_arduino.so
[0.171s] -- Up-to-date symlink: /home/vishu/ros_hw_ws/install/diffdrive_arduino/lib/libfake_robot.so
[0.171s] -- Up-to-date symlink: /home/vishu/ros_hw_ws/install/diffdrive_arduino/share/diffdrive_arduino/controllers/robot_controller_example.yaml
[0.171s] -- Up-to-date symlink: /home/vishu/ros_hw_ws/install/diffdrive_arduino/share/diffdrive_arduino/fake_robot.launch.py
[0.171s] -- Up-to-date symlink: /home/vishu/ros_hw_ws/install/diffdrive_arduino/share/diffdrive_arduino/test_robot.launch.py
[0.171s] -- Up-to-date symlink: /home/vishu/ros_hw_ws/install/diffdrive_arduino/share/diffdrive_arduino/environment/library_path.sh
[0.172s] -- Up-to-date symlink: /home/vishu/ros_hw_ws/install/diffdrive_arduino/share/diffdrive_arduino/environment/library_path.dsv
[0.172s] -- Up-to-date symlink: /home/vishu/ros_hw_ws/install/diffdrive_arduino/share/ament_index/resource_index/package_run_dependencies/diffdrive_arduino
[0.172s] -- Up-to-date symlink: /home/vishu/ros_hw_ws/install/diffdrive_arduino/share/ament_index/resource_index/parent_prefix_path/diffdrive_arduino
[0.172s] -- Up-to-date symlink: /home/vishu/ros_hw_ws/install/diffdrive_arduino/share/diffdrive_arduino/environment/ament_prefix_path.sh
[0.172s] -- Up-to-date symlink: /home/vishu/ros_hw_ws/install/diffdrive_arduino/share/diffdrive_arduino/environment/ament_prefix_path.dsv
[0.172s] -- Up-to-date symlink: /home/vishu/ros_hw_ws/install/diffdrive_arduino/share/diffdrive_arduino/environment/path.sh
[0.172s] -- Up-to-date symlink: /home/vishu/ros_hw_ws/install/diffdrive_arduino/share/diffdrive_arduino/environment/path.dsv
[0.172s] -- Up-to-date symlink: /home/vishu/ros_hw_ws/install/diffdrive_arduino/share/diffdrive_arduino/local_setup.bash
[0.172s] -- Up-to-date symlink: /home/vishu/ros_hw_ws/install/diffdrive_arduino/share/diffdrive_arduino/local_setup.sh
[0.172s] -- Up-to-date symlink: /home/vishu/ros_hw_ws/install/diffdrive_arduino/share/diffdrive_arduino/local_setup.zsh
[0.172s] -- Up-to-date symlink: /home/vishu/ros_hw_ws/install/diffdrive_arduino/share/diffdrive_arduino/local_setup.dsv
[0.172s] -- Symlinking: /home/vishu/ros_hw_ws/install/diffdrive_arduino/share/diffdrive_arduino/package.dsv
[0.178s] -- Up-to-date symlink: /home/vishu/ros_hw_ws/install/diffdrive_arduino/share/ament_index/resource_index/packages/diffdrive_arduino
[0.178s] -- Up-to-date symlink: /home/vishu/ros_hw_ws/install/diffdrive_arduino/share/ament_index/resource_index/hardware_interface__pluginlib__plugin/diffdrive_arduino
[0.178s] -- Up-to-date symlink: /home/vishu/ros_hw_ws/install/diffdrive_arduino/share/diffdrive_arduino/cmake/ament_cmake_export_libraries-extras.cmake
[0.178s] -- Up-to-date symlink: /home/vishu/ros_hw_ws/install/diffdrive_arduino/share/diffdrive_arduino/cmake/ament_cmake_export_dependencies-extras.cmake
[0.178s] -- Up-to-date symlink: /home/vishu/ros_hw_ws/install/diffdrive_arduino/share/diffdrive_arduino/cmake/diffdrive_arduinoConfig.cmake
[0.179s] -- Up-to-date symlink: /home/vishu/ros_hw_ws/install/diffdrive_arduino/share/diffdrive_arduino/cmake/diffdrive_arduinoConfig-version.cmake
[0.179s] -- Up-to-date symlink: /home/vishu/ros_hw_ws/install/diffdrive_arduino/share/diffdrive_arduino/package.xml
[0.180s] Invoked command in '/home/vishu/ros_hw_ws/build/diffdrive_arduino' returned '0': CMAKE_PREFIX_PATH=/home/vishu/ros_hw_ws/install/serial:/home/vishu/ros_hw_ws/install/diffdrive_arduino:/home/vishu/ros_hw_ws/install/fl_robot_py:/opt/ros/humble /usr/bin/cmake --install /home/vishu/ros_hw_ws/build/diffdrive_arduino
