[0.015s] Invoking command in '/home/vishu/ros_hw_ws/build/diffdrive_arduino': CMAKE_PREFIX_PATH=/home/vishu/ros_hw_ws/install/serial:/home/vishu/ros_hw_ws/install/diffdrive_arduino:/home/vishu/ros_hw_ws/install/fl_robot_py:/opt/ros/humble /usr/bin/cmake --build /home/vishu/ros_hw_ws/build/diffdrive_arduino -- -j8 -l8
[0.056s] [35m[1mConsolidate compiler generated dependencies of target diffdrive_arduino[0m
[0.069s] [ 42%] Built target fake_robot
[0.080s] [ 57%] [32mBuilding CXX object CMakeFiles/diffdrive_arduino.dir/src/diffdrive_arduino.cpp.o[0m
[3.308s] [ 71%] [32m[1mLinking CXX shared library libdiffdrive_arduino.so[0m
[3.488s] [100%] Built target diffdrive_arduino
[3.502s] Invoked command in '/home/vishu/ros_hw_ws/build/diffdrive_arduino' returned '0': CMAKE_PREFIX_PATH=/home/vishu/ros_hw_ws/install/serial:/home/vishu/ros_hw_ws/install/diffdrive_arduino:/home/vishu/ros_hw_ws/install/fl_robot_py:/opt/ros/humble /usr/bin/cmake --build /home/vishu/ros_hw_ws/build/diffdrive_arduino -- -j8 -l8
[3.553s] Invoking command in '/home/vishu/ros_hw_ws/build/diffdrive_arduino': CMAKE_PREFIX_PATH=/home/vishu/ros_hw_ws/install/serial:/home/vishu/ros_hw_ws/install/diffdrive_arduino:/home/vishu/ros_hw_ws/install/fl_robot_py:/opt/ros/humble /usr/bin/cmake --install /home/vishu/ros_hw_ws/build/diffdrive_arduino
[3.559s] -- Install configuration: ""
[3.560s] -- Execute custom install script
[3.560s] -- Up-to-date symlink: /home/vishu/ros_hw_ws/install/diffdrive_arduino/share/diffdrive_arduino//robot_hardware.xml
[3.560s] -- Up-to-date symlink: /home/vishu/ros_hw_ws/install/diffdrive_arduino/share/diffdrive_arduino//fake_robot_hardware.xml
[3.560s] -- Up-to-date symlink: /home/vishu/ros_hw_ws/install/diffdrive_arduino/lib/libdiffdrive_arduino.so
[3.560s] -- Up-to-date symlink: /home/vishu/ros_hw_ws/install/diffdrive_arduino/lib/libfake_robot.so
[3.561s] -- Up-to-date symlink: /home/vishu/ros_hw_ws/install/diffdrive_arduino/share/diffdrive_arduino/controllers/robot_controller_example.yaml
[3.561s] -- Up-to-date symlink: /home/vishu/ros_hw_ws/install/diffdrive_arduino/share/diffdrive_arduino/fake_robot.launch.py
[3.561s] -- Up-to-date symlink: /home/vishu/ros_hw_ws/install/diffdrive_arduino/share/diffdrive_arduino/test_robot.launch.py
[3.561s] -- Up-to-date symlink: /home/vishu/ros_hw_ws/install/diffdrive_arduino/share/diffdrive_arduino/environment/library_path.sh
[3.561s] -- Up-to-date symlink: /home/vishu/ros_hw_ws/install/diffdrive_arduino/share/diffdrive_arduino/environment/library_path.dsv
[3.561s] -- Up-to-date symlink: /home/vishu/ros_hw_ws/install/diffdrive_arduino/share/ament_index/resource_index/package_run_dependencies/diffdrive_arduino
[3.561s] -- Up-to-date symlink: /home/vishu/ros_hw_ws/install/diffdrive_arduino/share/ament_index/resource_index/parent_prefix_path/diffdrive_arduino
[3.561s] -- Up-to-date symlink: /home/vishu/ros_hw_ws/install/diffdrive_arduino/share/diffdrive_arduino/environment/ament_prefix_path.sh
[3.562s] -- Up-to-date symlink: /home/vishu/ros_hw_ws/install/diffdrive_arduino/share/diffdrive_arduino/environment/ament_prefix_path.dsv
[3.562s] -- Up-to-date symlink: /home/vishu/ros_hw_ws/install/diffdrive_arduino/share/diffdrive_arduino/environment/path.sh
[3.562s] -- Up-to-date symlink: /home/vishu/ros_hw_ws/install/diffdrive_arduino/share/diffdrive_arduino/environment/path.dsv
[3.562s] -- Up-to-date symlink: /home/vishu/ros_hw_ws/install/diffdrive_arduino/share/diffdrive_arduino/local_setup.bash
[3.562s] -- Up-to-date symlink: /home/vishu/ros_hw_ws/install/diffdrive_arduino/share/diffdrive_arduino/local_setup.sh
[3.562s] -- Up-to-date symlink: /home/vishu/ros_hw_ws/install/diffdrive_arduino/share/diffdrive_arduino/local_setup.zsh
[3.562s] -- Up-to-date symlink: /home/vishu/ros_hw_ws/install/diffdrive_arduino/share/diffdrive_arduino/local_setup.dsv
[3.562s] -- Symlinking: /home/vishu/ros_hw_ws/install/diffdrive_arduino/share/diffdrive_arduino/package.dsv
[3.570s] -- Up-to-date symlink: /home/vishu/ros_hw_ws/install/diffdrive_arduino/share/ament_index/resource_index/packages/diffdrive_arduino
[3.570s] -- Up-to-date symlink: /home/vishu/ros_hw_ws/install/diffdrive_arduino/share/ament_index/resource_index/hardware_interface__pluginlib__plugin/diffdrive_arduino
[3.571s] -- Up-to-date symlink: /home/vishu/ros_hw_ws/install/diffdrive_arduino/share/diffdrive_arduino/cmake/ament_cmake_export_libraries-extras.cmake
[3.571s] -- Up-to-date symlink: /home/vishu/ros_hw_ws/install/diffdrive_arduino/share/diffdrive_arduino/cmake/ament_cmake_export_dependencies-extras.cmake
[3.571s] -- Up-to-date symlink: /home/vishu/ros_hw_ws/install/diffdrive_arduino/share/diffdrive_arduino/cmake/diffdrive_arduinoConfig.cmake
[3.571s] -- Up-to-date symlink: /home/vishu/ros_hw_ws/install/diffdrive_arduino/share/diffdrive_arduino/cmake/diffdrive_arduinoConfig-version.cmake
[3.571s] -- Up-to-date symlink: /home/vishu/ros_hw_ws/install/diffdrive_arduino/share/diffdrive_arduino/package.xml
[3.573s] Invoked command in '/home/vishu/ros_hw_ws/build/diffdrive_arduino' returned '0': CMAKE_PREFIX_PATH=/home/vishu/ros_hw_ws/install/serial:/home/vishu/ros_hw_ws/install/diffdrive_arduino:/home/vishu/ros_hw_ws/install/fl_robot_py:/opt/ros/humble /usr/bin/cmake --install /home/vishu/ros_hw_ws/build/diffdrive_arduino
