[0.005s] Invoking command in '/home/vishu/ros_hw_ws/build/diffdrive_arduino': AMENT_PREFIX_PATH=/home/vishu/ros_hw_ws/install/serial:${AMENT_PREFIX_PATH} CMAKE_PREFIX_PATH=/home/vishu/ros_hw_ws/install/serial:/opt/ros/humble LD_LIBRARY_PATH=/home/vishu/ros_hw_ws/install/serial/lib:${LD_LIBRARY_PATH} /usr/bin/cmake /home/vishu/ros_hw_ws/src/diffdrive_arduino -DAMENT_CMAKE_SYMLINK_INSTALL=1 -DCMAKE_INSTALL_PREFIX=/home/vishu/ros_hw_ws/install/diffdrive_arduino
[0.052s] -- The C compiler identification is GNU 11.4.0
[0.091s] -- The CXX compiler identification is GNU 11.4.0
[0.095s] -- Detecting C compiler ABI info
[0.149s] -- Detecting C compiler ABI info - done
[0.154s] -- Check for working C compiler: /usr/bin/cc - skipped
[0.154s] -- Detecting C compile features
[0.154s] -- Detecting C compile features - done
[0.156s] -- Detecting CXX compiler ABI info
[0.210s] -- Detecting CXX compiler ABI info - done
[0.216s] -- Check for working CXX compiler: /usr/bin/c++ - skipped
[0.216s] -- Detecting CXX compile features
[0.216s] -- Detecting CXX compile features - done
[0.218s] -- Found ament_cmake: 1.3.5 (/opt/ros/humble/share/ament_cmake/cmake)
[0.359s] -- Found Python3: /usr/bin/python3.10 (found version "3.10.12") found components: Interpreter 
[0.402s] -- Override CMake install command with custom implementation using symlinks instead of copying resources
[0.420s] -- Found serial: 1.2.1 (/home/vishu/ros_hw_ws/install/serial/share/serial/cmake)
[0.435s] -- Found hardware_interface: 2.30.0 (/opt/ros/humble/share/hardware_interface/cmake)
[0.480s] -- Found rosidl_generator_c: 3.1.5 (/opt/ros/humble/share/rosidl_generator_c/cmake)
[0.483s] -- Found rosidl_adapter: 3.1.5 (/opt/ros/humble/share/rosidl_adapter/cmake)
[0.490s] -- Found rosidl_generator_cpp: 3.1.5 (/opt/ros/humble/share/rosidl_generator_cpp/cmake)
[0.500s] -- Using all available rosidl_typesupport_c: rosidl_typesupport_fastrtps_c;rosidl_typesupport_introspection_c
[0.514s] -- Using all available rosidl_typesupport_cpp: rosidl_typesupport_fastrtps_cpp;rosidl_typesupport_introspection_cpp
[1.032s] -- Found rmw_implementation_cmake: 6.1.1 (/opt/ros/humble/share/rmw_implementation_cmake/cmake)
[1.035s] -- Found rmw_fastrtps_cpp: 6.2.3 (/opt/ros/humble/share/rmw_fastrtps_cpp/cmake)
[1.105s] -- Found OpenSSL: /usr/lib/x86_64-linux-gnu/libcrypto.so (found version "3.0.2")  
[1.129s] -- Found FastRTPS: /opt/ros/humble/include  
[1.169s] -- Using RMW implementation 'rmw_fastrtps_cpp' as default
[1.176s] -- Looking for pthread.h
[1.224s] -- Looking for pthread.h - found
[1.224s] -- Performing Test CMAKE_HAVE_LIBC_PTHREAD
[1.282s] -- Performing Test CMAKE_HAVE_LIBC_PTHREAD - Success
[1.283s] -- Found Threads: TRUE  
[1.408s] -- Found controller_manager: 2.30.0 (/opt/ros/humble/share/controller_manager/cmake)
[2.357s] -- Configuring done
[2.395s] -- Generating done
[2.396s] -- Build files have been written to: /home/vishu/ros_hw_ws/build/diffdrive_arduino
[2.405s] Invoked command in '/home/vishu/ros_hw_ws/build/diffdrive_arduino' returned '0': AMENT_PREFIX_PATH=/home/vishu/ros_hw_ws/install/serial:${AMENT_PREFIX_PATH} CMAKE_PREFIX_PATH=/home/vishu/ros_hw_ws/install/serial:/opt/ros/humble LD_LIBRARY_PATH=/home/vishu/ros_hw_ws/install/serial/lib:${LD_LIBRARY_PATH} /usr/bin/cmake /home/vishu/ros_hw_ws/src/diffdrive_arduino -DAMENT_CMAKE_SYMLINK_INSTALL=1 -DCMAKE_INSTALL_PREFIX=/home/vishu/ros_hw_ws/install/diffdrive_arduino
[2.407s] Invoking command in '/home/vishu/ros_hw_ws/build/diffdrive_arduino': AMENT_PREFIX_PATH=/home/vishu/ros_hw_ws/install/serial:${AMENT_PREFIX_PATH} CMAKE_PREFIX_PATH=/home/vishu/ros_hw_ws/install/serial:/opt/ros/humble LD_LIBRARY_PATH=/home/vishu/ros_hw_ws/install/serial/lib:${LD_LIBRARY_PATH} /usr/bin/cmake --build /home/vishu/ros_hw_ws/build/diffdrive_arduino -- -j8 -l8
[2.451s] [ 14%] [32mBuilding CXX object CMakeFiles/fake_robot.dir/src/fake_robot.cpp.o[0m
[2.451s] [ 28%] [32mBuilding CXX object CMakeFiles/diffdrive_arduino.dir/src/wheel.cpp.o[0m
[2.451s] [ 42%] [32mBuilding CXX object CMakeFiles/fake_robot.dir/src/wheel.cpp.o[0m
[2.452s] [ 71%] [32mBuilding CXX object CMakeFiles/diffdrive_arduino.dir/src/diffdrive_arduino.cpp.o[0m
[2.452s] [ 71%] [32mBuilding CXX object CMakeFiles/diffdrive_arduino.dir/src/arduino_comms.cpp.o[0m
[5.518s] [ 85%] [32m[1mLinking CXX shared library libdiffdrive_arduino.so[0m
[5.542s] [100%] [32m[1mLinking CXX shared library libfake_robot.so[0m
[5.683s] [100%] Built target diffdrive_arduino
[5.701s] [100%] Built target fake_robot
[5.708s] Invoked command in '/home/vishu/ros_hw_ws/build/diffdrive_arduino' returned '0': AMENT_PREFIX_PATH=/home/vishu/ros_hw_ws/install/serial:${AMENT_PREFIX_PATH} CMAKE_PREFIX_PATH=/home/vishu/ros_hw_ws/install/serial:/opt/ros/humble LD_LIBRARY_PATH=/home/vishu/ros_hw_ws/install/serial/lib:${LD_LIBRARY_PATH} /usr/bin/cmake --build /home/vishu/ros_hw_ws/build/diffdrive_arduino -- -j8 -l8
[5.729s] Invoking command in '/home/vishu/ros_hw_ws/build/diffdrive_arduino': AMENT_PREFIX_PATH=/home/vishu/ros_hw_ws/install/serial:${AMENT_PREFIX_PATH} CMAKE_PREFIX_PATH=/home/vishu/ros_hw_ws/install/serial:/opt/ros/humble LD_LIBRARY_PATH=/home/vishu/ros_hw_ws/install/serial/lib:${LD_LIBRARY_PATH} /usr/bin/cmake --install /home/vishu/ros_hw_ws/build/diffdrive_arduino
[5.736s] -- Install configuration: ""
[5.736s] -- Execute custom install script
[5.736s] -- Symlinking: /home/vishu/ros_hw_ws/install/diffdrive_arduino/share/diffdrive_arduino//robot_hardware.xml
[5.749s] -- Symlinking: /home/vishu/ros_hw_ws/install/diffdrive_arduino/share/diffdrive_arduino//fake_robot_hardware.xml
[5.755s] -- Symlinking: /home/vishu/ros_hw_ws/install/diffdrive_arduino/lib/libdiffdrive_arduino.so
[5.761s] -- Symlinking: /home/vishu/ros_hw_ws/install/diffdrive_arduino/lib/libfake_robot.so
[5.767s] -- Symlinking: /home/vishu/ros_hw_ws/install/diffdrive_arduino/share/diffdrive_arduino/controllers/robot_controller_example.yaml
[5.773s] -- Symlinking: /home/vishu/ros_hw_ws/install/diffdrive_arduino/share/diffdrive_arduino/fake_robot.launch.py
[5.779s] -- Symlinking: /home/vishu/ros_hw_ws/install/diffdrive_arduino/share/diffdrive_arduino/test_robot.launch.py
[5.785s] -- Symlinking: /home/vishu/ros_hw_ws/install/diffdrive_arduino/share/diffdrive_arduino/environment/library_path.sh
[5.791s] -- Symlinking: /home/vishu/ros_hw_ws/install/diffdrive_arduino/share/diffdrive_arduino/environment/library_path.dsv
[5.796s] -- Symlinking: /home/vishu/ros_hw_ws/install/diffdrive_arduino/share/ament_index/resource_index/package_run_dependencies/diffdrive_arduino
[5.802s] -- Symlinking: /home/vishu/ros_hw_ws/install/diffdrive_arduino/share/ament_index/resource_index/parent_prefix_path/diffdrive_arduino
[5.808s] -- Symlinking: /home/vishu/ros_hw_ws/install/diffdrive_arduino/share/diffdrive_arduino/environment/ament_prefix_path.sh
[5.813s] -- Symlinking: /home/vishu/ros_hw_ws/install/diffdrive_arduino/share/diffdrive_arduino/environment/ament_prefix_path.dsv
[5.819s] -- Symlinking: /home/vishu/ros_hw_ws/install/diffdrive_arduino/share/diffdrive_arduino/environment/path.sh
[5.824s] -- Symlinking: /home/vishu/ros_hw_ws/install/diffdrive_arduino/share/diffdrive_arduino/environment/path.dsv
[5.830s] -- Symlinking: /home/vishu/ros_hw_ws/install/diffdrive_arduino/share/diffdrive_arduino/local_setup.bash
[5.839s] -- Symlinking: /home/vishu/ros_hw_ws/install/diffdrive_arduino/share/diffdrive_arduino/local_setup.sh
[5.851s] -- Symlinking: /home/vishu/ros_hw_ws/install/diffdrive_arduino/share/diffdrive_arduino/local_setup.zsh
[5.857s] -- Symlinking: /home/vishu/ros_hw_ws/install/diffdrive_arduino/share/diffdrive_arduino/local_setup.dsv
[5.862s] -- Symlinking: /home/vishu/ros_hw_ws/install/diffdrive_arduino/share/diffdrive_arduino/package.dsv
[5.869s] -- Symlinking: /home/vishu/ros_hw_ws/install/diffdrive_arduino/share/ament_index/resource_index/packages/diffdrive_arduino
[5.875s] -- Symlinking: /home/vishu/ros_hw_ws/install/diffdrive_arduino/share/ament_index/resource_index/hardware_interface__pluginlib__plugin/diffdrive_arduino
[5.881s] -- Symlinking: /home/vishu/ros_hw_ws/install/diffdrive_arduino/share/diffdrive_arduino/cmake/ament_cmake_export_libraries-extras.cmake
[5.887s] -- Symlinking: /home/vishu/ros_hw_ws/install/diffdrive_arduino/share/diffdrive_arduino/cmake/ament_cmake_export_dependencies-extras.cmake
[5.893s] -- Symlinking: /home/vishu/ros_hw_ws/install/diffdrive_arduino/share/diffdrive_arduino/cmake/diffdrive_arduinoConfig.cmake
[5.899s] -- Symlinking: /home/vishu/ros_hw_ws/install/diffdrive_arduino/share/diffdrive_arduino/cmake/diffdrive_arduinoConfig-version.cmake
[5.905s] -- Symlinking: /home/vishu/ros_hw_ws/install/diffdrive_arduino/share/diffdrive_arduino/package.xml
[5.913s] Invoked command in '/home/vishu/ros_hw_ws/build/diffdrive_arduino' returned '0': AMENT_PREFIX_PATH=/home/vishu/ros_hw_ws/install/serial:${AMENT_PREFIX_PATH} CMAKE_PREFIX_PATH=/home/vishu/ros_hw_ws/install/serial:/opt/ros/humble LD_LIBRARY_PATH=/home/vishu/ros_hw_ws/install/serial/lib:${LD_LIBRARY_PATH} /usr/bin/cmake --install /home/vishu/ros_hw_ws/build/diffdrive_arduino
