[0.688s] DEBUG:colcon:Command line arguments: ['/usr/bin/colcon', 'build', '--symlink-install']
[0.688s] DEBUG:colcon:Parsed command line arguments: Namespace(log_base=None, log_level=None, verb_name='build', build_base='build', install_base='install', merge_install=False, symlink_install=True, test_result_base=None, continue_on_error=False, executor='parallel', parallel_workers=8, event_handlers=None, ignore_user_meta=False, metas=['./colcon.meta'], base_paths=['.'], packages_ignore=None, packages_ignore_regex=None, paths=None, packages_up_to=None, packages_up_to_regex=None, packages_above=None, packages_above_and_dependencies=None, packages_above_depth=None, packages_select_by_dep=None, packages_skip_by_dep=None, packages_skip_up_to=None, packages_select_build_failed=False, packages_skip_build_finished=False, packages_select_test_failures=False, packages_skip_test_passed=False, packages_select=None, packages_skip=None, packages_select_regex=None, packages_skip_regex=None, packages_start=None, packages_end=None, allow_overriding=[], cmake_args=None, cmake_target=None, cmake_target_skip_unavailable=False, cmake_clean_cache=False, cmake_clean_first=False, cmake_force_configure=False, ament_cmake_args=None, catkin_cmake_args=None, catkin_skip_building_tests=False, verb_parser=<colcon_defaults.argument_parser.defaults.DefaultArgumentsDecorator object at 0x7fab5d4df880>, verb_extension=<colcon_core.verb.build.BuildVerb object at 0x7fab5d75d060>, main=<bound method BuildVerb.main of <colcon_core.verb.build.BuildVerb object at 0x7fab5d75d060>>)
[0.726s] Level 1:colcon.colcon_core.package_discovery:discover_packages(colcon_meta) check parameters
[0.726s] Level 1:colcon.colcon_core.package_discovery:discover_packages(recursive) check parameters
[0.726s] Level 1:colcon.colcon_core.package_discovery:discover_packages(ignore) check parameters
[0.726s] Level 1:colcon.colcon_core.package_discovery:discover_packages(path) check parameters
[0.726s] Level 1:colcon.colcon_core.package_discovery:discover_packages(colcon_meta) discover
[0.726s] Level 1:colcon.colcon_core.package_discovery:discover_packages(recursive) discover
[0.726s] INFO:colcon.colcon_core.package_discovery:Crawling recursively for packages in '/home/vishu/ros_hw_ws'
[0.726s] Level 1:colcon.colcon_core.package_identification:_identify(.) by extensions ['ignore', 'ignore_ament_install']
[0.726s] Level 1:colcon.colcon_core.package_identification:_identify(.) by extension 'ignore'
[0.727s] Level 1:colcon.colcon_core.package_identification:_identify(.) by extension 'ignore_ament_install'
[0.727s] Level 1:colcon.colcon_core.package_identification:_identify(.) by extensions ['colcon_pkg']
[0.727s] Level 1:colcon.colcon_core.package_identification:_identify(.) by extension 'colcon_pkg'
[0.727s] Level 1:colcon.colcon_core.package_identification:_identify(.) by extensions ['colcon_meta']
[0.727s] Level 1:colcon.colcon_core.package_identification:_identify(.) by extension 'colcon_meta'
[0.727s] Level 1:colcon.colcon_core.package_identification:_identify(.) by extensions ['ros']
[0.727s] Level 1:colcon.colcon_core.package_identification:_identify(.) by extension 'ros'
[0.734s] Level 1:colcon.colcon_core.package_identification:_identify(.) by extensions ['cmake', 'python']
[0.734s] Level 1:colcon.colcon_core.package_identification:_identify(.) by extension 'cmake'
[0.734s] Level 1:colcon.colcon_core.package_identification:_identify(.) by extension 'python'
[0.734s] Level 1:colcon.colcon_core.package_identification:_identify(.) by extensions ['python_setup_py']
[0.734s] Level 1:colcon.colcon_core.package_identification:_identify(.) by extension 'python_setup_py'
[0.734s] Level 1:colcon.colcon_core.package_identification:_identify(build) by extensions ['ignore', 'ignore_ament_install']
[0.734s] Level 1:colcon.colcon_core.package_identification:_identify(build) by extension 'ignore'
[0.734s] Level 1:colcon.colcon_core.package_identification:_identify(build) ignored
[0.734s] Level 1:colcon.colcon_core.package_identification:_identify(install) by extensions ['ignore', 'ignore_ament_install']
[0.735s] Level 1:colcon.colcon_core.package_identification:_identify(install) by extension 'ignore'
[0.735s] Level 1:colcon.colcon_core.package_identification:_identify(install) ignored
[0.735s] Level 1:colcon.colcon_core.package_identification:_identify(log) by extensions ['ignore', 'ignore_ament_install']
[0.735s] Level 1:colcon.colcon_core.package_identification:_identify(log) by extension 'ignore'
[0.735s] Level 1:colcon.colcon_core.package_identification:_identify(log) ignored
[0.735s] Level 1:colcon.colcon_core.package_identification:_identify(nodesAndTopics) by extensions ['ignore', 'ignore_ament_install']
[0.735s] Level 1:colcon.colcon_core.package_identification:_identify(nodesAndTopics) by extension 'ignore'
[0.735s] Level 1:colcon.colcon_core.package_identification:_identify(nodesAndTopics) by extension 'ignore_ament_install'
[0.735s] Level 1:colcon.colcon_core.package_identification:_identify(nodesAndTopics) by extensions ['colcon_pkg']
[0.735s] Level 1:colcon.colcon_core.package_identification:_identify(nodesAndTopics) by extension 'colcon_pkg'
[0.735s] Level 1:colcon.colcon_core.package_identification:_identify(nodesAndTopics) by extensions ['colcon_meta']
[0.735s] Level 1:colcon.colcon_core.package_identification:_identify(nodesAndTopics) by extension 'colcon_meta'
[0.735s] Level 1:colcon.colcon_core.package_identification:_identify(nodesAndTopics) by extensions ['ros']
[0.735s] Level 1:colcon.colcon_core.package_identification:_identify(nodesAndTopics) by extension 'ros'
[0.735s] Level 1:colcon.colcon_core.package_identification:_identify(nodesAndTopics) by extensions ['cmake', 'python']
[0.735s] Level 1:colcon.colcon_core.package_identification:_identify(nodesAndTopics) by extension 'cmake'
[0.735s] Level 1:colcon.colcon_core.package_identification:_identify(nodesAndTopics) by extension 'python'
[0.735s] Level 1:colcon.colcon_core.package_identification:_identify(nodesAndTopics) by extensions ['python_setup_py']
[0.735s] Level 1:colcon.colcon_core.package_identification:_identify(nodesAndTopics) by extension 'python_setup_py'
[0.735s] Level 1:colcon.colcon_core.package_identification:_identify(notes) by extensions ['ignore', 'ignore_ament_install']
[0.736s] Level 1:colcon.colcon_core.package_identification:_identify(notes) by extension 'ignore'
[0.736s] Level 1:colcon.colcon_core.package_identification:_identify(notes) by extension 'ignore_ament_install'
[0.736s] Level 1:colcon.colcon_core.package_identification:_identify(notes) by extensions ['colcon_pkg']
[0.736s] Level 1:colcon.colcon_core.package_identification:_identify(notes) by extension 'colcon_pkg'
[0.736s] Level 1:colcon.colcon_core.package_identification:_identify(notes) by extensions ['colcon_meta']
[0.736s] Level 1:colcon.colcon_core.package_identification:_identify(notes) by extension 'colcon_meta'
[0.736s] Level 1:colcon.colcon_core.package_identification:_identify(notes) by extensions ['ros']
[0.736s] Level 1:colcon.colcon_core.package_identification:_identify(notes) by extension 'ros'
[0.736s] Level 1:colcon.colcon_core.package_identification:_identify(notes) by extensions ['cmake', 'python']
[0.736s] Level 1:colcon.colcon_core.package_identification:_identify(notes) by extension 'cmake'
[0.736s] Level 1:colcon.colcon_core.package_identification:_identify(notes) by extension 'python'
[0.736s] Level 1:colcon.colcon_core.package_identification:_identify(notes) by extensions ['python_setup_py']
[0.736s] Level 1:colcon.colcon_core.package_identification:_identify(notes) by extension 'python_setup_py'
[0.736s] Level 1:colcon.colcon_core.package_identification:_identify(rqt) by extensions ['ignore', 'ignore_ament_install']
[0.736s] Level 1:colcon.colcon_core.package_identification:_identify(rqt) by extension 'ignore'
[0.736s] Level 1:colcon.colcon_core.package_identification:_identify(rqt) by extension 'ignore_ament_install'
[0.736s] Level 1:colcon.colcon_core.package_identification:_identify(rqt) by extensions ['colcon_pkg']
[0.736s] Level 1:colcon.colcon_core.package_identification:_identify(rqt) by extension 'colcon_pkg'
[0.736s] Level 1:colcon.colcon_core.package_identification:_identify(rqt) by extensions ['colcon_meta']
[0.736s] Level 1:colcon.colcon_core.package_identification:_identify(rqt) by extension 'colcon_meta'
[0.736s] Level 1:colcon.colcon_core.package_identification:_identify(rqt) by extensions ['ros']
[0.736s] Level 1:colcon.colcon_core.package_identification:_identify(rqt) by extension 'ros'
[0.736s] Level 1:colcon.colcon_core.package_identification:_identify(rqt) by extensions ['cmake', 'python']
[0.736s] Level 1:colcon.colcon_core.package_identification:_identify(rqt) by extension 'cmake'
[0.736s] Level 1:colcon.colcon_core.package_identification:_identify(rqt) by extension 'python'
[0.736s] Level 1:colcon.colcon_core.package_identification:_identify(rqt) by extensions ['python_setup_py']
[0.737s] Level 1:colcon.colcon_core.package_identification:_identify(rqt) by extension 'python_setup_py'
[0.737s] Level 1:colcon.colcon_core.package_identification:_identify(rqt/20231013) by extensions ['ignore', 'ignore_ament_install']
[0.737s] Level 1:colcon.colcon_core.package_identification:_identify(rqt/20231013) by extension 'ignore'
[0.737s] Level 1:colcon.colcon_core.package_identification:_identify(rqt/20231013) by extension 'ignore_ament_install'
[0.737s] Level 1:colcon.colcon_core.package_identification:_identify(rqt/20231013) by extensions ['colcon_pkg']
[0.737s] Level 1:colcon.colcon_core.package_identification:_identify(rqt/20231013) by extension 'colcon_pkg'
[0.737s] Level 1:colcon.colcon_core.package_identification:_identify(rqt/20231013) by extensions ['colcon_meta']
[0.737s] Level 1:colcon.colcon_core.package_identification:_identify(rqt/20231013) by extension 'colcon_meta'
[0.737s] Level 1:colcon.colcon_core.package_identification:_identify(rqt/20231013) by extensions ['ros']
[0.737s] Level 1:colcon.colcon_core.package_identification:_identify(rqt/20231013) by extension 'ros'
[0.737s] Level 1:colcon.colcon_core.package_identification:_identify(rqt/20231013) by extensions ['cmake', 'python']
[0.737s] Level 1:colcon.colcon_core.package_identification:_identify(rqt/20231013) by extension 'cmake'
[0.737s] Level 1:colcon.colcon_core.package_identification:_identify(rqt/20231013) by extension 'python'
[0.737s] Level 1:colcon.colcon_core.package_identification:_identify(rqt/20231013) by extensions ['python_setup_py']
[0.737s] Level 1:colcon.colcon_core.package_identification:_identify(rqt/20231013) by extension 'python_setup_py'
[0.737s] Level 1:colcon.colcon_core.package_identification:_identify(src) by extensions ['ignore', 'ignore_ament_install']
[0.737s] Level 1:colcon.colcon_core.package_identification:_identify(src) by extension 'ignore'
[0.737s] Level 1:colcon.colcon_core.package_identification:_identify(src) by extension 'ignore_ament_install'
[0.737s] Level 1:colcon.colcon_core.package_identification:_identify(src) by extensions ['colcon_pkg']
[0.737s] Level 1:colcon.colcon_core.package_identification:_identify(src) by extension 'colcon_pkg'
[0.737s] Level 1:colcon.colcon_core.package_identification:_identify(src) by extensions ['colcon_meta']
[0.737s] Level 1:colcon.colcon_core.package_identification:_identify(src) by extension 'colcon_meta'
[0.737s] Level 1:colcon.colcon_core.package_identification:_identify(src) by extensions ['ros']
[0.737s] Level 1:colcon.colcon_core.package_identification:_identify(src) by extension 'ros'
[0.737s] Level 1:colcon.colcon_core.package_identification:_identify(src) by extensions ['cmake', 'python']
[0.738s] Level 1:colcon.colcon_core.package_identification:_identify(src) by extension 'cmake'
[0.738s] Level 1:colcon.colcon_core.package_identification:_identify(src) by extension 'python'
[0.738s] Level 1:colcon.colcon_core.package_identification:_identify(src) by extensions ['python_setup_py']
[0.738s] Level 1:colcon.colcon_core.package_identification:_identify(src) by extension 'python_setup_py'
[0.738s] Level 1:colcon.colcon_core.package_identification:_identify(src/diffdrive_arduino) by extensions ['ignore', 'ignore_ament_install']
[0.738s] Level 1:colcon.colcon_core.package_identification:_identify(src/diffdrive_arduino) by extension 'ignore'
[0.738s] Level 1:colcon.colcon_core.package_identification:_identify(src/diffdrive_arduino) by extension 'ignore_ament_install'
[0.738s] Level 1:colcon.colcon_core.package_identification:_identify(src/diffdrive_arduino) by extensions ['colcon_pkg']
[0.738s] Level 1:colcon.colcon_core.package_identification:_identify(src/diffdrive_arduino) by extension 'colcon_pkg'
[0.738s] Level 1:colcon.colcon_core.package_identification:_identify(src/diffdrive_arduino) by extensions ['colcon_meta']
[0.738s] Level 1:colcon.colcon_core.package_identification:_identify(src/diffdrive_arduino) by extension 'colcon_meta'
[0.738s] Level 1:colcon.colcon_core.package_identification:_identify(src/diffdrive_arduino) by extensions ['ros']
[0.738s] Level 1:colcon.colcon_core.package_identification:_identify(src/diffdrive_arduino) by extension 'ros'
[0.740s] DEBUG:colcon.colcon_core.package_identification:Package 'src/diffdrive_arduino' with type 'ros.ament_cmake' and name 'diffdrive_arduino'
[0.740s] Level 1:colcon.colcon_core.package_identification:_identify(src/fl_robot_py) by extensions ['ignore', 'ignore_ament_install']
[0.740s] Level 1:colcon.colcon_core.package_identification:_identify(src/fl_robot_py) by extension 'ignore'
[0.740s] Level 1:colcon.colcon_core.package_identification:_identify(src/fl_robot_py) by extension 'ignore_ament_install'
[0.740s] Level 1:colcon.colcon_core.package_identification:_identify(src/fl_robot_py) by extensions ['colcon_pkg']
[0.740s] Level 1:colcon.colcon_core.package_identification:_identify(src/fl_robot_py) by extension 'colcon_pkg'
[0.740s] Level 1:colcon.colcon_core.package_identification:_identify(src/fl_robot_py) by extensions ['colcon_meta']
[0.740s] Level 1:colcon.colcon_core.package_identification:_identify(src/fl_robot_py) by extension 'colcon_meta'
[0.740s] Level 1:colcon.colcon_core.package_identification:_identify(src/fl_robot_py) by extensions ['ros']
[0.740s] Level 1:colcon.colcon_core.package_identification:_identify(src/fl_robot_py) by extension 'ros'
[0.740s] DEBUG:colcon.colcon_core.package_identification:Package 'src/fl_robot_py' with type 'ros.ament_cmake' and name 'fl_robot_py'
[0.741s] Level 1:colcon.colcon_core.package_identification:_identify(src/serial) by extensions ['ignore', 'ignore_ament_install']
[0.741s] Level 1:colcon.colcon_core.package_identification:_identify(src/serial) by extension 'ignore'
[0.741s] Level 1:colcon.colcon_core.package_identification:_identify(src/serial) by extension 'ignore_ament_install'
[0.741s] Level 1:colcon.colcon_core.package_identification:_identify(src/serial) by extensions ['colcon_pkg']
[0.741s] Level 1:colcon.colcon_core.package_identification:_identify(src/serial) by extension 'colcon_pkg'
[0.741s] Level 1:colcon.colcon_core.package_identification:_identify(src/serial) by extensions ['colcon_meta']
[0.741s] Level 1:colcon.colcon_core.package_identification:_identify(src/serial) by extension 'colcon_meta'
[0.741s] Level 1:colcon.colcon_core.package_identification:_identify(src/serial) by extensions ['ros']
[0.741s] Level 1:colcon.colcon_core.package_identification:_identify(src/serial) by extension 'ros'
[0.741s] DEBUG:colcon.colcon_core.package_identification:Package 'src/serial' with type 'ros.ament_cmake' and name 'serial'
[0.741s] Level 1:colcon.colcon_core.package_discovery:discover_packages(recursive) using defaults
[0.741s] Level 1:colcon.colcon_core.package_discovery:discover_packages(ignore) discover
[0.741s] Level 1:colcon.colcon_core.package_discovery:discover_packages(ignore) using defaults
[0.741s] Level 1:colcon.colcon_core.package_discovery:discover_packages(path) discover
[0.741s] Level 1:colcon.colcon_core.package_discovery:discover_packages(path) using defaults
[0.799s] Level 1:colcon.colcon_core.package_discovery:discover_packages(prefix_path) check parameters
[0.799s] Level 1:colcon.colcon_core.package_discovery:discover_packages(prefix_path) discover
[0.817s] DEBUG:colcon.colcon_installed_package_information.package_discovery:Found 3 installed packages in /home/vishu/ros_hw_ws/install
[0.834s] DEBUG:colcon.colcon_installed_package_information.package_discovery:Found 405 installed packages in /opt/ros/humble
[0.835s] Level 1:colcon.colcon_core.package_discovery:discover_packages(prefix_path) using defaults
[0.897s] Level 5:colcon.colcon_core.verb:set package 'fl_robot_py' build argument 'cmake_args' from command line to 'None'
[0.897s] Level 5:colcon.colcon_core.verb:set package 'fl_robot_py' build argument 'cmake_target' from command line to 'None'
[0.897s] Level 5:colcon.colcon_core.verb:set package 'fl_robot_py' build argument 'cmake_target_skip_unavailable' from command line to 'False'
[0.897s] Level 5:colcon.colcon_core.verb:set package 'fl_robot_py' build argument 'cmake_clean_cache' from command line to 'False'
[0.897s] Level 5:colcon.colcon_core.verb:set package 'fl_robot_py' build argument 'cmake_clean_first' from command line to 'False'
[0.897s] Level 5:colcon.colcon_core.verb:set package 'fl_robot_py' build argument 'cmake_force_configure' from command line to 'False'
[0.897s] Level 5:colcon.colcon_core.verb:set package 'fl_robot_py' build argument 'ament_cmake_args' from command line to 'None'
[0.897s] Level 5:colcon.colcon_core.verb:set package 'fl_robot_py' build argument 'catkin_cmake_args' from command line to 'None'
[0.897s] Level 5:colcon.colcon_core.verb:set package 'fl_robot_py' build argument 'catkin_skip_building_tests' from command line to 'False'
[0.897s] DEBUG:colcon.colcon_core.verb:Building package 'fl_robot_py' with the following arguments: {'ament_cmake_args': None, 'build_base': '/home/vishu/ros_hw_ws/build/fl_robot_py', 'catkin_cmake_args': None, 'catkin_skip_building_tests': False, 'cmake_args': None, 'cmake_clean_cache': False, 'cmake_clean_first': False, 'cmake_force_configure': False, 'cmake_target': None, 'cmake_target_skip_unavailable': False, 'install_base': '/home/vishu/ros_hw_ws/install/fl_robot_py', 'merge_install': False, 'path': '/home/vishu/ros_hw_ws/src/fl_robot_py', 'symlink_install': True, 'test_result_base': None}
[0.905s] Level 5:colcon.colcon_core.verb:set package 'serial' build argument 'cmake_args' from command line to 'None'
[0.905s] Level 5:colcon.colcon_core.verb:set package 'serial' build argument 'cmake_target' from command line to 'None'
[0.905s] Level 5:colcon.colcon_core.verb:set package 'serial' build argument 'cmake_target_skip_unavailable' from command line to 'False'
[0.905s] Level 5:colcon.colcon_core.verb:set package 'serial' build argument 'cmake_clean_cache' from command line to 'False'
[0.906s] Level 5:colcon.colcon_core.verb:set package 'serial' build argument 'cmake_clean_first' from command line to 'False'
[0.906s] Level 5:colcon.colcon_core.verb:set package 'serial' build argument 'cmake_force_configure' from command line to 'False'
[0.906s] Level 5:colcon.colcon_core.verb:set package 'serial' build argument 'ament_cmake_args' from command line to 'None'
[0.906s] Level 5:colcon.colcon_core.verb:set package 'serial' build argument 'catkin_cmake_args' from command line to 'None'
[0.906s] Level 5:colcon.colcon_core.verb:set package 'serial' build argument 'catkin_skip_building_tests' from command line to 'False'
[0.906s] DEBUG:colcon.colcon_core.verb:Building package 'serial' with the following arguments: {'ament_cmake_args': None, 'build_base': '/home/vishu/ros_hw_ws/build/serial', 'catkin_cmake_args': None, 'catkin_skip_building_tests': False, 'cmake_args': None, 'cmake_clean_cache': False, 'cmake_clean_first': False, 'cmake_force_configure': False, 'cmake_target': None, 'cmake_target_skip_unavailable': False, 'install_base': '/home/vishu/ros_hw_ws/install/serial', 'merge_install': False, 'path': '/home/vishu/ros_hw_ws/src/serial', 'symlink_install': True, 'test_result_base': None}
[0.914s] Level 5:colcon.colcon_core.verb:set package 'diffdrive_arduino' build argument 'cmake_args' from command line to 'None'
[0.914s] Level 5:colcon.colcon_core.verb:set package 'diffdrive_arduino' build argument 'cmake_target' from command line to 'None'
[0.914s] Level 5:colcon.colcon_core.verb:set package 'diffdrive_arduino' build argument 'cmake_target_skip_unavailable' from command line to 'False'
[0.914s] Level 5:colcon.colcon_core.verb:set package 'diffdrive_arduino' build argument 'cmake_clean_cache' from command line to 'False'
[0.914s] Level 5:colcon.colcon_core.verb:set package 'diffdrive_arduino' build argument 'cmake_clean_first' from command line to 'False'
[0.914s] Level 5:colcon.colcon_core.verb:set package 'diffdrive_arduino' build argument 'cmake_force_configure' from command line to 'False'
[0.914s] Level 5:colcon.colcon_core.verb:set package 'diffdrive_arduino' build argument 'ament_cmake_args' from command line to 'None'
[0.914s] Level 5:colcon.colcon_core.verb:set package 'diffdrive_arduino' build argument 'catkin_cmake_args' from command line to 'None'
[0.914s] Level 5:colcon.colcon_core.verb:set package 'diffdrive_arduino' build argument 'catkin_skip_building_tests' from command line to 'False'
[0.914s] DEBUG:colcon.colcon_core.verb:Building package 'diffdrive_arduino' with the following arguments: {'ament_cmake_args': None, 'build_base': '/home/vishu/ros_hw_ws/build/diffdrive_arduino', 'catkin_cmake_args': None, 'catkin_skip_building_tests': False, 'cmake_args': None, 'cmake_clean_cache': False, 'cmake_clean_first': False, 'cmake_force_configure': False, 'cmake_target': None, 'cmake_target_skip_unavailable': False, 'install_base': '/home/vishu/ros_hw_ws/install/diffdrive_arduino', 'merge_install': False, 'path': '/home/vishu/ros_hw_ws/src/diffdrive_arduino', 'symlink_install': True, 'test_result_base': None}
[0.923s] INFO:colcon.colcon_core.executor:Executing jobs using 'parallel' executor
[0.931s] DEBUG:colcon.colcon_parallel_executor.executor.parallel:run_until_complete
[0.932s] INFO:colcon.colcon_ros.task.ament_cmake.build:Building ROS package in '/home/vishu/ros_hw_ws/src/serial' with build type 'ament_cmake'
[0.932s] INFO:colcon.colcon_cmake.task.cmake.build:Building CMake package in '/home/vishu/ros_hw_ws/src/serial'
[0.942s] INFO:colcon.colcon_core.plugin_system:Skipping extension 'colcon_core.shell.bat': Not used on non-Windows systems
[0.942s] INFO:colcon.colcon_core.shell:Skip shell extension 'powershell' for command environment: Not usable outside of PowerShell
[0.942s] DEBUG:colcon.colcon_core.shell:Skip shell extension 'dsv' for command environment
[0.971s] INFO:colcon.colcon_ros.task.ament_cmake.build:Building ROS package in '/home/vishu/ros_hw_ws/src/fl_robot_py' with build type 'ament_cmake'
[0.971s] INFO:colcon.colcon_cmake.task.cmake.build:Building CMake package in '/home/vishu/ros_hw_ws/src/fl_robot_py'
[0.980s] INFO:colcon.colcon_core.shell:Skip shell extension 'powershell' for command environment: Not usable outside of PowerShell
[0.980s] DEBUG:colcon.colcon_core.shell:Skip shell extension 'dsv' for command environment
[1.014s] DEBUG:colcon.colcon_core.event_handler.log_command:Invoking command in '/home/vishu/ros_hw_ws/build/serial': CMAKE_PREFIX_PATH=${CMAKE_PREFIX_PATH}:/opt/ros/humble /usr/bin/cmake --build /home/vishu/ros_hw_ws/build/serial -- -j8 -l8
[1.017s] DEBUG:colcon.colcon_core.event_handler.log_command:Invoking command in '/home/vishu/ros_hw_ws/build/fl_robot_py': CMAKE_PREFIX_PATH=${CMAKE_PREFIX_PATH}:/opt/ros/humble /usr/bin/cmake --build /home/vishu/ros_hw_ws/build/fl_robot_py -- -j8 -l8
[1.907s] DEBUG:colcon.colcon_core.event_handler.log_command:Invoked command in '/home/vishu/ros_hw_ws/build/fl_robot_py' returned '0': CMAKE_PREFIX_PATH=${CMAKE_PREFIX_PATH}:/opt/ros/humble /usr/bin/cmake --build /home/vishu/ros_hw_ws/build/fl_robot_py -- -j8 -l8
[1.928s] DEBUG:colcon.colcon_core.event_handler.log_command:Invoking command in '/home/vishu/ros_hw_ws/build/fl_robot_py': CMAKE_PREFIX_PATH=${CMAKE_PREFIX_PATH}:/opt/ros/humble /usr/bin/cmake --install /home/vishu/ros_hw_ws/build/fl_robot_py
[2.148s] Level 1:colcon.colcon_core.environment:create_environment_scripts_only(fl_robot_py)
[2.149s] DEBUG:colcon.colcon_core.event_handler.log_command:Invoked command in '/home/vishu/ros_hw_ws/build/fl_robot_py' returned '0': CMAKE_PREFIX_PATH=${CMAKE_PREFIX_PATH}:/opt/ros/humble /usr/bin/cmake --install /home/vishu/ros_hw_ws/build/fl_robot_py
[2.162s] Level 1:colcon.colcon_core.environment:checking '/home/vishu/ros_hw_ws/install/fl_robot_py' for CMake module files
[2.162s] Level 1:colcon.colcon_core.environment:checking '/home/vishu/ros_hw_ws/install/fl_robot_py' for CMake config files
[2.177s] Level 1:colcon.colcon_core.shell:create_environment_hook('fl_robot_py', 'cmake_prefix_path')
[2.188s] INFO:colcon.colcon_core.shell:Creating environment hook '/home/vishu/ros_hw_ws/install/fl_robot_py/share/fl_robot_py/hook/cmake_prefix_path.ps1'
[2.188s] INFO:colcon.colcon_core.shell:Creating environment descriptor '/home/vishu/ros_hw_ws/install/fl_robot_py/share/fl_robot_py/hook/cmake_prefix_path.dsv'
[2.189s] INFO:colcon.colcon_core.shell:Creating environment hook '/home/vishu/ros_hw_ws/install/fl_robot_py/share/fl_robot_py/hook/cmake_prefix_path.sh'
[2.189s] Level 1:colcon.colcon_core.environment:checking '/home/vishu/ros_hw_ws/install/fl_robot_py/bin'
[2.189s] Level 1:colcon.colcon_core.environment:checking '/home/vishu/ros_hw_ws/install/fl_robot_py/lib/pkgconfig/fl_robot_py.pc'
[2.190s] Level 1:colcon.colcon_core.environment:checking '/home/vishu/ros_hw_ws/install/fl_robot_py/lib/python3.10/site-packages'
[2.190s] Level 1:colcon.colcon_core.environment:checking '/home/vishu/ros_hw_ws/install/fl_robot_py/bin'
[2.200s] INFO:colcon.colcon_core.shell:Creating package script '/home/vishu/ros_hw_ws/install/fl_robot_py/share/fl_robot_py/package.ps1'
[2.200s] INFO:colcon.colcon_core.shell:Creating package descriptor '/home/vishu/ros_hw_ws/install/fl_robot_py/share/fl_robot_py/package.dsv'
[2.201s] INFO:colcon.colcon_core.shell:Creating package script '/home/vishu/ros_hw_ws/install/fl_robot_py/share/fl_robot_py/package.sh'
[2.201s] INFO:colcon.colcon_core.shell:Creating package script '/home/vishu/ros_hw_ws/install/fl_robot_py/share/fl_robot_py/package.bash'
[2.202s] INFO:colcon.colcon_core.shell:Creating package script '/home/vishu/ros_hw_ws/install/fl_robot_py/share/fl_robot_py/package.zsh'
[2.203s] Level 1:colcon.colcon_core.environment:create_file_with_runtime_dependencies(/home/vishu/ros_hw_ws/install/fl_robot_py/share/colcon-core/packages/fl_robot_py)
[2.227s] Level 1:colcon.colcon_core.environment:create_environment_scripts_only(fl_robot_py)
[2.237s] Level 1:colcon.colcon_core.environment:checking '/home/vishu/ros_hw_ws/install/fl_robot_py' for CMake module files
[2.238s] Level 1:colcon.colcon_core.environment:checking '/home/vishu/ros_hw_ws/install/fl_robot_py' for CMake config files
[2.253s] Level 1:colcon.colcon_core.shell:create_environment_hook('fl_robot_py', 'cmake_prefix_path')
[2.263s] INFO:colcon.colcon_core.shell:Creating environment hook '/home/vishu/ros_hw_ws/install/fl_robot_py/share/fl_robot_py/hook/cmake_prefix_path.ps1'
[2.264s] INFO:colcon.colcon_core.shell:Creating environment descriptor '/home/vishu/ros_hw_ws/install/fl_robot_py/share/fl_robot_py/hook/cmake_prefix_path.dsv'
[2.264s] INFO:colcon.colcon_core.shell:Creating environment hook '/home/vishu/ros_hw_ws/install/fl_robot_py/share/fl_robot_py/hook/cmake_prefix_path.sh'
[2.264s] Level 1:colcon.colcon_core.environment:checking '/home/vishu/ros_hw_ws/install/fl_robot_py/bin'
[2.265s] Level 1:colcon.colcon_core.environment:checking '/home/vishu/ros_hw_ws/install/fl_robot_py/lib/pkgconfig/fl_robot_py.pc'
[2.265s] Level 1:colcon.colcon_core.environment:checking '/home/vishu/ros_hw_ws/install/fl_robot_py/lib/python3.10/site-packages'
[2.265s] Level 1:colcon.colcon_core.environment:checking '/home/vishu/ros_hw_ws/install/fl_robot_py/bin'
[2.275s] INFO:colcon.colcon_core.shell:Creating package script '/home/vishu/ros_hw_ws/install/fl_robot_py/share/fl_robot_py/package.ps1'
[2.276s] INFO:colcon.colcon_core.shell:Creating package descriptor '/home/vishu/ros_hw_ws/install/fl_robot_py/share/fl_robot_py/package.dsv'
[2.276s] INFO:colcon.colcon_core.shell:Creating package script '/home/vishu/ros_hw_ws/install/fl_robot_py/share/fl_robot_py/package.sh'
[2.276s] INFO:colcon.colcon_core.shell:Creating package script '/home/vishu/ros_hw_ws/install/fl_robot_py/share/fl_robot_py/package.bash'
[2.276s] INFO:colcon.colcon_core.shell:Creating package script '/home/vishu/ros_hw_ws/install/fl_robot_py/share/fl_robot_py/package.zsh'
[2.277s] Level 1:colcon.colcon_core.environment:create_file_with_runtime_dependencies(/home/vishu/ros_hw_ws/install/fl_robot_py/share/colcon-core/packages/fl_robot_py)
[4.246s] DEBUG:colcon.colcon_core.event_handler.log_command:Invoked command in '/home/vishu/ros_hw_ws/build/serial' returned '0': CMAKE_PREFIX_PATH=${CMAKE_PREFIX_PATH}:/opt/ros/humble /usr/bin/cmake --build /home/vishu/ros_hw_ws/build/serial -- -j8 -l8
[4.269s] DEBUG:colcon.colcon_core.event_handler.log_command:Invoking command in '/home/vishu/ros_hw_ws/build/serial': CMAKE_PREFIX_PATH=${CMAKE_PREFIX_PATH}:/opt/ros/humble /usr/bin/cmake --install /home/vishu/ros_hw_ws/build/serial
[4.285s] Level 1:colcon.colcon_core.environment:create_environment_scripts_only(serial)
[4.285s] DEBUG:colcon.colcon_core.event_handler.log_command:Invoked command in '/home/vishu/ros_hw_ws/build/serial' returned '0': CMAKE_PREFIX_PATH=${CMAKE_PREFIX_PATH}:/opt/ros/humble /usr/bin/cmake --install /home/vishu/ros_hw_ws/build/serial
[4.295s] Level 1:colcon.colcon_core.environment:checking '/home/vishu/ros_hw_ws/install/serial' for CMake module files
[4.295s] Level 1:colcon.colcon_core.environment:checking '/home/vishu/ros_hw_ws/install/serial' for CMake config files
[4.295s] Level 1:colcon.colcon_core.shell:create_environment_hook('serial', 'cmake_prefix_path')
[4.304s] INFO:colcon.colcon_core.shell:Creating environment hook '/home/vishu/ros_hw_ws/install/serial/share/serial/hook/cmake_prefix_path.ps1'
[4.305s] INFO:colcon.colcon_core.shell:Creating environment descriptor '/home/vishu/ros_hw_ws/install/serial/share/serial/hook/cmake_prefix_path.dsv'
[4.305s] INFO:colcon.colcon_core.shell:Creating environment hook '/home/vishu/ros_hw_ws/install/serial/share/serial/hook/cmake_prefix_path.sh'
[4.305s] Level 1:colcon.colcon_core.environment:checking '/home/vishu/ros_hw_ws/install/serial/lib'
[4.305s] Level 1:colcon.colcon_core.environment:checking '/home/vishu/ros_hw_ws/install/serial/bin'
[4.305s] Level 1:colcon.colcon_core.environment:checking '/home/vishu/ros_hw_ws/install/serial/lib/pkgconfig/serial.pc'
[4.305s] Level 1:colcon.colcon_core.environment:checking '/home/vishu/ros_hw_ws/install/serial/lib/python3.10/site-packages'
[4.306s] Level 1:colcon.colcon_core.environment:checking '/home/vishu/ros_hw_ws/install/serial/bin'
[4.314s] INFO:colcon.colcon_core.shell:Creating package script '/home/vishu/ros_hw_ws/install/serial/share/serial/package.ps1'
[4.314s] INFO:colcon.colcon_core.shell:Creating package descriptor '/home/vishu/ros_hw_ws/install/serial/share/serial/package.dsv'
[4.315s] INFO:colcon.colcon_core.shell:Creating package script '/home/vishu/ros_hw_ws/install/serial/share/serial/package.sh'
[4.315s] INFO:colcon.colcon_core.shell:Creating package script '/home/vishu/ros_hw_ws/install/serial/share/serial/package.bash'
[4.315s] INFO:colcon.colcon_core.shell:Creating package script '/home/vishu/ros_hw_ws/install/serial/share/serial/package.zsh'
[4.315s] Level 1:colcon.colcon_core.environment:create_file_with_runtime_dependencies(/home/vishu/ros_hw_ws/install/serial/share/colcon-core/packages/serial)
[4.351s] Level 1:colcon.colcon_core.environment:create_environment_scripts_only(serial)
[4.360s] Level 1:colcon.colcon_core.environment:checking '/home/vishu/ros_hw_ws/install/serial' for CMake module files
[4.361s] Level 1:colcon.colcon_core.environment:checking '/home/vishu/ros_hw_ws/install/serial' for CMake config files
[4.361s] Level 1:colcon.colcon_core.shell:create_environment_hook('serial', 'cmake_prefix_path')
[4.370s] INFO:colcon.colcon_core.shell:Creating environment hook '/home/vishu/ros_hw_ws/install/serial/share/serial/hook/cmake_prefix_path.ps1'
[4.370s] INFO:colcon.colcon_core.shell:Creating environment descriptor '/home/vishu/ros_hw_ws/install/serial/share/serial/hook/cmake_prefix_path.dsv'
[4.370s] INFO:colcon.colcon_core.shell:Creating environment hook '/home/vishu/ros_hw_ws/install/serial/share/serial/hook/cmake_prefix_path.sh'
[4.370s] Level 1:colcon.colcon_core.environment:checking '/home/vishu/ros_hw_ws/install/serial/lib'
[4.371s] Level 1:colcon.colcon_core.environment:checking '/home/vishu/ros_hw_ws/install/serial/bin'
[4.371s] Level 1:colcon.colcon_core.environment:checking '/home/vishu/ros_hw_ws/install/serial/lib/pkgconfig/serial.pc'
[4.371s] Level 1:colcon.colcon_core.environment:checking '/home/vishu/ros_hw_ws/install/serial/lib/python3.10/site-packages'
[4.371s] Level 1:colcon.colcon_core.environment:checking '/home/vishu/ros_hw_ws/install/serial/bin'
[4.380s] INFO:colcon.colcon_core.shell:Creating package script '/home/vishu/ros_hw_ws/install/serial/share/serial/package.ps1'
[4.380s] INFO:colcon.colcon_core.shell:Creating package descriptor '/home/vishu/ros_hw_ws/install/serial/share/serial/package.dsv'
[4.380s] INFO:colcon.colcon_core.shell:Creating package script '/home/vishu/ros_hw_ws/install/serial/share/serial/package.sh'
[4.380s] INFO:colcon.colcon_core.shell:Creating package script '/home/vishu/ros_hw_ws/install/serial/share/serial/package.bash'
[4.380s] INFO:colcon.colcon_core.shell:Creating package script '/home/vishu/ros_hw_ws/install/serial/share/serial/package.zsh'
[4.381s] Level 1:colcon.colcon_core.environment:create_file_with_runtime_dependencies(/home/vishu/ros_hw_ws/install/serial/share/colcon-core/packages/serial)
[4.381s] INFO:colcon.colcon_ros.task.ament_cmake.build:Building ROS package in '/home/vishu/ros_hw_ws/src/diffdrive_arduino' with build type 'ament_cmake'
[4.381s] INFO:colcon.colcon_cmake.task.cmake.build:Building CMake package in '/home/vishu/ros_hw_ws/src/diffdrive_arduino'
[4.390s] INFO:colcon.colcon_core.shell:Skip shell extension 'powershell' for command environment: Not usable outside of PowerShell
[4.390s] DEBUG:colcon.colcon_core.shell:Skip shell extension 'dsv' for command environment
[4.424s] DEBUG:colcon.colcon_core.event_handler.log_command:Invoking command in '/home/vishu/ros_hw_ws/build/diffdrive_arduino': CMAKE_PREFIX_PATH=/home/vishu/ros_hw_ws/install/serial:/home/vishu/ros_hw_ws/install/diffdrive_arduino:/home/vishu/ros_hw_ws/install/fl_robot_py:/opt/ros/humble /usr/bin/cmake --build /home/vishu/ros_hw_ws/build/diffdrive_arduino -- -j8 -l8
[8.585s] DEBUG:colcon.colcon_core.event_handler.log_command:Invoked command in '/home/vishu/ros_hw_ws/build/diffdrive_arduino' returned '0': CMAKE_PREFIX_PATH=/home/vishu/ros_hw_ws/install/serial:/home/vishu/ros_hw_ws/install/diffdrive_arduino:/home/vishu/ros_hw_ws/install/fl_robot_py:/opt/ros/humble /usr/bin/cmake --build /home/vishu/ros_hw_ws/build/diffdrive_arduino -- -j8 -l8
[8.605s] DEBUG:colcon.colcon_core.event_handler.log_command:Invoking command in '/home/vishu/ros_hw_ws/build/diffdrive_arduino': CMAKE_PREFIX_PATH=/home/vishu/ros_hw_ws/install/serial:/home/vishu/ros_hw_ws/install/diffdrive_arduino:/home/vishu/ros_hw_ws/install/fl_robot_py:/opt/ros/humble /usr/bin/cmake --install /home/vishu/ros_hw_ws/build/diffdrive_arduino
[8.620s] Level 1:colcon.colcon_core.environment:create_environment_scripts_only(diffdrive_arduino)
[8.620s] DEBUG:colcon.colcon_core.event_handler.log_command:Invoked command in '/home/vishu/ros_hw_ws/build/diffdrive_arduino' returned '0': CMAKE_PREFIX_PATH=/home/vishu/ros_hw_ws/install/serial:/home/vishu/ros_hw_ws/install/diffdrive_arduino:/home/vishu/ros_hw_ws/install/fl_robot_py:/opt/ros/humble /usr/bin/cmake --install /home/vishu/ros_hw_ws/build/diffdrive_arduino
[8.630s] Level 1:colcon.colcon_core.environment:checking '/home/vishu/ros_hw_ws/install/diffdrive_arduino' for CMake module files
[8.630s] Level 1:colcon.colcon_core.environment:checking '/home/vishu/ros_hw_ws/install/diffdrive_arduino' for CMake config files
[8.630s] Level 1:colcon.colcon_core.shell:create_environment_hook('diffdrive_arduino', 'cmake_prefix_path')
[8.639s] INFO:colcon.colcon_core.shell:Creating environment hook '/home/vishu/ros_hw_ws/install/diffdrive_arduino/share/diffdrive_arduino/hook/cmake_prefix_path.ps1'
[8.639s] INFO:colcon.colcon_core.shell:Creating environment descriptor '/home/vishu/ros_hw_ws/install/diffdrive_arduino/share/diffdrive_arduino/hook/cmake_prefix_path.dsv'
[8.639s] INFO:colcon.colcon_core.shell:Creating environment hook '/home/vishu/ros_hw_ws/install/diffdrive_arduino/share/diffdrive_arduino/hook/cmake_prefix_path.sh'
[8.640s] Level 1:colcon.colcon_core.environment:checking '/home/vishu/ros_hw_ws/install/diffdrive_arduino/lib'
[8.640s] Level 1:colcon.colcon_core.shell:create_environment_hook('diffdrive_arduino', 'ld_library_path_lib')
[8.648s] INFO:colcon.colcon_core.shell:Creating environment hook '/home/vishu/ros_hw_ws/install/diffdrive_arduino/share/diffdrive_arduino/hook/ld_library_path_lib.ps1'
[8.648s] INFO:colcon.colcon_core.shell:Creating environment descriptor '/home/vishu/ros_hw_ws/install/diffdrive_arduino/share/diffdrive_arduino/hook/ld_library_path_lib.dsv'
[8.649s] INFO:colcon.colcon_core.shell:Creating environment hook '/home/vishu/ros_hw_ws/install/diffdrive_arduino/share/diffdrive_arduino/hook/ld_library_path_lib.sh'
[8.649s] Level 1:colcon.colcon_core.environment:checking '/home/vishu/ros_hw_ws/install/diffdrive_arduino/bin'
[8.649s] Level 1:colcon.colcon_core.environment:checking '/home/vishu/ros_hw_ws/install/diffdrive_arduino/lib/pkgconfig/diffdrive_arduino.pc'
[8.649s] Level 1:colcon.colcon_core.environment:checking '/home/vishu/ros_hw_ws/install/diffdrive_arduino/lib/python3.10/site-packages'
[8.649s] Level 1:colcon.colcon_core.environment:checking '/home/vishu/ros_hw_ws/install/diffdrive_arduino/bin'
[8.658s] INFO:colcon.colcon_core.shell:Creating package script '/home/vishu/ros_hw_ws/install/diffdrive_arduino/share/diffdrive_arduino/package.ps1'
[8.658s] INFO:colcon.colcon_core.shell:Creating package descriptor '/home/vishu/ros_hw_ws/install/diffdrive_arduino/share/diffdrive_arduino/package.dsv'
[8.659s] INFO:colcon.colcon_core.shell:Creating package script '/home/vishu/ros_hw_ws/install/diffdrive_arduino/share/diffdrive_arduino/package.sh'
[8.659s] INFO:colcon.colcon_core.shell:Creating package script '/home/vishu/ros_hw_ws/install/diffdrive_arduino/share/diffdrive_arduino/package.bash'
[8.659s] INFO:colcon.colcon_core.shell:Creating package script '/home/vishu/ros_hw_ws/install/diffdrive_arduino/share/diffdrive_arduino/package.zsh'
[8.659s] Level 1:colcon.colcon_core.environment:create_file_with_runtime_dependencies(/home/vishu/ros_hw_ws/install/diffdrive_arduino/share/colcon-core/packages/diffdrive_arduino)
[8.689s] Level 1:colcon.colcon_core.environment:create_environment_scripts_only(diffdrive_arduino)
[8.698s] Level 1:colcon.colcon_core.environment:checking '/home/vishu/ros_hw_ws/install/diffdrive_arduino' for CMake module files
[8.699s] Level 1:colcon.colcon_core.environment:checking '/home/vishu/ros_hw_ws/install/diffdrive_arduino' for CMake config files
[8.699s] Level 1:colcon.colcon_core.shell:create_environment_hook('diffdrive_arduino', 'cmake_prefix_path')
[8.708s] INFO:colcon.colcon_core.shell:Creating environment hook '/home/vishu/ros_hw_ws/install/diffdrive_arduino/share/diffdrive_arduino/hook/cmake_prefix_path.ps1'
[8.708s] INFO:colcon.colcon_core.shell:Creating environment descriptor '/home/vishu/ros_hw_ws/install/diffdrive_arduino/share/diffdrive_arduino/hook/cmake_prefix_path.dsv'
[8.708s] INFO:colcon.colcon_core.shell:Creating environment hook '/home/vishu/ros_hw_ws/install/diffdrive_arduino/share/diffdrive_arduino/hook/cmake_prefix_path.sh'
[8.709s] Level 1:colcon.colcon_core.environment:checking '/home/vishu/ros_hw_ws/install/diffdrive_arduino/lib'
[8.709s] Level 1:colcon.colcon_core.shell:create_environment_hook('diffdrive_arduino', 'ld_library_path_lib')
[8.718s] INFO:colcon.colcon_core.shell:Creating environment hook '/home/vishu/ros_hw_ws/install/diffdrive_arduino/share/diffdrive_arduino/hook/ld_library_path_lib.ps1'
[8.718s] INFO:colcon.colcon_core.shell:Creating environment descriptor '/home/vishu/ros_hw_ws/install/diffdrive_arduino/share/diffdrive_arduino/hook/ld_library_path_lib.dsv'
[8.718s] INFO:colcon.colcon_core.shell:Creating environment hook '/home/vishu/ros_hw_ws/install/diffdrive_arduino/share/diffdrive_arduino/hook/ld_library_path_lib.sh'
[8.718s] Level 1:colcon.colcon_core.environment:checking '/home/vishu/ros_hw_ws/install/diffdrive_arduino/bin'
[8.718s] Level 1:colcon.colcon_core.environment:checking '/home/vishu/ros_hw_ws/install/diffdrive_arduino/lib/pkgconfig/diffdrive_arduino.pc'
[8.719s] Level 1:colcon.colcon_core.environment:checking '/home/vishu/ros_hw_ws/install/diffdrive_arduino/lib/python3.10/site-packages'
[8.719s] Level 1:colcon.colcon_core.environment:checking '/home/vishu/ros_hw_ws/install/diffdrive_arduino/bin'
[8.727s] INFO:colcon.colcon_core.shell:Creating package script '/home/vishu/ros_hw_ws/install/diffdrive_arduino/share/diffdrive_arduino/package.ps1'
[8.728s] INFO:colcon.colcon_core.shell:Creating package descriptor '/home/vishu/ros_hw_ws/install/diffdrive_arduino/share/diffdrive_arduino/package.dsv'
[8.728s] INFO:colcon.colcon_core.shell:Creating package script '/home/vishu/ros_hw_ws/install/diffdrive_arduino/share/diffdrive_arduino/package.sh'
[8.728s] INFO:colcon.colcon_core.shell:Creating package script '/home/vishu/ros_hw_ws/install/diffdrive_arduino/share/diffdrive_arduino/package.bash'
[8.728s] INFO:colcon.colcon_core.shell:Creating package script '/home/vishu/ros_hw_ws/install/diffdrive_arduino/share/diffdrive_arduino/package.zsh'
[8.729s] Level 1:colcon.colcon_core.environment:create_file_with_runtime_dependencies(/home/vishu/ros_hw_ws/install/diffdrive_arduino/share/colcon-core/packages/diffdrive_arduino)
[8.729s] DEBUG:colcon.colcon_parallel_executor.executor.parallel:closing loop
[8.729s] DEBUG:colcon.colcon_parallel_executor.executor.parallel:loop closed
[8.729s] DEBUG:colcon.colcon_parallel_executor.executor.parallel:run_until_complete finished with '0'
[8.729s] DEBUG:colcon.colcon_core.event_reactor:joining thread
[8.743s] INFO:colcon.colcon_core.plugin_system:Skipping extension 'colcon_notification.desktop_notification.terminal_notifier': Not used on non-Darwin systems
[8.743s] INFO:colcon.colcon_core.plugin_system:Skipping extension 'colcon_notification.desktop_notification.win32': Not used on non-Windows systems
[8.743s] INFO:colcon.colcon_notification.desktop_notification:Sending desktop notification using 'notify2'
[8.755s] DEBUG:colcon.colcon_core.event_reactor:joined thread
[8.765s] INFO:colcon.colcon_core.shell:Creating prefix script '/home/vishu/ros_hw_ws/install/local_setup.ps1'
[8.766s] INFO:colcon.colcon_core.shell:Creating prefix util module '/home/vishu/ros_hw_ws/install/_local_setup_util_ps1.py'
[8.767s] INFO:colcon.colcon_core.shell:Creating prefix chain script '/home/vishu/ros_hw_ws/install/setup.ps1'
[8.777s] INFO:colcon.colcon_core.shell:Creating prefix script '/home/vishu/ros_hw_ws/install/local_setup.sh'
[8.777s] INFO:colcon.colcon_core.shell:Creating prefix util module '/home/vishu/ros_hw_ws/install/_local_setup_util_sh.py'
[8.778s] INFO:colcon.colcon_core.shell:Creating prefix chain script '/home/vishu/ros_hw_ws/install/setup.sh'
[8.787s] INFO:colcon.colcon_core.shell:Creating prefix script '/home/vishu/ros_hw_ws/install/local_setup.bash'
[8.788s] INFO:colcon.colcon_core.shell:Creating prefix chain script '/home/vishu/ros_hw_ws/install/setup.bash'
[8.797s] INFO:colcon.colcon_core.shell:Creating prefix script '/home/vishu/ros_hw_ws/install/local_setup.zsh'
[8.798s] INFO:colcon.colcon_core.shell:Creating prefix chain script '/home/vishu/ros_hw_ws/install/setup.zsh'
