[35m[1mConsolidate compiler generated dependencies of target diffdrive_pi_arduino[0m
[ 42%] Built target fake_robot
[ 57%] [32mBuilding CXX object CMakeFiles/diffdrive_pi_arduino.dir/src/arduino_pi_comms.cpp.o[0m
In file included from [01m[K/opt/ros/humble/include/rclcpp/rclcpp/logging.hpp:24[m[K,
                 from [01m[K/opt/ros/humble/include/rclcpp/rclcpp/client.hpp:40[m[K,
                 from [01m[K/opt/ros/humble/include/rclcpp/rclcpp/callback_group.hpp:24[m[K,
                 from [01m[K/opt/ros/humble/include/rclcpp/rclcpp/any_executable.hpp:20[m[K,
                 from [01m[K/opt/ros/humble/include/rclcpp/rclcpp/memory_strategy.hpp:25[m[K,
                 from [01m[K/opt/ros/humble/include/rclcpp/rclcpp/memory_strategies.hpp:18[m[K,
                 from [01m[K/opt/ros/humble/include/rclcpp/rclcpp/executor_options.hpp:20[m[K,
                 from [01m[K/opt/ros/humble/include/rclcpp/rclcpp/executor.hpp:37[m[K,
                 from [01m[K/opt/ros/humble/include/rclcpp/rclcpp/executors/multi_threaded_executor.hpp:25[m[K,
                 from [01m[K/opt/ros/humble/include/rclcpp/rclcpp/executors.hpp:21[m[K,
                 from [01m[K/opt/ros/humble/include/rclcpp/rclcpp/rclcpp.hpp:155[m[K,
                 from [01m[K/home/vishu/ros_hw_ws/src/diffdrive_pi_arduino/include/diffdrive_pi_arduino/arduino_pi_comms.h:8[m[K,
                 from [01m[K/home/vishu/ros_hw_ws/src/diffdrive_pi_arduino/src/arduino_pi_comms.cpp:1[m[K:
[01m[K/home/vishu/ros_hw_ws/src/diffdrive_pi_arduino/src/arduino_pi_comms.cpp:[m[K In member function ‘[01m[Kbool ArduinoComms::waitForPi()[m[K’:
[01m[K/home/vishu/ros_hw_ws/src/diffdrive_pi_arduino/src/arduino_pi_comms.cpp:49:34:[m[K [01;35m[Kwarning: [m[Kformat not a string literal and no format arguments [[01;35m[K]8;;https://gcc.gnu.org/onlinedocs/gcc/Warning-Options.html#index-Wformat-security-Wformat-security]8;;[m[K]
   49 |             RCLCPP_INFO(logger_, [01;35m[Kserver_reply[m[K);
      |                                  [01;35m[K^~~~~~~~~~~~[m[K
[ 71%] [32m[1mLinking CXX shared library libdiffdrive_pi_arduino.so[0m
[100%] Built target diffdrive_pi_arduino
-- Install configuration: ""
-- Execute custom install script
-- Up-to-date symlink: /home/vishu/ros_hw_ws/install/diffdrive_pi_arduino/share/diffdrive_pi_arduino//robot_hardware.xml
-- Up-to-date symlink: /home/vishu/ros_hw_ws/install/diffdrive_pi_arduino/share/diffdrive_pi_arduino//fake_robot_hardware.xml
-- Up-to-date symlink: /home/vishu/ros_hw_ws/install/diffdrive_pi_arduino/lib/libdiffdrive_pi_arduino.so
-- Up-to-date symlink: /home/vishu/ros_hw_ws/install/diffdrive_pi_arduino/lib/libfake_robot.so
-- Up-to-date symlink: /home/vishu/ros_hw_ws/install/diffdrive_pi_arduino/share/diffdrive_pi_arduino/controllers/robot_controller_example.yaml
-- Up-to-date symlink: /home/vishu/ros_hw_ws/install/diffdrive_pi_arduino/share/diffdrive_pi_arduino/fake_robot.launch.py
-- Up-to-date symlink: /home/vishu/ros_hw_ws/install/diffdrive_pi_arduino/share/diffdrive_pi_arduino/test_robot.launch.py
-- Up-to-date symlink: /home/vishu/ros_hw_ws/install/diffdrive_pi_arduino/share/diffdrive_pi_arduino/environment/library_path.sh
-- Up-to-date symlink: /home/vishu/ros_hw_ws/install/diffdrive_pi_arduino/share/diffdrive_pi_arduino/environment/library_path.dsv
-- Up-to-date symlink: /home/vishu/ros_hw_ws/install/diffdrive_pi_arduino/share/ament_index/resource_index/package_run_dependencies/diffdrive_pi_arduino
-- Up-to-date symlink: /home/vishu/ros_hw_ws/install/diffdrive_pi_arduino/share/ament_index/resource_index/parent_prefix_path/diffdrive_pi_arduino
-- Up-to-date symlink: /home/vishu/ros_hw_ws/install/diffdrive_pi_arduino/share/diffdrive_pi_arduino/environment/ament_prefix_path.sh
-- Up-to-date symlink: /home/vishu/ros_hw_ws/install/diffdrive_pi_arduino/share/diffdrive_pi_arduino/environment/ament_prefix_path.dsv
-- Up-to-date symlink: /home/vishu/ros_hw_ws/install/diffdrive_pi_arduino/share/diffdrive_pi_arduino/environment/path.sh
-- Up-to-date symlink: /home/vishu/ros_hw_ws/install/diffdrive_pi_arduino/share/diffdrive_pi_arduino/environment/path.dsv
-- Up-to-date symlink: /home/vishu/ros_hw_ws/install/diffdrive_pi_arduino/share/diffdrive_pi_arduino/local_setup.bash
-- Up-to-date symlink: /home/vishu/ros_hw_ws/install/diffdrive_pi_arduino/share/diffdrive_pi_arduino/local_setup.sh
-- Up-to-date symlink: /home/vishu/ros_hw_ws/install/diffdrive_pi_arduino/share/diffdrive_pi_arduino/local_setup.zsh
-- Up-to-date symlink: /home/vishu/ros_hw_ws/install/diffdrive_pi_arduino/share/diffdrive_pi_arduino/local_setup.dsv
-- Symlinking: /home/vishu/ros_hw_ws/install/diffdrive_pi_arduino/share/diffdrive_pi_arduino/package.dsv
-- Up-to-date symlink: /home/vishu/ros_hw_ws/install/diffdrive_pi_arduino/share/ament_index/resource_index/packages/diffdrive_pi_arduino
-- Up-to-date symlink: /home/vishu/ros_hw_ws/install/diffdrive_pi_arduino/share/ament_index/resource_index/hardware_interface__pluginlib__plugin/diffdrive_pi_arduino
-- Up-to-date symlink: /home/vishu/ros_hw_ws/install/diffdrive_pi_arduino/share/diffdrive_pi_arduino/cmake/ament_cmake_export_libraries-extras.cmake
-- Up-to-date symlink: /home/vishu/ros_hw_ws/install/diffdrive_pi_arduino/share/diffdrive_pi_arduino/cmake/ament_cmake_export_dependencies-extras.cmake
-- Up-to-date symlink: /home/vishu/ros_hw_ws/install/diffdrive_pi_arduino/share/diffdrive_pi_arduino/cmake/diffdrive_pi_arduinoConfig.cmake
-- Up-to-date symlink: /home/vishu/ros_hw_ws/install/diffdrive_pi_arduino/share/diffdrive_pi_arduino/cmake/diffdrive_pi_arduinoConfig-version.cmake
-- Up-to-date symlink: /home/vishu/ros_hw_ws/install/diffdrive_pi_arduino/share/diffdrive_pi_arduino/package.xml
