[35m[1mConsolidate compiler generated dependencies of target diffdrive_pi_arduino[0m
[ 14%] [32mBuilding CXX object CMakeFiles/fake_robot.dir/src/fake_robot.cpp.o[0m
[ 28%] [32mBuilding CXX object CMakeFiles/fake_robot.dir/src/wheel.cpp.o[0m
[01m[K/home/vishu/ros_hw_ws/src/diffdrive_pi_arduino/src/fake_robot.cpp:1:10:[m[K [01;31m[Kfatal error: [m[Kdiffdrive_arduino/fake_robot.h: No such file or directory
    1 | #include [01;31m[K"diffdrive_arduino/fake_robot.h"[m[K
      |          [01;31m[K^~~~~~~~~~~~~~~~~~~~~~~~~~~~~~~~[m[K
compilation terminated.
gmake[2]: *** [CMakeFiles/fake_robot.dir/build.make:76: CMakeFiles/fake_robot.dir/src/fake_robot.cpp.o] Error 1
gmake[2]: *** Waiting for unfinished jobs....
[01m[K/home/vishu/ros_hw_ws/src/diffdrive_pi_arduino/src/wheel.cpp:1:10:[m[K [01;31m[Kfatal error: [m[Kdiffdrive_arduino/wheel.h: No such file or directory
    1 | #include [01;31m[K"diffdrive_arduino/wheel.h"[m[K
      |          [01;31m[K^~~~~~~~~~~~~~~~~~~~~~~~~~~[m[K
compilation terminated.
gmake[2]: *** [CMakeFiles/fake_robot.dir/build.make:90: CMakeFiles/fake_robot.dir/src/wheel.cpp.o] Error 1
gmake[1]: *** [CMakeFiles/Makefile2:165: CMakeFiles/fake_robot.dir/all] Error 2
gmake[1]: *** Waiting for unfinished jobs....
[ 42%] [32mBuilding CXX object CMakeFiles/diffdrive_pi_arduino.dir/src/diffdrive_pi_arduino.cpp.o[0m
[ 57%] [32mBuilding CXX object CMakeFiles/diffdrive_pi_arduino.dir/src/wheel.cpp.o[0m
[ 71%] [32mBuilding CXX object CMakeFiles/diffdrive_pi_arduino.dir/src/arduino_comms.cpp.o[0m
[01m[Kcc1plus:[m[K [01;31m[Kfatal error: [m[K/home/vishu/ros_hw_ws/src/diffdrive_pi_arduino/src/arduino_comms.cpp: No such file or directory
compilation terminated.
gmake[2]: *** [CMakeFiles/diffdrive_pi_arduino.dir/build.make:104: CMakeFiles/diffdrive_pi_arduino.dir/src/arduino_comms.cpp.o] Error 1
gmake[2]: *** Waiting for unfinished jobs....
[01m[K/home/vishu/ros_hw_ws/src/diffdrive_pi_arduino/src/wheel.cpp:1:10:[m[K [01;31m[Kfatal error: [m[Kdiffdrive_arduino/wheel.h: No such file or directory
    1 | #include [01;31m[K"diffdrive_arduino/wheel.h"[m[K
      |          [01;31m[K^~~~~~~~~~~~~~~~~~~~~~~~~~~[m[K
compilation terminated.
gmake[2]: *** [CMakeFiles/diffdrive_pi_arduino.dir/build.make:90: CMakeFiles/diffdrive_pi_arduino.dir/src/wheel.cpp.o] Error 1
In file included from [01m[K/home/vishu/ros_hw_ws/src/diffdrive_pi_arduino/src/diffdrive_pi_arduino.cpp:1[m[K:
[01m[K/home/vishu/ros_hw_ws/src/diffdrive_pi_arduino/include/diffdrive_pi_arduino/diffdrive_pi_arduino.h:15:10:[m[K [01;31m[Kfatal error: [m[Karduino_comms.h: No such file or directory
   15 | #include [01;31m[K"arduino_comms.h"[m[K
      |          [01;31m[K^~~~~~~~~~~~~~~~~[m[K
compilation terminated.
gmake[2]: *** [CMakeFiles/diffdrive_pi_arduino.dir/build.make:76: CMakeFiles/diffdrive_pi_arduino.dir/src/diffdrive_pi_arduino.cpp.o] Error 1
gmake[1]: *** [CMakeFiles/Makefile2:139: CMakeFiles/diffdrive_pi_arduino.dir/all] Error 2
gmake: *** [Makefile:146: all] Error 2
