[0.044s] Invoking command in '/home/vishu/ros_hw_ws/build/diffdrive_pi_arduino': CMAKE_PREFIX_PATH=/home/vishu/ros_hw_ws/install/serial:/home/vishu/ros_hw_ws/install/diffdrive_arduino:/home/vishu/ros_hw_ws/install/fl_robot_py:/home/vishu/ros_hw_ws/install/convert_cmd_vel:/opt/ros/humble /usr/bin/cmake --build /home/vishu/ros_hw_ws/build/diffdrive_pi_arduino -- -j8 -l8
[0.076s] [35m[1mConsolidate compiler generated dependencies of target diffdrive_pi_arduino[0m
[0.080s] [ 14%] [32mBuilding CXX object CMakeFiles/fake_robot.dir/src/fake_robot.cpp.o[0m
[0.082s] [ 28%] [32mBuilding CXX object CMakeFiles/fake_robot.dir/src/wheel.cpp.o[0m
[0.086s] [01m[K/home/vishu/ros_hw_ws/src/diffdrive_pi_arduino/src/fake_robot.cpp:1:10:[m[K [01;31m[Kfatal error: [m[Kdiffdrive_arduino/fake_robot.h: No such file or directory
[0.086s]     1 | #include [01;31m[K"diffdrive_arduino/fake_robot.h"[m[K
[0.086s]       |          [01;31m[K^~~~~~~~~~~~~~~~~~~~~~~~~~~~~~~~[m[K
[0.086s] compilation terminated.
[0.086s] gmake[2]: *** [CMakeFiles/fake_robot.dir/build.make:76: CMakeFiles/fake_robot.dir/src/fake_robot.cpp.o] Error 1
[0.086s] gmake[2]: *** Waiting for unfinished jobs....
[0.088s] [01m[K/home/vishu/ros_hw_ws/src/diffdrive_pi_arduino/src/wheel.cpp:1:10:[m[K [01;31m[Kfatal error: [m[Kdiffdrive_arduino/wheel.h: No such file or directory
[0.088s]     1 | #include [01;31m[K"diffdrive_arduino/wheel.h"[m[K
[0.088s]       |          [01;31m[K^~~~~~~~~~~~~~~~~~~~~~~~~~~[m[K
[0.088s] compilation terminated.
[0.088s] gmake[2]: *** [CMakeFiles/fake_robot.dir/build.make:90: CMakeFiles/fake_robot.dir/src/wheel.cpp.o] Error 1
[0.088s] gmake[1]: *** [CMakeFiles/Makefile2:165: CMakeFiles/fake_robot.dir/all] Error 2
[0.088s] gmake[1]: *** Waiting for unfinished jobs....
[0.092s] [ 42%] [32mBuilding CXX object CMakeFiles/diffdrive_pi_arduino.dir/src/diffdrive_pi_arduino.cpp.o[0m
[0.092s] [ 57%] [32mBuilding CXX object CMakeFiles/diffdrive_pi_arduino.dir/src/wheel.cpp.o[0m
[0.093s] [ 71%] [32mBuilding CXX object CMakeFiles/diffdrive_pi_arduino.dir/src/arduino_comms.cpp.o[0m
[0.096s] [01m[Kcc1plus:[m[K [01;31m[Kfatal error: [m[K/home/vishu/ros_hw_ws/src/diffdrive_pi_arduino/src/arduino_comms.cpp: No such file or directory
[0.096s] compilation terminated.
[0.096s] gmake[2]: *** [CMakeFiles/diffdrive_pi_arduino.dir/build.make:104: CMakeFiles/diffdrive_pi_arduino.dir/src/arduino_comms.cpp.o] Error 1
[0.096s] gmake[2]: *** Waiting for unfinished jobs....
[0.098s] [01m[K/home/vishu/ros_hw_ws/src/diffdrive_pi_arduino/src/wheel.cpp:1:10:[m[K [01;31m[Kfatal error: [m[Kdiffdrive_arduino/wheel.h: No such file or directory
[0.098s]     1 | #include [01;31m[K"diffdrive_arduino/wheel.h"[m[K
[0.098s]       |          [01;31m[K^~~~~~~~~~~~~~~~~~~~~~~~~~~[m[K
[0.098s] compilation terminated.
[0.098s] gmake[2]: *** [CMakeFiles/diffdrive_pi_arduino.dir/build.make:90: CMakeFiles/diffdrive_pi_arduino.dir/src/wheel.cpp.o] Error 1
[0.223s] In file included from [01m[K/home/vishu/ros_hw_ws/src/diffdrive_pi_arduino/src/diffdrive_pi_arduino.cpp:1[m[K:
[0.223s] [01m[K/home/vishu/ros_hw_ws/src/diffdrive_pi_arduino/include/diffdrive_pi_arduino/diffdrive_pi_arduino.h:15:10:[m[K [01;31m[Kfatal error: [m[Karduino_comms.h: No such file or directory
[0.223s]    15 | #include [01;31m[K"arduino_comms.h"[m[K
[0.223s]       |          [01;31m[K^~~~~~~~~~~~~~~~~[m[K
[0.223s] compilation terminated.
[0.226s] gmake[2]: *** [CMakeFiles/diffdrive_pi_arduino.dir/build.make:76: CMakeFiles/diffdrive_pi_arduino.dir/src/diffdrive_pi_arduino.cpp.o] Error 1
[0.226s] gmake[1]: *** [CMakeFiles/Makefile2:139: CMakeFiles/diffdrive_pi_arduino.dir/all] Error 2
[0.227s] gmake: *** [Makefile:146: all] Error 2
[0.229s] Invoked command in '/home/vishu/ros_hw_ws/build/diffdrive_pi_arduino' returned '2': CMAKE_PREFIX_PATH=/home/vishu/ros_hw_ws/install/serial:/home/vishu/ros_hw_ws/install/diffdrive_arduino:/home/vishu/ros_hw_ws/install/fl_robot_py:/home/vishu/ros_hw_ws/install/convert_cmd_vel:/opt/ros/humble /usr/bin/cmake --build /home/vishu/ros_hw_ws/build/diffdrive_pi_arduino -- -j8 -l8
