[0.042s] Invoking command in '/home/vishu/ros_hw_ws/build/real_robot01': CMAKE_PREFIX_PATH=${CMAKE_PREFIX_PATH}:/home/vishu/ros_hw_ws/install/convert_cmd_vel:/opt/ros/humble /usr/bin/cmake --build /home/vishu/ros_hw_ws/build/real_robot01 -- -j8 -l8
[0.067s] Invoked command in '/home/vishu/ros_hw_ws/build/real_robot01' returned '0': CMAKE_PREFIX_PATH=${CMAKE_PREFIX_PATH}:/home/vishu/ros_hw_ws/install/convert_cmd_vel:/opt/ros/humble /usr/bin/cmake --build /home/vishu/ros_hw_ws/build/real_robot01 -- -j8 -l8
[0.095s] Invoking command in '/home/vishu/ros_hw_ws/build/real_robot01': CMAKE_PREFIX_PATH=${CMAKE_PREFIX_PATH}:/home/vishu/ros_hw_ws/install/convert_cmd_vel:/opt/ros/humble /usr/bin/cmake --install /home/vishu/ros_hw_ws/build/real_robot01
[0.103s] -- Install configuration: ""
[0.104s] -- Execute custom install script
[0.104s] -- Up-to-date symlink: /home/vishu/ros_hw_ws/install/real_robot01/share/real_robot01//launch/launch_robot01.launch.py
[0.104s] -- Up-to-date symlink: /home/vishu/ros_hw_ws/install/real_robot01/share/real_robot01//launch/rsp_no_pub.launch.py
[0.105s] -- Symlinking: /home/vishu/ros_hw_ws/install/real_robot01/share/real_robot01//urdf/camera20230324.xacro
[0.112s] -- Up-to-date symlink: /home/vishu/ros_hw_ws/install/real_robot01/share/real_robot01//urdf/robot.urdf.xacro
[0.112s] -- Up-to-date symlink: /home/vishu/ros_hw_ws/install/real_robot01/share/real_robot01//urdf/robot_core.xacro
[0.112s] -- Up-to-date symlink: /home/vishu/ros_hw_ws/install/real_robot01/share/real_robot01//urdf/ros2_control.xacro
[0.113s] -- Up-to-date symlink: /home/vishu/ros_hw_ws/install/real_robot01/share/real_robot01//config/ekf.yaml
[0.113s] -- Up-to-date symlink: /home/vishu/ros_hw_ws/install/real_robot01/share/real_robot01//maps/F19.pgm
[0.114s] -- Up-to-date symlink: /home/vishu/ros_hw_ws/install/real_robot01/share/real_robot01//maps/f19.yaml
[0.114s] -- Up-to-date symlink: /home/vishu/ros_hw_ws/install/real_robot01/share/ament_index/resource_index/package_run_dependencies/real_robot01
[0.114s] -- Up-to-date symlink: /home/vishu/ros_hw_ws/install/real_robot01/share/ament_index/resource_index/parent_prefix_path/real_robot01
[0.114s] -- Up-to-date symlink: /home/vishu/ros_hw_ws/install/real_robot01/share/real_robot01/environment/ament_prefix_path.sh
[0.115s] -- Up-to-date symlink: /home/vishu/ros_hw_ws/install/real_robot01/share/real_robot01/environment/ament_prefix_path.dsv
[0.115s] -- Up-to-date symlink: /home/vishu/ros_hw_ws/install/real_robot01/share/real_robot01/environment/path.sh
[0.115s] -- Up-to-date symlink: /home/vishu/ros_hw_ws/install/real_robot01/share/real_robot01/environment/path.dsv
[0.115s] -- Up-to-date symlink: /home/vishu/ros_hw_ws/install/real_robot01/share/real_robot01/local_setup.bash
[0.115s] -- Up-to-date symlink: /home/vishu/ros_hw_ws/install/real_robot01/share/real_robot01/local_setup.sh
[0.116s] -- Up-to-date symlink: /home/vishu/ros_hw_ws/install/real_robot01/share/real_robot01/local_setup.zsh
[0.116s] -- Up-to-date symlink: /home/vishu/ros_hw_ws/install/real_robot01/share/real_robot01/local_setup.dsv
[0.116s] -- Symlinking: /home/vishu/ros_hw_ws/install/real_robot01/share/real_robot01/package.dsv
[0.123s] -- Up-to-date symlink: /home/vishu/ros_hw_ws/install/real_robot01/share/ament_index/resource_index/packages/real_robot01
[0.123s] -- Up-to-date symlink: /home/vishu/ros_hw_ws/install/real_robot01/share/real_robot01/cmake/real_robot01Config.cmake
[0.123s] -- Up-to-date symlink: /home/vishu/ros_hw_ws/install/real_robot01/share/real_robot01/cmake/real_robot01Config-version.cmake
[0.123s] -- Up-to-date symlink: /home/vishu/ros_hw_ws/install/real_robot01/share/real_robot01/package.xml
[0.125s] Invoked command in '/home/vishu/ros_hw_ws/build/real_robot01' returned '0': CMAKE_PREFIX_PATH=${CMAKE_PREFIX_PATH}:/home/vishu/ros_hw_ws/install/convert_cmd_vel:/opt/ros/humble /usr/bin/cmake --install /home/vishu/ros_hw_ws/build/real_robot01
